Using pre-set license
Built from '2021.3/staging' branch; Version is '2021.3.23f1 (213b516bf396) revision 2177873'; Using compiler version '192829333'; Build Type 'Release'
OS: 'Windows 10  (10.0.19045) 64bit Education' Language: 'ko' Physical Memory: 31887 MB
BatchMode: 1, IsHumanControllingUs: 0, StartBugReporterOnCrash: 0, Is64bit: 1, IsPro: 1

COMMAND LINE ARGUMENTS:
C:\Program Files\Unity\Hub\Editor\2021.3.23f1\Editor\Unity.exe
-adb2
-batchMode
-noUpm
-name
AssetImportWorker3
-projectPath
C:/GitHub/DK_GP/stylised-character-controller
-logFile
Logs/AssetImportWorker3.log
-srvPort
62247
Successfully changed project path to: C:/GitHub/DK_GP/stylised-character-controller
C:/GitHub/DK_GP/stylised-character-controller
[UnityMemory] Configuration Parameters - Can be set up in boot.config
    "memorysetup-bucket-allocator-granularity=16"
    "memorysetup-bucket-allocator-bucket-count=8"
    "memorysetup-bucket-allocator-block-size=33554432"
    "memorysetup-bucket-allocator-block-count=8"
    "memorysetup-main-allocator-block-size=16777216"
    "memorysetup-thread-allocator-block-size=16777216"
    "memorysetup-gfx-main-allocator-block-size=16777216"
    "memorysetup-gfx-thread-allocator-block-size=16777216"
    "memorysetup-cache-allocator-block-size=4194304"
    "memorysetup-typetree-allocator-block-size=2097152"
    "memorysetup-profiler-bucket-allocator-granularity=16"
    "memorysetup-profiler-bucket-allocator-bucket-count=8"
    "memorysetup-profiler-bucket-allocator-block-size=33554432"
    "memorysetup-profiler-bucket-allocator-block-count=8"
    "memorysetup-profiler-allocator-block-size=16777216"
    "memorysetup-profiler-editor-allocator-block-size=1048576"
    "memorysetup-temp-allocator-size-main=16777216"
    "memorysetup-job-temp-allocator-block-size=2097152"
    "memorysetup-job-temp-allocator-block-size-background=1048576"
    "memorysetup-job-temp-allocator-reduction-small-platforms=262144"
    "memorysetup-temp-allocator-size-background-worker=32768"
    "memorysetup-temp-allocator-size-job-worker=262144"
    "memorysetup-temp-allocator-size-preload-manager=33554432"
    "memorysetup-temp-allocator-size-nav-mesh-worker=65536"
    "memorysetup-temp-allocator-size-audio-worker=65536"
    "memorysetup-temp-allocator-size-cloud-worker=32768"
    "memorysetup-temp-allocator-size-gi-baking-worker=262144"
    "memorysetup-temp-allocator-size-gfx=262144"
Player connection [39576] Host "[IP] 192.168.0.15 [Port] 0 [Flags] 2 [Guid] 1491739942 [EditorId] 1491739942 [Version] 1048832 [Id] WindowsEditor(7,DESKTOP-R5BOSMI) [Debug] 1 [PackageName] WindowsEditor [ProjectName] Editor" joined multi-casting on [225.0.0.222:54997]...

Player connection [39576] Host "[IP] 192.168.0.15 [Port] 0 [Flags] 2 [Guid] 1491739942 [EditorId] 1491739942 [Version] 1048832 [Id] WindowsEditor(7,DESKTOP-R5BOSMI) [Debug] 1 [PackageName] WindowsEditor [ProjectName] Editor" joined alternative multi-casting on [225.0.0.222:34997]...

Refreshing native plugins compatible for Editor in 40.19 ms, found 0 plugins.
Preloading 0 native plugins for Editor in 0.00 ms.
Initialize engine version: 2021.3.23f1 (213b516bf396)
[Subsystems] Discovering subsystems at path C:/Program Files/Unity/Hub/Editor/2021.3.23f1/Editor/Data/Resources/UnitySubsystems
[Subsystems] Discovering subsystems at path C:/GitHub/DK_GP/stylised-character-controller/Assets
GfxDevice: creating device client; threaded=0; jobified=0
Direct3D:
    Version:  Direct3D 11.0 [level 11.1]
    Renderer: NVIDIA GeForce RTX 4090 (ID=0x2684)
    Vendor:   NVIDIA
    VRAM:     24142 MB
    Driver:   32.0.15.6109
Initialize mono
Mono path[0] = 'C:/Program Files/Unity/Hub/Editor/2021.3.23f1/Editor/Data/Managed'
Mono path[1] = 'C:/Program Files/Unity/Hub/Editor/2021.3.23f1/Editor/Data/MonoBleedingEdge/lib/mono/unityjit-win32'
Mono config path = 'C:/Program Files/Unity/Hub/Editor/2021.3.23f1/Editor/Data/MonoBleedingEdge/etc'
Using monoOptions --debugger-agent=transport=dt_socket,embedding=1,server=y,suspend=n,address=127.0.0.1:56460
Begin MonoManager ReloadAssembly
Registering precompiled unity dll's ...
Register platform support module: C:/Program Files/Unity/Hub/Editor/2021.3.23f1/Editor/Data/PlaybackEngines/AndroidPlayer/UnityEditor.Android.Extensions.dll
Register platform support module: C:/Program Files/Unity/Hub/Editor/2021.3.23f1/Editor/Data/PlaybackEngines/iOSSupport/UnityEditor.iOS.Extensions.dll
Register platform support module: C:/Program Files/Unity/Hub/Editor/2021.3.23f1/Editor/Data/PlaybackEngines/WindowsStandaloneSupport/UnityEditor.WindowsStandalone.Extensions.dll
Registered in 0.007130 seconds.
Native extension for WindowsStandalone target not found
[usbmuxd] Start listen thread
[usbmuxd] Listen thread started
[usbmuxd] Send listen message
Native extension for iOS target not found
Native extension for Android target not found
Android Extension - Scanning For ADB Devices 316 ms
Refreshing native plugins compatible for Editor in 38.00 ms, found 0 plugins.
Preloading 0 native plugins for Editor in 0.00 ms.
Mono: successfully reloaded assembly
- Completed reload, in  0.757 seconds
Domain Reload Profiling:
	ReloadAssembly (757ms)
		BeginReloadAssembly (63ms)
			ExecutionOrderSort (0ms)
			DisableScriptedObjects (0ms)
			BackupInstance (0ms)
			ReleaseScriptingObjects (0ms)
			CreateAndSetChildDomain (0ms)
		EndReloadAssembly (622ms)
			LoadAssemblies (61ms)
			RebuildTransferFunctionScriptingTraits (0ms)
			SetupTypeCache (66ms)
			ReleaseScriptCaches (0ms)
			RebuildScriptCaches (17ms)
			SetupLoadedEditorAssemblies (504ms)
				LogAssemblyErrors (0ms)
				InitializePlatformSupportModulesInManaged (366ms)
				SetLoadedEditorAssemblies (0ms)
				RefreshPlugins (38ms)
				BeforeProcessingInitializeOnLoad (1ms)
				ProcessInitializeOnLoadAttributes (64ms)
				ProcessInitializeOnLoadMethodAttributes (35ms)
				AfterProcessingInitializeOnLoad (0ms)
				EditorAssembliesLoaded (0ms)
			ExecutionOrderSort2 (0ms)
			AwakeInstancesAfterBackupRestoration (0ms)
Platform modules already initialized, skipping
Registering precompiled user dll's ...
Registered in 0.002190 seconds.
Begin MonoManager ReloadAssembly
Native extension for WindowsStandalone target not found
Native extension for iOS target not found
Native extension for Android target not found
Refreshing native plugins compatible for Editor in 35.03 ms, found 0 plugins.
Preloading 0 native plugins for Editor in 0.00 ms.
Mono: successfully reloaded assembly
- Completed reload, in  0.854 seconds
Domain Reload Profiling:
	ReloadAssembly (854ms)
		BeginReloadAssembly (86ms)
			ExecutionOrderSort (0ms)
			DisableScriptedObjects (3ms)
			BackupInstance (0ms)
			ReleaseScriptingObjects (0ms)
			CreateAndSetChildDomain (13ms)
		EndReloadAssembly (705ms)
			LoadAssemblies (71ms)
			RebuildTransferFunctionScriptingTraits (0ms)
			SetupTypeCache (104ms)
			ReleaseScriptCaches (1ms)
			RebuildScriptCaches (32ms)
			SetupLoadedEditorAssemblies (482ms)
				LogAssemblyErrors (0ms)
				InitializePlatformSupportModulesInManaged (17ms)
				SetLoadedEditorAssemblies (0ms)
				RefreshPlugins (35ms)
				BeforeProcessingInitializeOnLoad (57ms)
				ProcessInitializeOnLoadAttributes (311ms)
				ProcessInitializeOnLoadMethodAttributes (55ms)
				AfterProcessingInitializeOnLoad (7ms)
				EditorAssembliesLoaded (0ms)
			ExecutionOrderSort2 (0ms)
			AwakeInstancesAfterBackupRestoration (11ms)
Platform modules already initialized, skipping
========================================================================
Worker process is ready to serve import requests
Launched and connected shader compiler UnityShaderCompiler.exe after 0.05 seconds
Refreshing native plugins compatible for Editor in 0.66 ms, found 0 plugins.
Preloading 0 native plugins for Editor in 0.00 ms.
Unloading 3421 Unused Serialized files (Serialized files now loaded: 0)
Unloading 158 unused Assets / (0.7 MB). Loaded Objects now: 3874.
Memory consumption went from 189.1 MB to 188.4 MB.
Total: 3.992300 ms (FindLiveObjects: 0.348000 ms CreateObjectMapping: 0.094300 ms MarkObjects: 3.044600 ms  DeleteObjects: 0.504200 ms)

AssetImportParameters requested are different than current active one (requested -> active):
  custom:video-decoder-ogg-theora: a1e56fd34408186e4bbccfd4996cb3dc -> 
  custom:container-muxer-webm: aa71ff27fc2769a1b78a27578f13a17b -> 
  custom:container-demuxer-webm: 4f35f7cbe854078d1ac9338744f61a02 -> 
  custom:video-encoder-webm-vp8: eb34c28f22e8b96e1ab97ce403110664 -> 
  custom:audio-encoder-webm-vorbis: bf7c407c2cedff20999df2af8eb42d56 -> 
  custom:framework-win-MediaFoundation: 216162199b28c13a410421893ffa2e32 -> 
  custom:container-demuxer-ogg: 62fdf1f143b41e24485cea50d1cbac27 -> 
  custom:video-decoder-webm-vp8: 9c59270c3fd7afecdb556c50c9e8de78 -> 
  custom:audio-decoder-ogg-vorbis: bf7c407c2cedff20999df2af8eb42d56 -> 
========================================================================
Received Import Request.
  Time since last request: 8515.793204 seconds.
  path: Assets/Raygeas/Grasslands - Stylized Nature/Assets/Textures/Vegetation/Mushroom_Normal.png
  artifactKey: Guid(ae504b6339c6f864496ceed6b315d687) Importer(815301076,1909f56bfc062723c751e8b465ee728b)
Start importing Assets/Raygeas/Grasslands - Stylized Nature/Assets/Textures/Vegetation/Mushroom_Normal.png using Guid(ae504b6339c6f864496ceed6b315d687) Importer(815301076,1909f56bfc062723c751e8b465ee728b)  -> (artifact id: 'f012393efa8212a4255f32d8155bd416') in 0.091282 seconds 
========================================================================
Received Import Request.
  Time since last request: 261.004548 seconds.
  path: Assets/Raygeas/Grasslands - Stylized Nature/Assets/Materials/Other/FakeSun.mat
  artifactKey: Guid(097fc70bcf3ec934ebc669c670ecb696) Importer(815301076,1909f56bfc062723c751e8b465ee728b)
Start importing Assets/Raygeas/Grasslands - Stylized Nature/Assets/Materials/Other/FakeSun.mat using Guid(097fc70bcf3ec934ebc669c670ecb696) Importer(815301076,1909f56bfc062723c751e8b465ee728b)  -> (artifact id: 'ffe84fe4635246d4094ab2a2d30352c5') in 0.134821 seconds 
========================================================================
Received Import Request.
  Time since last request: 0.000019 seconds.
  path: Assets/Raygeas/Grasslands - Stylized Nature/Assets/Materials/Other/Skybox.mat
  artifactKey: Guid(71f42316c6eb61246968a1779882710f) Importer(815301076,1909f56bfc062723c751e8b465ee728b)
Start importing Assets/Raygeas/Grasslands - Stylized Nature/Assets/Materials/Other/Skybox.mat using Guid(71f42316c6eb61246968a1779882710f) Importer(815301076,1909f56bfc062723c751e8b465ee728b)  -> (artifact id: '6c355a1d86ef1ab3b4781d7470b040c1') in 0.078919 seconds 
========================================================================
Received Import Request.
  Time since last request: 0.000020 seconds.
  path: Assets/Raygeas/Grasslands - Stylized Nature/Assets/Materials/Other/Mountain_1.mat
  artifactKey: Guid(5e8431ed32b87e043b5f5274e5c8eae3) Importer(815301076,1909f56bfc062723c751e8b465ee728b)
Start importing Assets/Raygeas/Grasslands - Stylized Nature/Assets/Materials/Other/Mountain_1.mat using Guid(5e8431ed32b87e043b5f5274e5c8eae3) Importer(815301076,1909f56bfc062723c751e8b465ee728b)  -> (artifact id: '4883c96b4abd7a2ba6a86b589fab64b6') in 0.191026 seconds 
========================================================================
Received Import Request.
  Time since last request: 1.067579 seconds.
  path: Assets/Raygeas/Grasslands - Stylized Nature/Assets/Materials/Particle Effects/Cloud_1.mat
  artifactKey: Guid(7dbd543801b81a64da44b3d212dec966) Importer(815301076,1909f56bfc062723c751e8b465ee728b)
Start importing Assets/Raygeas/Grasslands - Stylized Nature/Assets/Materials/Particle Effects/Cloud_1.mat using Guid(7dbd543801b81a64da44b3d212dec966) Importer(815301076,1909f56bfc062723c751e8b465ee728b)  -> (artifact id: 'f402583bffe4fdd12407d622b3adcc13') in 0.010923 seconds 
========================================================================
Received Import Request.
  Time since last request: 0.000014 seconds.
  path: Assets/Raygeas/Grasslands - Stylized Nature/Assets/Materials/Particle Effects/Waterfall_Splash.mat
  artifactKey: Guid(3fcd2fcd342016d4f8ac0043feb22a2d) Importer(815301076,1909f56bfc062723c751e8b465ee728b)
Start importing Assets/Raygeas/Grasslands - Stylized Nature/Assets/Materials/Particle Effects/Waterfall_Splash.mat using Guid(3fcd2fcd342016d4f8ac0043feb22a2d) Importer(815301076,1909f56bfc062723c751e8b465ee728b)  -> (artifact id: '46f29192c41f98f1c4f520b2e5659057') in 0.059691 seconds 
========================================================================
Received Import Request.
  Time since last request: 0.000013 seconds.
  path: Assets/Raygeas/Grasslands - Stylized Nature/Assets/Materials/Particle Effects/Shrine_Particles.mat
  artifactKey: Guid(29b4cb7d4238c2a4594d159c4cba8f7e) Importer(815301076,1909f56bfc062723c751e8b465ee728b)
Start importing Assets/Raygeas/Grasslands - Stylized Nature/Assets/Materials/Particle Effects/Shrine_Particles.mat using Guid(29b4cb7d4238c2a4594d159c4cba8f7e) Importer(815301076,1909f56bfc062723c751e8b465ee728b)  -> (artifact id: '5d615d5797242a7e826943071ef5f019') in 0.113650 seconds 
========================================================================
Received Import Request.
  Time since last request: 0.000014 seconds.
  path: Assets/Raygeas/Grasslands - Stylized Nature/Assets/Materials/Particle Effects/Cloud_2.mat
  artifactKey: Guid(28c129386432407429d04da7342c76f1) Importer(815301076,1909f56bfc062723c751e8b465ee728b)
Start importing Assets/Raygeas/Grasslands - Stylized Nature/Assets/Materials/Particle Effects/Cloud_2.mat using Guid(28c129386432407429d04da7342c76f1) Importer(815301076,1909f56bfc062723c751e8b465ee728b)  -> (artifact id: 'd7df0887ff6190cb52c197da3667ce0a') in 0.010298 seconds 
========================================================================
Received Import Request.
  Time since last request: 0.000012 seconds.
  path: Assets/Raygeas/Grasslands - Stylized Nature/Assets/Materials/Particle Effects/Leaffall.mat
  artifactKey: Guid(ec3e1cae9700f5b41aaa3c1def8efb53) Importer(815301076,1909f56bfc062723c751e8b465ee728b)
Start importing Assets/Raygeas/Grasslands - Stylized Nature/Assets/Materials/Particle Effects/Leaffall.mat using Guid(ec3e1cae9700f5b41aaa3c1def8efb53) Importer(815301076,1909f56bfc062723c751e8b465ee728b)  -> (artifact id: 'abfa4a0710b85e42666944839dd7b0fb') in 0.133082 seconds 
========================================================================
Received Import Request.
  Time since last request: 0.449870 seconds.
  path: Assets/Raygeas/Grasslands - Stylized Nature/Assets/Materials/Rocks/Clif_1_(no_grass).mat
  artifactKey: Guid(511c9e02ec0541641bd5079da56eb9e2) Importer(815301076,1909f56bfc062723c751e8b465ee728b)
Start importing Assets/Raygeas/Grasslands - Stylized Nature/Assets/Materials/Rocks/Clif_1_(no_grass).mat using Guid(511c9e02ec0541641bd5079da56eb9e2) Importer(815301076,1909f56bfc062723c751e8b465ee728b)  -> (artifact id: '3691ce450e14ae1c97b5ac5a9ec80f01') in 0.133844 seconds 
========================================================================
Received Import Request.
  Time since last request: 0.000013 seconds.
  path: Assets/Raygeas/Grasslands - Stylized Nature/Assets/Materials/Rocks/Stones_789.mat
  artifactKey: Guid(38fc95944f71ebf4999cfc584d0db4aa) Importer(815301076,1909f56bfc062723c751e8b465ee728b)
Start importing Assets/Raygeas/Grasslands - Stylized Nature/Assets/Materials/Rocks/Stones_789.mat using Guid(38fc95944f71ebf4999cfc584d0db4aa) Importer(815301076,1909f56bfc062723c751e8b465ee728b)  -> (artifact id: 'b4fd0084429d3c510a7a7da9059c527c') in 0.016736 seconds 
========================================================================
Received Import Request.
  Time since last request: 0.000012 seconds.
  path: Assets/Raygeas/Grasslands - Stylized Nature/Assets/Materials/Rocks/Clif_2_(no_grass).mat
  artifactKey: Guid(62b8c415979ecd54e818e96b8c6b5794) Importer(815301076,1909f56bfc062723c751e8b465ee728b)
Start importing Assets/Raygeas/Grasslands - Stylized Nature/Assets/Materials/Rocks/Clif_2_(no_grass).mat using Guid(62b8c415979ecd54e818e96b8c6b5794) Importer(815301076,1909f56bfc062723c751e8b465ee728b)  -> (artifact id: '3eeda01f7169a3674ef80e60ccabe5bb') in 0.037994 seconds 
========================================================================
Received Import Request.
  Time since last request: 0.000015 seconds.
  path: Assets/Raygeas/Grasslands - Stylized Nature/Assets/Materials/Rocks/Clif_2.mat
  artifactKey: Guid(19f282db50189f849890a22bd5c728eb) Importer(815301076,1909f56bfc062723c751e8b465ee728b)
Start importing Assets/Raygeas/Grasslands - Stylized Nature/Assets/Materials/Rocks/Clif_2.mat using Guid(19f282db50189f849890a22bd5c728eb) Importer(815301076,1909f56bfc062723c751e8b465ee728b)  -> (artifact id: '92f39b9c9771509d6b881559c28bd1cd') in 0.165336 seconds 
========================================================================
Received Import Request.
  Time since last request: 0.000020 seconds.
  path: Assets/Raygeas/Grasslands - Stylized Nature/Assets/Materials/Rocks/Ore.mat
  artifactKey: Guid(f9ae0a4a08ddcc14da5d937dd8eac162) Importer(815301076,1909f56bfc062723c751e8b465ee728b)
Start importing Assets/Raygeas/Grasslands - Stylized Nature/Assets/Materials/Rocks/Ore.mat using Guid(f9ae0a4a08ddcc14da5d937dd8eac162) Importer(815301076,1909f56bfc062723c751e8b465ee728b)  -> (artifact id: 'e9a100517a7bc634fd5611431ed9d7c4') in 0.010323 seconds 
========================================================================
Received Import Request.
  Time since last request: 0.000010 seconds.
  path: Assets/Raygeas/Grasslands - Stylized Nature/Assets/Materials/Rocks/Small_Stones.mat
  artifactKey: Guid(f22bf0b31fd47a441b7c32ba8a31dc31) Importer(815301076,1909f56bfc062723c751e8b465ee728b)
Start importing Assets/Raygeas/Grasslands - Stylized Nature/Assets/Materials/Rocks/Small_Stones.mat using Guid(f22bf0b31fd47a441b7c32ba8a31dc31) Importer(815301076,1909f56bfc062723c751e8b465ee728b)  -> (artifact id: 'a3efec263b84cd874694bbb29829dec5') in 0.011009 seconds 
========================================================================
Received Import Request.
  Time since last request: 0.000012 seconds.
  path: Assets/Raygeas/Grasslands - Stylized Nature/Assets/Materials/Rocks/Stone_34.mat
  artifactKey: Guid(9099f5645d6d5664e966fa0068fc12e6) Importer(815301076,1909f56bfc062723c751e8b465ee728b)
Start importing Assets/Raygeas/Grasslands - Stylized Nature/Assets/Materials/Rocks/Stone_34.mat using Guid(9099f5645d6d5664e966fa0068fc12e6) Importer(815301076,1909f56bfc062723c751e8b465ee728b)  -> (artifact id: 'd0010ad9bddbf1fbb7024f9ad16b3edc') in 0.017937 seconds 
========================================================================
Received Import Request.
  Time since last request: 0.000013 seconds.
  path: Assets/Raygeas/Grasslands - Stylized Nature/Assets/Materials/Rocks/Stones_789_(sand).mat
  artifactKey: Guid(3221f6bdc172977418391d41c0e989e4) Importer(815301076,1909f56bfc062723c751e8b465ee728b)
Start importing Assets/Raygeas/Grasslands - Stylized Nature/Assets/Materials/Rocks/Stones_789_(sand).mat using Guid(3221f6bdc172977418391d41c0e989e4) Importer(815301076,1909f56bfc062723c751e8b465ee728b)  -> (artifact id: 'ded823d1d68abb88cc51996f6aea155c') in 0.017821 seconds 
========================================================================
Received Import Request.
  Time since last request: 0.000017 seconds.
  path: Assets/Raygeas/Grasslands - Stylized Nature/Assets/Materials/Rocks/Stone_56.mat
  artifactKey: Guid(8d904b9a015982344b1d17a35356f3e1) Importer(815301076,1909f56bfc062723c751e8b465ee728b)
Start importing Assets/Raygeas/Grasslands - Stylized Nature/Assets/Materials/Rocks/Stone_56.mat using Guid(8d904b9a015982344b1d17a35356f3e1) Importer(815301076,1909f56bfc062723c751e8b465ee728b)  -> (artifact id: '8943d612fd73a709edaedb53e110b105') in 0.013790 seconds 
========================================================================
Received Import Request.
  Time since last request: 0.000011 seconds.
  path: Assets/Raygeas/Grasslands - Stylized Nature/Assets/Materials/Rocks/Clif_3_(no_grass).mat
  artifactKey: Guid(fa7c19476f5e97345ad1e4bf8e550a15) Importer(815301076,1909f56bfc062723c751e8b465ee728b)
Start importing Assets/Raygeas/Grasslands - Stylized Nature/Assets/Materials/Rocks/Clif_3_(no_grass).mat using Guid(fa7c19476f5e97345ad1e4bf8e550a15) Importer(815301076,1909f56bfc062723c751e8b465ee728b)  -> (artifact id: '33df11e9bc6d609db730ee1ec2afa0c3') in 0.035013 seconds 
Editor requested this worker to shutdown with reason: Scaling down because of idle timeout
AssetImportWorker is now disconnected from the server
Process exiting
Exiting without the bug reporter. Application will terminate with return code 0