Using pre-set license
Built from '2021.3/staging' branch; Version is '2021.3.23f1 (213b516bf396) revision 2177873'; Using compiler version '192829333'; Build Type 'Release'
OS: 'Windows 11  (10.0.22631) 64bit Core' Language: 'ko' Physical Memory: 16108 MB
BatchMode: 1, IsHumanControllingUs: 0, StartBugReporterOnCrash: 0, Is64bit: 1, IsPro: 1

COMMAND LINE ARGUMENTS:
C:\Program Files\Unity\Hub\Editor\2021.3.23f1\Editor\Unity.exe
-adb2
-batchMode
-noUpm
-name
AssetImportWorker4
-projectPath
C:/Github/Unity/DK_GP/stylised-character-controller
-logFile
Logs/AssetImportWorker4.log
-srvPort
28302
Successfully changed project path to: C:/Github/Unity/DK_GP/stylised-character-controller
C:/Github/Unity/DK_GP/stylised-character-controller
[UnityMemory] Configuration Parameters - Can be set up in boot.config
    "memorysetup-bucket-allocator-granularity=16"
    "memorysetup-bucket-allocator-bucket-count=8"
    "memorysetup-bucket-allocator-block-size=33554432"
    "memorysetup-bucket-allocator-block-count=8"
    "memorysetup-main-allocator-block-size=16777216"
    "memorysetup-thread-allocator-block-size=16777216"
    "memorysetup-gfx-main-allocator-block-size=16777216"
    "memorysetup-gfx-thread-allocator-block-size=16777216"
    "memorysetup-cache-allocator-block-size=4194304"
    "memorysetup-typetree-allocator-block-size=2097152"
    "memorysetup-profiler-bucket-allocator-granularity=16"
    "memorysetup-profiler-bucket-allocator-bucket-count=8"
    "memorysetup-profiler-bucket-allocator-block-size=33554432"
    "memorysetup-profiler-bucket-allocator-block-count=8"
    "memorysetup-profiler-allocator-block-size=16777216"
    "memorysetup-profiler-editor-allocator-block-size=1048576"
    "memorysetup-temp-allocator-size-main=16777216"
    "memorysetup-job-temp-allocator-block-size=2097152"
    "memorysetup-job-temp-allocator-block-size-background=1048576"
    "memorysetup-job-temp-allocator-reduction-small-platforms=262144"
    "memorysetup-temp-allocator-size-background-worker=32768"
    "memorysetup-temp-allocator-size-job-worker=262144"
    "memorysetup-temp-allocator-size-preload-manager=33554432"
    "memorysetup-temp-allocator-size-nav-mesh-worker=65536"
    "memorysetup-temp-allocator-size-audio-worker=65536"
    "memorysetup-temp-allocator-size-cloud-worker=32768"
    "memorysetup-temp-allocator-size-gi-baking-worker=262144"
    "memorysetup-temp-allocator-size-gfx=262144"
Player connection [8608] Host "[IP] 172.21.144.1 [Port] 0 [Flags] 2 [Guid] 3827042939 [EditorId] 3827042939 [Version] 1048832 [Id] WindowsEditor(7,Lorkhan) [Debug] 1 [PackageName] WindowsEditor [ProjectName] Editor" joined multi-casting on [225.0.0.222:54997]...

Player connection [8608] Host "[IP] 172.21.144.1 [Port] 0 [Flags] 2 [Guid] 3827042939 [EditorId] 3827042939 [Version] 1048832 [Id] WindowsEditor(7,Lorkhan) [Debug] 1 [PackageName] WindowsEditor [ProjectName] Editor" joined alternative multi-casting on [225.0.0.222:34997]...

Refreshing native plugins compatible for Editor in 48.54 ms, found 0 plugins.
Preloading 0 native plugins for Editor in 0.00 ms.
Initialize engine version: 2021.3.23f1 (213b516bf396)
[Subsystems] Discovering subsystems at path C:/Program Files/Unity/Hub/Editor/2021.3.23f1/Editor/Data/Resources/UnitySubsystems
[Subsystems] Discovering subsystems at path C:/Github/Unity/DK_GP/stylised-character-controller/Assets
GfxDevice: creating device client; threaded=0; jobified=0
Direct3D:
    Version:  Direct3D 11.0 [level 11.1]
    Renderer: NVIDIA GeForce RTX 4060 Laptop GPU (ID=0x28e0)
    Vendor:   NVIDIA
    VRAM:     7972 MB
    Driver:   31.0.15.4683
Initialize mono
Mono path[0] = 'C:/Program Files/Unity/Hub/Editor/2021.3.23f1/Editor/Data/Managed'
Mono path[1] = 'C:/Program Files/Unity/Hub/Editor/2021.3.23f1/Editor/Data/MonoBleedingEdge/lib/mono/unityjit-win32'
Mono config path = 'C:/Program Files/Unity/Hub/Editor/2021.3.23f1/Editor/Data/MonoBleedingEdge/etc'
Using monoOptions --debugger-agent=transport=dt_socket,embedding=1,server=y,suspend=n,address=127.0.0.1:56464
Begin MonoManager ReloadAssembly
Registering precompiled unity dll's ...
Register platform support module: C:/Program Files/Unity/Hub/Editor/2021.3.23f1/Editor/Data/PlaybackEngines/AndroidPlayer/UnityEditor.Android.Extensions.dll
Register platform support module: C:/Program Files/Unity/Hub/Editor/2021.3.23f1/Editor/Data/PlaybackEngines/iOSSupport/UnityEditor.iOS.Extensions.dll
Register platform support module: C:/Program Files/Unity/Hub/Editor/2021.3.23f1/Editor/Data/PlaybackEngines/WindowsStandaloneSupport/UnityEditor.WindowsStandalone.Extensions.dll
Registered in 0.003599 seconds.
Native extension for WindowsStandalone target not found
[usbmuxd] Start listen thread
[usbmuxd] Listen thread started
Native extension for iOS target not found
Native extension for Android target not found
Android Extension - Scanning For ADB Devices 210 ms
Refreshing native plugins compatible for Editor in 38.27 ms, found 0 plugins.
Preloading 0 native plugins for Editor in 0.00 ms.
Mono: successfully reloaded assembly
- Completed reload, in  0.716 seconds
Domain Reload Profiling:
	ReloadAssembly (717ms)
		BeginReloadAssembly (67ms)
			ExecutionOrderSort (0ms)
			DisableScriptedObjects (0ms)
			BackupInstance (0ms)
			ReleaseScriptingObjects (0ms)
			CreateAndSetChildDomain (1ms)
		EndReloadAssembly (571ms)
			LoadAssemblies (66ms)
			RebuildTransferFunctionScriptingTraits (0ms)
			SetupTypeCache (95ms)
			ReleaseScriptCaches (0ms)
			RebuildScriptCaches (25ms)
			SetupLoadedEditorAssemblies (412ms)
				LogAssemblyErrors (0ms)
				InitializePlatformSupportModulesInManaged (267ms)
				SetLoadedEditorAssemblies (0ms)
				RefreshPlugins (38ms)
				BeforeProcessingInitializeOnLoad (1ms)
				ProcessInitializeOnLoadAttributes (70ms)
				ProcessInitializeOnLoadMethodAttributes (35ms)
				AfterProcessingInitializeOnLoad (0ms)
				EditorAssembliesLoaded (0ms)
			ExecutionOrderSort2 (0ms)
			AwakeInstancesAfterBackupRestoration (0ms)
Platform modules already initialized, skipping
Registering precompiled user dll's ...
Registered in 0.001675 seconds.
Begin MonoManager ReloadAssembly
Native extension for WindowsStandalone target not found
Native extension for iOS target not found
Native extension for Android target not found
Refreshing native plugins compatible for Editor in 40.97 ms, found 0 plugins.
Preloading 0 native plugins for Editor in 0.00 ms.
Mono: successfully reloaded assembly
- Completed reload, in  0.984 seconds
Domain Reload Profiling:
	ReloadAssembly (985ms)
		BeginReloadAssembly (79ms)
			ExecutionOrderSort (0ms)
			DisableScriptedObjects (4ms)
			BackupInstance (0ms)
			ReleaseScriptingObjects (0ms)
			CreateAndSetChildDomain (14ms)
		EndReloadAssembly (833ms)
			LoadAssemblies (57ms)
			RebuildTransferFunctionScriptingTraits (0ms)
			SetupTypeCache (122ms)
			ReleaseScriptCaches (0ms)
			RebuildScriptCaches (35ms)
			SetupLoadedEditorAssemblies (592ms)
				LogAssemblyErrors (0ms)
				InitializePlatformSupportModulesInManaged (18ms)
				SetLoadedEditorAssemblies (0ms)
				RefreshPlugins (41ms)
				BeforeProcessingInitializeOnLoad (56ms)
				ProcessInitializeOnLoadAttributes (417ms)
				ProcessInitializeOnLoadMethodAttributes (56ms)
				AfterProcessingInitializeOnLoad (4ms)
				EditorAssembliesLoaded (0ms)
			ExecutionOrderSort2 (0ms)
			AwakeInstancesAfterBackupRestoration (4ms)
Platform modules already initialized, skipping
========================================================================
Worker process is ready to serve import requests
Launched and connected shader compiler UnityShaderCompiler.exe after 0.04 seconds
Refreshing native plugins compatible for Editor in 0.51 ms, found 0 plugins.
Preloading 0 native plugins for Editor in 0.00 ms.
Unloading 3421 Unused Serialized files (Serialized files now loaded: 0)
Unloading 158 unused Assets / (0.7 MB). Loaded Objects now: 3893.
Memory consumption went from 270.0 MB to 269.3 MB.
Total: 4.952200 ms (FindLiveObjects: 0.324300 ms CreateObjectMapping: 0.125600 ms MarkObjects: 3.925400 ms  DeleteObjects: 0.575200 ms)

AssetImportParameters requested are different than current active one (requested -> active):
  custom:video-decoder-ogg-theora: a1e56fd34408186e4bbccfd4996cb3dc -> 
  custom:container-muxer-webm: aa71ff27fc2769a1b78a27578f13a17b -> 
  custom:container-demuxer-webm: 4f35f7cbe854078d1ac9338744f61a02 -> 
  custom:video-encoder-webm-vp8: eb34c28f22e8b96e1ab97ce403110664 -> 
  custom:video-codec-MediaFoundation-h265: 746d11721c4dcdbdad8f713fa42b33f4 -> 
  custom:audio-encoder-webm-vorbis: bf7c407c2cedff20999df2af8eb42d56 -> 
  custom:framework-win-MediaFoundation: 216162199b28c13a410421893ffa2e32 -> 
  custom:container-demuxer-ogg: 62fdf1f143b41e24485cea50d1cbac27 -> 
  custom:video-decoder-webm-vp8: 9c59270c3fd7afecdb556c50c9e8de78 -> 
  custom:audio-decoder-ogg-vorbis: bf7c407c2cedff20999df2af8eb42d56 -> 
========================================================================
Received Import Request.
  Time since last request: 130085.610261 seconds.
  path: Assets/Raygeas/Grasslands - Stylized Nature/Assets/Materials/Environment/Arch.mat
  artifactKey: Guid(8324f4325c3289c48b32767627e7e295) Importer(815301076,1909f56bfc062723c751e8b465ee728b)
Start importing Assets/Raygeas/Grasslands - Stylized Nature/Assets/Materials/Environment/Arch.mat using Guid(8324f4325c3289c48b32767627e7e295) Importer(815301076,1909f56bfc062723c751e8b465ee728b)  -> (artifact id: '2c53a6cf970aff5a195e68c06c552fe6') in 0.408955 seconds 
========================================================================
Received Import Request.
  Time since last request: 0.000993 seconds.
  path: Assets/Raygeas/Grasslands - Stylized Nature/Assets/Materials/Environment/Gold.mat
  artifactKey: Guid(88f649014ab6a2942bc7d5de79cfbad7) Importer(815301076,1909f56bfc062723c751e8b465ee728b)
Start importing Assets/Raygeas/Grasslands - Stylized Nature/Assets/Materials/Environment/Gold.mat using Guid(88f649014ab6a2942bc7d5de79cfbad7) Importer(815301076,1909f56bfc062723c751e8b465ee728b)  -> (artifact id: 'd4d75214b7688569b5d133045ab7df51') in 0.108776 seconds 
========================================================================
Received Import Request.
  Time since last request: 0.000031 seconds.
  path: Assets/Raygeas/Grasslands - Stylized Nature/Assets/Materials/Environment/Bridge.mat
  artifactKey: Guid(9ca6baf056646a3488260c4bc1c28d63) Importer(815301076,1909f56bfc062723c751e8b465ee728b)
Start importing Assets/Raygeas/Grasslands - Stylized Nature/Assets/Materials/Environment/Bridge.mat using Guid(9ca6baf056646a3488260c4bc1c28d63) Importer(815301076,1909f56bfc062723c751e8b465ee728b)  -> (artifact id: 'f0f24120e8465bb6be30b68d180a41d3') in 0.093413 seconds 
========================================================================
Received Import Request.
  Time since last request: 0.000023 seconds.
  path: Assets/Raygeas/Grasslands - Stylized Nature/Assets/Materials/Environment/Table.mat
  artifactKey: Guid(2cc7bcf291e878a409e53b34875de220) Importer(815301076,1909f56bfc062723c751e8b465ee728b)
Start importing Assets/Raygeas/Grasslands - Stylized Nature/Assets/Materials/Environment/Table.mat using Guid(2cc7bcf291e878a409e53b34875de220) Importer(815301076,1909f56bfc062723c751e8b465ee728b)  -> (artifact id: 'e4939b4bc7192f4e6d75ef3918ab3a94') in 0.042107 seconds 
========================================================================
Received Import Request.
  Time since last request: 0.000030 seconds.
  path: Assets/Raygeas/Grasslands - Stylized Nature/Assets/Materials/Environment/Chair.mat
  artifactKey: Guid(73697e523f04eb74a85cb69b6e72183e) Importer(815301076,1909f56bfc062723c751e8b465ee728b)
Start importing Assets/Raygeas/Grasslands - Stylized Nature/Assets/Materials/Environment/Chair.mat using Guid(73697e523f04eb74a85cb69b6e72183e) Importer(815301076,1909f56bfc062723c751e8b465ee728b)  -> (artifact id: '533b6fad5d3118b3fbe750e0a14e411a') in 0.040184 seconds 
========================================================================
Received Import Request.
  Time since last request: 0.000019 seconds.
  path: Assets/Raygeas/Grasslands - Stylized Nature/Assets/Materials/Environment/Column_3,4.mat
  artifactKey: Guid(bf978b65d768303479ea021e4d47f825) Importer(815301076,1909f56bfc062723c751e8b465ee728b)
Start importing Assets/Raygeas/Grasslands - Stylized Nature/Assets/Materials/Environment/Column_3,4.mat using Guid(bf978b65d768303479ea021e4d47f825) Importer(815301076,1909f56bfc062723c751e8b465ee728b)  -> (artifact id: 'da9e62f63d5f3a7bfc228340fbf37901') in 0.067059 seconds 
========================================================================
Received Import Request.
  Time since last request: 0.000020 seconds.
  path: Assets/Raygeas/Grasslands - Stylized Nature/Assets/Materials/Environment/Fence.mat
  artifactKey: Guid(c0149db1e283d1f4bb9053d2d335cada) Importer(815301076,1909f56bfc062723c751e8b465ee728b)
Start importing Assets/Raygeas/Grasslands - Stylized Nature/Assets/Materials/Environment/Fence.mat using Guid(c0149db1e283d1f4bb9053d2d335cada) Importer(815301076,1909f56bfc062723c751e8b465ee728b)  -> (artifact id: '2f6ca4b040a6d34acb0e24c736b28617') in 0.030995 seconds 
========================================================================
Received Import Request.
  Time since last request: 0.000023 seconds.
  path: Assets/Raygeas/Grasslands - Stylized Nature/Assets/Materials/Environment/Vase.mat
  artifactKey: Guid(1a210bc5e2c363449b68d74b1fd20094) Importer(815301076,1909f56bfc062723c751e8b465ee728b)
Start importing Assets/Raygeas/Grasslands - Stylized Nature/Assets/Materials/Environment/Vase.mat using Guid(1a210bc5e2c363449b68d74b1fd20094) Importer(815301076,1909f56bfc062723c751e8b465ee728b)  -> (artifact id: '696bade751e5a01637d2412a0dc30fe7') in 0.035627 seconds 
========================================================================
Received Import Request.
  Time since last request: 0.000024 seconds.
  path: Assets/Raygeas/Grasslands - Stylized Nature/Assets/Materials/Environment/Floor_1_Ladder.mat
  artifactKey: Guid(710895e9c07b8f642a1329d0bfb6ae6d) Importer(815301076,1909f56bfc062723c751e8b465ee728b)
Start importing Assets/Raygeas/Grasslands - Stylized Nature/Assets/Materials/Environment/Floor_1_Ladder.mat using Guid(710895e9c07b8f642a1329d0bfb6ae6d) Importer(815301076,1909f56bfc062723c751e8b465ee728b)  -> (artifact id: 'b8b6108adb50ff5ed27d6bef8e7e46b0') in 0.046345 seconds 
========================================================================
Received Import Request.
  Time since last request: 0.000020 seconds.
  path: Assets/Raygeas/Grasslands - Stylized Nature/Assets/Materials/Environment/Box_Barrel.mat
  artifactKey: Guid(e4f33d78022d01d4695777033f605e0b) Importer(815301076,1909f56bfc062723c751e8b465ee728b)
Start importing Assets/Raygeas/Grasslands - Stylized Nature/Assets/Materials/Environment/Box_Barrel.mat using Guid(e4f33d78022d01d4695777033f605e0b) Importer(815301076,1909f56bfc062723c751e8b465ee728b)  -> (artifact id: 'e7555e2045487c24a4cb1bb910e185ef') in 0.041775 seconds 
========================================================================
Received Import Request.
  Time since last request: 0.775698 seconds.
  path: Assets/Raygeas/Grasslands - Stylized Nature/Assets/Materials/Particle Effects/Birds.mat
  artifactKey: Guid(a3152644b5189754ab0242a88ac51254) Importer(815301076,1909f56bfc062723c751e8b465ee728b)
Start importing Assets/Raygeas/Grasslands - Stylized Nature/Assets/Materials/Particle Effects/Birds.mat using Guid(a3152644b5189754ab0242a88ac51254) Importer(815301076,1909f56bfc062723c751e8b465ee728b)  -> (artifact id: '2c388678bc17ac4b051f15ffc8fa4ee5') in 0.189204 seconds 
========================================================================
Received Import Request.
  Time since last request: 0.000026 seconds.
  path: Assets/Raygeas/Grasslands - Stylized Nature/Assets/Materials/Particle Effects/Shrine_Glow.mat
  artifactKey: Guid(69c14faa2e42f844181fef8acd1a0d0a) Importer(815301076,1909f56bfc062723c751e8b465ee728b)
Start importing Assets/Raygeas/Grasslands - Stylized Nature/Assets/Materials/Particle Effects/Shrine_Glow.mat using Guid(69c14faa2e42f844181fef8acd1a0d0a) Importer(815301076,1909f56bfc062723c751e8b465ee728b)  -> (artifact id: 'f69c57f1d68694a53628d0aa0759069c') in 0.138382 seconds 
========================================================================
Received Import Request.
  Time since last request: 0.000030 seconds.
  path: Assets/Raygeas/Grasslands - Stylized Nature/Assets/Materials/Particle Effects/Shrine_Particles.mat
  artifactKey: Guid(29b4cb7d4238c2a4594d159c4cba8f7e) Importer(815301076,1909f56bfc062723c751e8b465ee728b)
Start importing Assets/Raygeas/Grasslands - Stylized Nature/Assets/Materials/Particle Effects/Shrine_Particles.mat using Guid(29b4cb7d4238c2a4594d159c4cba8f7e) Importer(815301076,1909f56bfc062723c751e8b465ee728b)  -> (artifact id: 'd89075743b4521a6c2db4eeda3c39a79') in 0.023538 seconds 
========================================================================
Received Import Request.
  Time since last request: 0.000032 seconds.
  path: Assets/Raygeas/Grasslands - Stylized Nature/Assets/Materials/Particle Effects/Cloud_3.mat
  artifactKey: Guid(a48ac2eb32f49ec429c44e5de3e2753c) Importer(815301076,1909f56bfc062723c751e8b465ee728b)
Start importing Assets/Raygeas/Grasslands - Stylized Nature/Assets/Materials/Particle Effects/Cloud_3.mat using Guid(a48ac2eb32f49ec429c44e5de3e2753c) Importer(815301076,1909f56bfc062723c751e8b465ee728b)  -> (artifact id: '8e42cb46c82b82ee4ab1de0a6c035665') in 0.031928 seconds 
========================================================================
Received Import Request.
  Time since last request: 0.000024 seconds.
  path: Assets/Raygeas/Grasslands - Stylized Nature/Assets/Materials/Particle Effects/GodRays.mat
  artifactKey: Guid(17eec2799737da34f9e32d022818b19d) Importer(815301076,1909f56bfc062723c751e8b465ee728b)
Start importing Assets/Raygeas/Grasslands - Stylized Nature/Assets/Materials/Particle Effects/GodRays.mat using Guid(17eec2799737da34f9e32d022818b19d) Importer(815301076,1909f56bfc062723c751e8b465ee728b)  -> (artifact id: 'b91ecda2bc956c108d07ec022d05e0bd') in 0.015741 seconds 
========================================================================
Received Import Request.
  Time since last request: 0.000020 seconds.
  path: Assets/Raygeas/Grasslands - Stylized Nature/Assets/Materials/Particle Effects/Leaffall.mat
  artifactKey: Guid(ec3e1cae9700f5b41aaa3c1def8efb53) Importer(815301076,1909f56bfc062723c751e8b465ee728b)
Start importing Assets/Raygeas/Grasslands - Stylized Nature/Assets/Materials/Particle Effects/Leaffall.mat using Guid(ec3e1cae9700f5b41aaa3c1def8efb53) Importer(815301076,1909f56bfc062723c751e8b465ee728b)  -> (artifact id: 'c757a8783851b150cd1ff74d37e89ea1') in 0.175762 seconds 
========================================================================
Received Import Request.
  Time since last request: 0.000021 seconds.
  path: Assets/Raygeas/Grasslands - Stylized Nature/Assets/Materials/Rocks/Stones_789.mat
  artifactKey: Guid(38fc95944f71ebf4999cfc584d0db4aa) Importer(815301076,1909f56bfc062723c751e8b465ee728b)
Start importing Assets/Raygeas/Grasslands - Stylized Nature/Assets/Materials/Rocks/Stones_789.mat using Guid(38fc95944f71ebf4999cfc584d0db4aa) Importer(815301076,1909f56bfc062723c751e8b465ee728b)  -> (artifact id: '0942507eeaf76e63d401e63b248fd9f5') in 0.093990 seconds 
========================================================================
Received Import Request.
  Time since last request: 0.000028 seconds.
  path: Assets/Raygeas/Grasslands - Stylized Nature/Assets/Materials/Rocks/Clif_1_(no_grass).mat
  artifactKey: Guid(511c9e02ec0541641bd5079da56eb9e2) Importer(815301076,1909f56bfc062723c751e8b465ee728b)
Start importing Assets/Raygeas/Grasslands - Stylized Nature/Assets/Materials/Rocks/Clif_1_(no_grass).mat using Guid(511c9e02ec0541641bd5079da56eb9e2) Importer(815301076,1909f56bfc062723c751e8b465ee728b)  -> (artifact id: '413ad1f56a737ce440aa99fcc4fad5c8') in 0.153895 seconds 
========================================================================
Received Import Request.
  Time since last request: 0.000025 seconds.
  path: Assets/Raygeas/Grasslands - Stylized Nature/Assets/Materials/Rocks/Clif_2_(no_grass).mat
  artifactKey: Guid(62b8c415979ecd54e818e96b8c6b5794) Importer(815301076,1909f56bfc062723c751e8b465ee728b)
Start importing Assets/Raygeas/Grasslands - Stylized Nature/Assets/Materials/Rocks/Clif_2_(no_grass).mat using Guid(62b8c415979ecd54e818e96b8c6b5794) Importer(815301076,1909f56bfc062723c751e8b465ee728b)  -> (artifact id: 'c1c3613a12e6bc46e2b7b21737900a47') in 0.132640 seconds 
========================================================================
Received Import Request.
  Time since last request: 0.000047 seconds.
  path: Assets/Raygeas/Grasslands - Stylized Nature/Assets/Materials/Rocks/Stone_12.mat
  artifactKey: Guid(69fcbd128b21eb0488438e92d3eacaad) Importer(815301076,1909f56bfc062723c751e8b465ee728b)
Start importing Assets/Raygeas/Grasslands - Stylized Nature/Assets/Materials/Rocks/Stone_12.mat using Guid(69fcbd128b21eb0488438e92d3eacaad) Importer(815301076,1909f56bfc062723c751e8b465ee728b)  -> (artifact id: '610ea8bc957fbc8e9de481523c99a477') in 0.066716 seconds 
========================================================================
Received Import Request.
  Time since last request: 0.000041 seconds.
  path: Assets/Raygeas/Grasslands - Stylized Nature/Assets/Materials/Vegetation/Ivy.mat
  artifactKey: Guid(cf1c1d90a25bd924785bfd8efa4a0eb9) Importer(815301076,1909f56bfc062723c751e8b465ee728b)
Start importing Assets/Raygeas/Grasslands - Stylized Nature/Assets/Materials/Vegetation/Ivy.mat using Guid(cf1c1d90a25bd924785bfd8efa4a0eb9) Importer(815301076,1909f56bfc062723c751e8b465ee728b)  -> (artifact id: '053044250eca23f94ca5a965d3741fe3') in 0.320510 seconds 
========================================================================
Received Import Request.
  Time since last request: 0.000027 seconds.
  path: Assets/Raygeas/Grasslands - Stylized Nature/Assets/Materials/Vegetation/Branches.mat
  artifactKey: Guid(55277534c11e34942b34ad1f72e21103) Importer(815301076,1909f56bfc062723c751e8b465ee728b)
Start importing Assets/Raygeas/Grasslands - Stylized Nature/Assets/Materials/Vegetation/Branches.mat using Guid(55277534c11e34942b34ad1f72e21103) Importer(815301076,1909f56bfc062723c751e8b465ee728b)  -> (artifact id: '19cb43416c2244ce30054d481f2ae3b1') in 0.020781 seconds 
========================================================================
Received Import Request.
  Time since last request: 0.000029 seconds.
  path: Assets/Raygeas/Grasslands - Stylized Nature/Assets/Materials/Vegetation/Grass_2.mat
  artifactKey: Guid(26cfe8ba7430e5844a466c5db1eae5ce) Importer(815301076,1909f56bfc062723c751e8b465ee728b)
Start importing Assets/Raygeas/Grasslands - Stylized Nature/Assets/Materials/Vegetation/Grass_2.mat using Guid(26cfe8ba7430e5844a466c5db1eae5ce) Importer(815301076,1909f56bfc062723c751e8b465ee728b)  -> (artifact id: '711412daafd1caf5c08b61b40c84740e') in 0.305251 seconds 
========================================================================
Received Import Request.
  Time since last request: 0.000027 seconds.
  path: Assets/Raygeas/Grasslands - Stylized Nature/Assets/Materials/Vegetation/Lotus.mat
  artifactKey: Guid(06faa6b01cd8cad40b2e5412a7e62792) Importer(815301076,1909f56bfc062723c751e8b465ee728b)
Start importing Assets/Raygeas/Grasslands - Stylized Nature/Assets/Materials/Vegetation/Lotus.mat using Guid(06faa6b01cd8cad40b2e5412a7e62792) Importer(815301076,1909f56bfc062723c751e8b465ee728b)  -> (artifact id: 'b39c23cb57e7338ab63694ea1cd349c6') in 0.067208 seconds 
========================================================================
Received Import Request.
  Time since last request: 0.000057 seconds.
  path: Assets/Raygeas/Grasslands - Stylized Nature/Assets/Materials/Vegetation/Mushrooms.mat
  artifactKey: Guid(89bbe831582a36f47997b203c5fe09fc) Importer(815301076,1909f56bfc062723c751e8b465ee728b)
Start importing Assets/Raygeas/Grasslands - Stylized Nature/Assets/Materials/Vegetation/Mushrooms.mat using Guid(89bbe831582a36f47997b203c5fe09fc) Importer(815301076,1909f56bfc062723c751e8b465ee728b)  -> (artifact id: '05c5147a8e59914e2828bc0df402328d') in 0.053493 seconds 
========================================================================
Received Import Request.
  Time since last request: 0.000021 seconds.
  path: Assets/Raygeas/Grasslands - Stylized Nature/Assets/Materials/Rocks/Clif_2_(sand).mat
  artifactKey: Guid(cac7bee68fc9c6b40beb9ee1403ce0e6) Importer(815301076,1909f56bfc062723c751e8b465ee728b)
Start importing Assets/Raygeas/Grasslands - Stylized Nature/Assets/Materials/Rocks/Clif_2_(sand).mat using Guid(cac7bee68fc9c6b40beb9ee1403ce0e6) Importer(815301076,1909f56bfc062723c751e8b465ee728b)  -> (artifact id: '848a6a9fc52b602141a500c07938ce57') in 0.084498 seconds 
========================================================================
Received Import Request.
  Time since last request: 0.000023 seconds.
  path: Assets/Raygeas/Grasslands - Stylized Nature/Assets/Materials/Rocks/Ore.mat
  artifactKey: Guid(f9ae0a4a08ddcc14da5d937dd8eac162) Importer(815301076,1909f56bfc062723c751e8b465ee728b)
Start importing Assets/Raygeas/Grasslands - Stylized Nature/Assets/Materials/Rocks/Ore.mat using Guid(f9ae0a4a08ddcc14da5d937dd8eac162) Importer(815301076,1909f56bfc062723c751e8b465ee728b)  -> (artifact id: '995638044413dd719bc806bbb6a45694') in 0.038279 seconds 
========================================================================
Received Import Request.
  Time since last request: 0.000020 seconds.
  path: Assets/Raygeas/Grasslands - Stylized Nature/Assets/Materials/Vegetation/Grass_1.mat
  artifactKey: Guid(fa30476022aff864d9210c04c3dd2269) Importer(815301076,1909f56bfc062723c751e8b465ee728b)
Start importing Assets/Raygeas/Grasslands - Stylized Nature/Assets/Materials/Vegetation/Grass_1.mat using Guid(fa30476022aff864d9210c04c3dd2269) Importer(815301076,1909f56bfc062723c751e8b465ee728b)  -> (artifact id: '27ffc1d863e668a57bfbba14d3ff605a') in 0.026844 seconds 
========================================================================
Received Import Request.
  Time since last request: 0.000021 seconds.
  path: Assets/Raygeas/Grasslands - Stylized Nature/Assets/Materials/Rocks/Clif_3_(sand).mat
  artifactKey: Guid(864981b652f5e2e4aaed294dd521aea2) Importer(815301076,1909f56bfc062723c751e8b465ee728b)
Start importing Assets/Raygeas/Grasslands - Stylized Nature/Assets/Materials/Rocks/Clif_3_(sand).mat using Guid(864981b652f5e2e4aaed294dd521aea2) Importer(815301076,1909f56bfc062723c751e8b465ee728b)  -> (artifact id: '83781bb8c996cf1287ba94370e3e96b4') in 0.122007 seconds 
========================================================================
Received Import Request.
  Time since last request: 0.000044 seconds.
  path: Assets/Raygeas/Grasslands - Stylized Nature/Assets/Materials/Rocks/Stones_789_(sand).mat
  artifactKey: Guid(3221f6bdc172977418391d41c0e989e4) Importer(815301076,1909f56bfc062723c751e8b465ee728b)
Start importing Assets/Raygeas/Grasslands - Stylized Nature/Assets/Materials/Rocks/Stones_789_(sand).mat using Guid(3221f6bdc172977418391d41c0e989e4) Importer(815301076,1909f56bfc062723c751e8b465ee728b)  -> (artifact id: '95107a2405c69a9810a38d1663871479') in 0.057381 seconds 
========================================================================
Received Import Request.
  Time since last request: 0.000028 seconds.
  path: Assets/Raygeas/Grasslands - Stylized Nature/Assets/Materials/Vegetation/Flowers_2.mat
  artifactKey: Guid(efc7ef86dbdb066439b129fa4db3fc12) Importer(815301076,1909f56bfc062723c751e8b465ee728b)
Start importing Assets/Raygeas/Grasslands - Stylized Nature/Assets/Materials/Vegetation/Flowers_2.mat using Guid(efc7ef86dbdb066439b129fa4db3fc12) Importer(815301076,1909f56bfc062723c751e8b465ee728b)  -> (artifact id: '8904c79ecb51e142ef6c58a000a640dc') in 0.292119 seconds 
========================================================================
Received Import Request.
  Time since last request: 0.000027 seconds.
  path: Assets/Raygeas/Grasslands - Stylized Nature/Assets/Materials/Vegetation/Birch_Leaves_2.mat
  artifactKey: Guid(c9a90c8820136b14dafa3d416fbf4e8a) Importer(815301076,1909f56bfc062723c751e8b465ee728b)
Start importing Assets/Raygeas/Grasslands - Stylized Nature/Assets/Materials/Vegetation/Birch_Leaves_2.mat using Guid(c9a90c8820136b14dafa3d416fbf4e8a) Importer(815301076,1909f56bfc062723c751e8b465ee728b)  -> (artifact id: '476509c3386ae3c9898b48c170adb72d') in 0.015471 seconds 
========================================================================
Received Import Request.
  Time since last request: 0.000048 seconds.
  path: Assets/Raygeas/Grasslands - Stylized Nature/Assets/Materials/Vegetation/Birch_Bark.mat
  artifactKey: Guid(5119c045476dc0c4b930f2644191a44d) Importer(815301076,1909f56bfc062723c751e8b465ee728b)
Start importing Assets/Raygeas/Grasslands - Stylized Nature/Assets/Materials/Vegetation/Birch_Bark.mat using Guid(5119c045476dc0c4b930f2644191a44d) Importer(815301076,1909f56bfc062723c751e8b465ee728b)  -> (artifact id: 'd9fb7e45616dae12e2c586b771010df0') in 0.026021 seconds 
========================================================================
Received Import Request.
  Time since last request: 0.000020 seconds.
  path: Assets/Raygeas/Grasslands - Stylized Nature/Assets/Materials/Vegetation/Big_Branches.mat
  artifactKey: Guid(d499219001082ac409e183cb68fb525c) Importer(815301076,1909f56bfc062723c751e8b465ee728b)
Start importing Assets/Raygeas/Grasslands - Stylized Nature/Assets/Materials/Vegetation/Big_Branches.mat using Guid(d499219001082ac409e183cb68fb525c) Importer(815301076,1909f56bfc062723c751e8b465ee728b)  -> (artifact id: '650e5becf60697c7a67631aef5d9d3d2') in 0.056960 seconds 
========================================================================
Received Import Request.
  Time since last request: 0.000021 seconds.
  path: Assets/Raygeas/Grasslands - Stylized Nature/Assets/Materials/Rocks/Clif_3.mat
  artifactKey: Guid(710158ae2c9c5d64f95d433c9820cf8f) Importer(815301076,1909f56bfc062723c751e8b465ee728b)
Start importing Assets/Raygeas/Grasslands - Stylized Nature/Assets/Materials/Rocks/Clif_3.mat using Guid(710158ae2c9c5d64f95d433c9820cf8f) Importer(815301076,1909f56bfc062723c751e8b465ee728b)  -> (artifact id: 'a9a741bc5b892b10ca61eb48e4bc8fc2') in 0.076009 seconds 
========================================================================
Received Import Request.
  Time since last request: 0.000024 seconds.
  path: Assets/Raygeas/Grasslands - Stylized Nature/Assets/Materials/Vegetation/Broadleaf_Bark.mat
  artifactKey: Guid(5fd645561007b8e498f31d5c62956c33) Importer(815301076,1909f56bfc062723c751e8b465ee728b)
Start importing Assets/Raygeas/Grasslands - Stylized Nature/Assets/Materials/Vegetation/Broadleaf_Bark.mat using Guid(5fd645561007b8e498f31d5c62956c33) Importer(815301076,1909f56bfc062723c751e8b465ee728b)  -> (artifact id: '7d034cac7469f63ac70db52cac6ce675') in 0.030893 seconds 
========================================================================
Received Import Request.
  Time since last request: 0.000025 seconds.
  path: Assets/Raygeas/Grasslands - Stylized Nature/Assets/Materials/Rocks/Small_Stones.mat
  artifactKey: Guid(f22bf0b31fd47a441b7c32ba8a31dc31) Importer(815301076,1909f56bfc062723c751e8b465ee728b)
Start importing Assets/Raygeas/Grasslands - Stylized Nature/Assets/Materials/Rocks/Small_Stones.mat using Guid(f22bf0b31fd47a441b7c32ba8a31dc31) Importer(815301076,1909f56bfc062723c751e8b465ee728b)  -> (artifact id: '1010445138d92bd3829272665f457cca') in 0.028865 seconds 
========================================================================
Received Import Request.
  Time since last request: 0.000026 seconds.
  path: Assets/Raygeas/Grasslands - Stylized Nature/Assets/Materials/Vegetation/Flowers_1.mat
  artifactKey: Guid(a4cd70e77d6ff5640b3761761e95caf6) Importer(815301076,1909f56bfc062723c751e8b465ee728b)
Start importing Assets/Raygeas/Grasslands - Stylized Nature/Assets/Materials/Vegetation/Flowers_1.mat using Guid(a4cd70e77d6ff5640b3761761e95caf6) Importer(815301076,1909f56bfc062723c751e8b465ee728b)  -> (artifact id: '2dc6631d2a494afa8cc8381986474e63') in 0.038718 seconds 
========================================================================
Received Import Request.
  Time since last request: 0.000019 seconds.
  path: Assets/Raygeas/Grasslands - Stylized Nature/Assets/Materials/Rocks/Clif_3_(no_grass).mat
  artifactKey: Guid(fa7c19476f5e97345ad1e4bf8e550a15) Importer(815301076,1909f56bfc062723c751e8b465ee728b)
Start importing Assets/Raygeas/Grasslands - Stylized Nature/Assets/Materials/Rocks/Clif_3_(no_grass).mat using Guid(fa7c19476f5e97345ad1e4bf8e550a15) Importer(815301076,1909f56bfc062723c751e8b465ee728b)  -> (artifact id: '518769a878913d6ff4582cca3c56d42f') in 0.082866 seconds 
========================================================================
Received Import Request.
  Time since last request: 41.343422 seconds.
  path: Assets/Raygeas/Grasslands - Stylized Nature/Assets/Audio/SceneMixer.mixer
  artifactKey: Guid(0665dad8c29b42e4bafc93d713b131c9) Importer(815301076,1909f56bfc062723c751e8b465ee728b)
Start importing Assets/Raygeas/Grasslands - Stylized Nature/Assets/Audio/SceneMixer.mixer using Guid(0665dad8c29b42e4bafc93d713b131c9) Importer(815301076,1909f56bfc062723c751e8b465ee728b)  -> (artifact id: '87d929339b1c455fce0b5fc04cfe04b8') in 0.014109 seconds 
========================================================================
Received Import Request.
  Time since last request: 14.005316 seconds.
  path: Assets/Raygeas/Grasslands - Stylized Nature/Demo/Grasslands Demo.unity
  artifactKey: Guid(2c9d71b156bef6846b6ba8d4b2f01fc2) Importer(815301076,1909f56bfc062723c751e8b465ee728b)
Start importing Assets/Raygeas/Grasslands - Stylized Nature/Demo/Grasslands Demo.unity using Guid(2c9d71b156bef6846b6ba8d4b2f01fc2) Importer(815301076,1909f56bfc062723c751e8b465ee728b)  -> (artifact id: 'd05d99f88a3bd615b258b796f68daf26') in 0.008948 seconds 
========================================================================
Received Prepare
Registering precompiled user dll's ...
Registered in 0.001164 seconds.
Begin MonoManager ReloadAssembly
Native extension for WindowsStandalone target not found
Native extension for iOS target not found
Native extension for Android target not found
Refreshing native plugins compatible for Editor in 0.71 ms, found 0 plugins.
Preloading 0 native plugins for Editor in 0.00 ms.
Warning: Annotation not found!
UnityEngine.StackTraceUtility:ExtractStackTrace ()
UnityEditor.ProBuilder.EditorUtility:SetGizmoIconEnabled (System.Type,bool) (at Library/PackageCache/com.unity.probuilder@5.0.3/Editor/EditorCore/EditorUtility.cs:575)
UnityEditor.ProBuilder.HierarchyListener:.cctor () (at Library/PackageCache/com.unity.probuilder@5.0.3/Editor/EditorCore/HierarchyListener.cs:21)
System.Runtime.CompilerServices.RuntimeHelpers:RunClassConstructor (System.RuntimeTypeHandle)
UnityEditor.EditorAssemblies:ProcessInitializeOnLoadAttributes (System.Type[])

[Library/PackageCache/com.unity.probuilder@5.0.3/Editor/EditorCore/EditorUtility.cs line 575]

Mono: successfully reloaded assembly
- Completed reload, in  0.925 seconds
Domain Reload Profiling:
	ReloadAssembly (926ms)
		BeginReloadAssembly (189ms)
			ExecutionOrderSort (0ms)
			DisableScriptedObjects (8ms)
			BackupInstance (0ms)
			ReleaseScriptingObjects (0ms)
			CreateAndSetChildDomain (55ms)
		EndReloadAssembly (658ms)
			LoadAssemblies (92ms)
			RebuildTransferFunctionScriptingTraits (0ms)
			SetupTypeCache (151ms)
			ReleaseScriptCaches (1ms)
			RebuildScriptCaches (36ms)
			SetupLoadedEditorAssemblies (330ms)
				LogAssemblyErrors (0ms)
				InitializePlatformSupportModulesInManaged (21ms)
				SetLoadedEditorAssemblies (0ms)
				RefreshPlugins (1ms)
				BeforeProcessingInitializeOnLoad (44ms)
				ProcessInitializeOnLoadAttributes (202ms)
				ProcessInitializeOnLoadMethodAttributes (59ms)
				AfterProcessingInitializeOnLoad (3ms)
				EditorAssembliesLoaded (0ms)
			ExecutionOrderSort2 (0ms)
			AwakeInstancesAfterBackupRestoration (15ms)
Platform modules already initialized, skipping
Refreshing native plugins compatible for Editor in 0.71 ms, found 0 plugins.
Preloading 0 native plugins for Editor in 0.00 ms.
Unloading 3226 Unused Serialized files (Serialized files now loaded: 0)
Unloading 23 unused Assets / (0.7 MB). Loaded Objects now: 3994.
Memory consumption went from 266.3 MB to 265.6 MB.
Total: 2.820000 ms (FindLiveObjects: 0.187100 ms CreateObjectMapping: 0.062200 ms MarkObjects: 2.255700 ms  DeleteObjects: 0.313700 ms)

AssetImportParameters requested are different than current active one (requested -> active):
  custom:video-decoder-ogg-theora: a1e56fd34408186e4bbccfd4996cb3dc -> 
  custom:container-muxer-webm: aa71ff27fc2769a1b78a27578f13a17b -> 
  custom:container-demuxer-webm: 4f35f7cbe854078d1ac9338744f61a02 -> 
  custom:video-encoder-webm-vp8: eb34c28f22e8b96e1ab97ce403110664 -> 
  custom:video-codec-MediaFoundation-h265: 746d11721c4dcdbdad8f713fa42b33f4 -> 
  custom:audio-encoder-webm-vorbis: bf7c407c2cedff20999df2af8eb42d56 -> 
  custom:framework-win-MediaFoundation: 216162199b28c13a410421893ffa2e32 -> 
  custom:container-demuxer-ogg: 62fdf1f143b41e24485cea50d1cbac27 -> 
  custom:video-decoder-webm-vp8: 9c59270c3fd7afecdb556c50c9e8de78 -> 
  custom:audio-decoder-ogg-vorbis: bf7c407c2cedff20999df2af8eb42d56 -> 
========================================================================
Received Prepare
Registering precompiled user dll's ...
Registered in 0.001205 seconds.
Begin MonoManager ReloadAssembly
Native extension for WindowsStandalone target not found
Native extension for iOS target not found
Native extension for Android target not found
Refreshing native plugins compatible for Editor in 0.47 ms, found 0 plugins.
Preloading 0 native plugins for Editor in 0.00 ms.
Warning: Annotation not found!
UnityEngine.StackTraceUtility:ExtractStackTrace ()
UnityEditor.ProBuilder.EditorUtility:SetGizmoIconEnabled (System.Type,bool) (at Library/PackageCache/com.unity.probuilder@5.0.3/Editor/EditorCore/EditorUtility.cs:575)
UnityEditor.ProBuilder.HierarchyListener:.cctor () (at Library/PackageCache/com.unity.probuilder@5.0.3/Editor/EditorCore/HierarchyListener.cs:21)
System.Runtime.CompilerServices.RuntimeHelpers:RunClassConstructor (System.RuntimeTypeHandle)
UnityEditor.EditorAssemblies:ProcessInitializeOnLoadAttributes (System.Type[])

[Library/PackageCache/com.unity.probuilder@5.0.3/Editor/EditorCore/EditorUtility.cs line 575]

Mono: successfully reloaded assembly
- Completed reload, in  0.764 seconds
Domain Reload Profiling:
	ReloadAssembly (765ms)
		BeginReloadAssembly (99ms)
			ExecutionOrderSort (0ms)
			DisableScriptedObjects (4ms)
			BackupInstance (0ms)
			ReleaseScriptingObjects (0ms)
			CreateAndSetChildDomain (22ms)
		EndReloadAssembly (605ms)
			LoadAssemblies (59ms)
			RebuildTransferFunctionScriptingTraits (0ms)
			SetupTypeCache (128ms)
			ReleaseScriptCaches (1ms)
			RebuildScriptCaches (30ms)
			SetupLoadedEditorAssemblies (328ms)
				LogAssemblyErrors (0ms)
				InitializePlatformSupportModulesInManaged (19ms)
				SetLoadedEditorAssemblies (0ms)
				RefreshPlugins (1ms)
				BeforeProcessingInitializeOnLoad (45ms)
				ProcessInitializeOnLoadAttributes (196ms)
				ProcessInitializeOnLoadMethodAttributes (63ms)
				AfterProcessingInitializeOnLoad (3ms)
				EditorAssembliesLoaded (0ms)
			ExecutionOrderSort2 (0ms)
			AwakeInstancesAfterBackupRestoration (14ms)
Platform modules already initialized, skipping
Refreshing native plugins compatible for Editor in 1.11 ms, found 0 plugins.
Preloading 0 native plugins for Editor in 0.00 ms.
Unloading 3226 Unused Serialized files (Serialized files now loaded: 0)
Unloading 23 unused Assets / (0.7 MB). Loaded Objects now: 4009.
Memory consumption went from 266.2 MB to 265.5 MB.
Total: 3.696300 ms (FindLiveObjects: 0.309800 ms CreateObjectMapping: 0.151900 ms MarkObjects: 2.636100 ms  DeleteObjects: 0.596900 ms)

AssetImportParameters requested are different than current active one (requested -> active):
  custom:video-decoder-ogg-theora: a1e56fd34408186e4bbccfd4996cb3dc -> 
  custom:container-muxer-webm: aa71ff27fc2769a1b78a27578f13a17b -> 
  custom:container-demuxer-webm: 4f35f7cbe854078d1ac9338744f61a02 -> 
  custom:video-encoder-webm-vp8: eb34c28f22e8b96e1ab97ce403110664 -> 
  custom:video-codec-MediaFoundation-h265: 746d11721c4dcdbdad8f713fa42b33f4 -> 
  custom:audio-encoder-webm-vorbis: bf7c407c2cedff20999df2af8eb42d56 -> 
  custom:framework-win-MediaFoundation: 216162199b28c13a410421893ffa2e32 -> 
  custom:container-demuxer-ogg: 62fdf1f143b41e24485cea50d1cbac27 -> 
  custom:video-decoder-webm-vp8: 9c59270c3fd7afecdb556c50c9e8de78 -> 
  custom:audio-decoder-ogg-vorbis: bf7c407c2cedff20999df2af8eb42d56 -> 
========================================================================
Received Prepare
Registering precompiled user dll's ...
Registered in 0.002596 seconds.
Begin MonoManager ReloadAssembly
Native extension for WindowsStandalone target not found
Native extension for iOS target not found
Native extension for Android target not found
Refreshing native plugins compatible for Editor in 0.64 ms, found 0 plugins.
Preloading 0 native plugins for Editor in 0.00 ms.
Warning: Annotation not found!
UnityEngine.StackTraceUtility:ExtractStackTrace ()
UnityEditor.ProBuilder.EditorUtility:SetGizmoIconEnabled (System.Type,bool) (at Library/PackageCache/com.unity.probuilder@5.0.3/Editor/EditorCore/EditorUtility.cs:575)
UnityEditor.ProBuilder.HierarchyListener:.cctor () (at Library/PackageCache/com.unity.probuilder@5.0.3/Editor/EditorCore/HierarchyListener.cs:21)
System.Runtime.CompilerServices.RuntimeHelpers:RunClassConstructor (System.RuntimeTypeHandle)
UnityEditor.EditorAssemblies:ProcessInitializeOnLoadAttributes (System.Type[])

[Library/PackageCache/com.unity.probuilder@5.0.3/Editor/EditorCore/EditorUtility.cs line 575]

Mono: successfully reloaded assembly
- Completed reload, in  0.836 seconds
Domain Reload Profiling:
	ReloadAssembly (837ms)
		BeginReloadAssembly (95ms)
			ExecutionOrderSort (0ms)
			DisableScriptedObjects (3ms)
			BackupInstance (0ms)
			ReleaseScriptingObjects (0ms)
			CreateAndSetChildDomain (22ms)
		EndReloadAssembly (671ms)
			LoadAssemblies (52ms)
			RebuildTransferFunctionScriptingTraits (0ms)
			SetupTypeCache (159ms)
			ReleaseScriptCaches (2ms)
			RebuildScriptCaches (37ms)
			SetupLoadedEditorAssemblies (340ms)
				LogAssemblyErrors (0ms)
				InitializePlatformSupportModulesInManaged (22ms)
				SetLoadedEditorAssemblies (0ms)
				RefreshPlugins (1ms)
				BeforeProcessingInitializeOnLoad (41ms)
				ProcessInitializeOnLoadAttributes (198ms)
				ProcessInitializeOnLoadMethodAttributes (73ms)
				AfterProcessingInitializeOnLoad (5ms)
				EditorAssembliesLoaded (0ms)
			ExecutionOrderSort2 (0ms)
			AwakeInstancesAfterBackupRestoration (17ms)
Platform modules already initialized, skipping
Refreshing native plugins compatible for Editor in 0.68 ms, found 0 plugins.
Preloading 0 native plugins for Editor in 0.00 ms.
Unloading 3226 Unused Serialized files (Serialized files now loaded: 0)
Unloading 23 unused Assets / (0.7 MB). Loaded Objects now: 4024.
Memory consumption went from 266.2 MB to 265.5 MB.
Total: 2.572000 ms (FindLiveObjects: 0.178200 ms CreateObjectMapping: 0.063700 ms MarkObjects: 2.028600 ms  DeleteObjects: 0.300600 ms)

AssetImportParameters requested are different than current active one (requested -> active):
  custom:video-decoder-ogg-theora: a1e56fd34408186e4bbccfd4996cb3dc -> 
  custom:container-muxer-webm: aa71ff27fc2769a1b78a27578f13a17b -> 
  custom:container-demuxer-webm: 4f35f7cbe854078d1ac9338744f61a02 -> 
  custom:video-encoder-webm-vp8: eb34c28f22e8b96e1ab97ce403110664 -> 
  custom:video-codec-MediaFoundation-h265: 746d11721c4dcdbdad8f713fa42b33f4 -> 
  custom:audio-encoder-webm-vorbis: bf7c407c2cedff20999df2af8eb42d56 -> 
  custom:framework-win-MediaFoundation: 216162199b28c13a410421893ffa2e32 -> 
  custom:container-demuxer-ogg: 62fdf1f143b41e24485cea50d1cbac27 -> 
  custom:video-decoder-webm-vp8: 9c59270c3fd7afecdb556c50c9e8de78 -> 
  custom:audio-decoder-ogg-vorbis: bf7c407c2cedff20999df2af8eb42d56 -> 
========================================================================
Received Prepare
Registering precompiled user dll's ...
Registered in 0.001081 seconds.
Begin MonoManager ReloadAssembly
Native extension for WindowsStandalone target not found
Native extension for iOS target not found
Native extension for Android target not found
Refreshing native plugins compatible for Editor in 0.42 ms, found 0 plugins.
Preloading 0 native plugins for Editor in 0.00 ms.
Warning: Annotation not found!
UnityEngine.StackTraceUtility:ExtractStackTrace ()
UnityEditor.ProBuilder.EditorUtility:SetGizmoIconEnabled (System.Type,bool) (at Library/PackageCache/com.unity.probuilder@5.0.3/Editor/EditorCore/EditorUtility.cs:575)
UnityEditor.ProBuilder.HierarchyListener:.cctor () (at Library/PackageCache/com.unity.probuilder@5.0.3/Editor/EditorCore/HierarchyListener.cs:21)
System.Runtime.CompilerServices.RuntimeHelpers:RunClassConstructor (System.RuntimeTypeHandle)
UnityEditor.EditorAssemblies:ProcessInitializeOnLoadAttributes (System.Type[])

[Library/PackageCache/com.unity.probuilder@5.0.3/Editor/EditorCore/EditorUtility.cs line 575]

Mono: successfully reloaded assembly
- Completed reload, in  0.766 seconds
Domain Reload Profiling:
	ReloadAssembly (767ms)
		BeginReloadAssembly (102ms)
			ExecutionOrderSort (0ms)
			DisableScriptedObjects (3ms)
			BackupInstance (0ms)
			ReleaseScriptingObjects (0ms)
			CreateAndSetChildDomain (27ms)
		EndReloadAssembly (595ms)
			LoadAssemblies (57ms)
			RebuildTransferFunctionScriptingTraits (0ms)
			SetupTypeCache (119ms)
			ReleaseScriptCaches (1ms)
			RebuildScriptCaches (29ms)
			SetupLoadedEditorAssemblies (328ms)
				LogAssemblyErrors (0ms)
				InitializePlatformSupportModulesInManaged (18ms)
				SetLoadedEditorAssemblies (0ms)
				RefreshPlugins (0ms)
				BeforeProcessingInitializeOnLoad (40ms)
				ProcessInitializeOnLoadAttributes (197ms)
				ProcessInitializeOnLoadMethodAttributes (68ms)
				AfterProcessingInitializeOnLoad (4ms)
				EditorAssembliesLoaded (0ms)
			ExecutionOrderSort2 (0ms)
			AwakeInstancesAfterBackupRestoration (17ms)
Platform modules already initialized, skipping
Refreshing native plugins compatible for Editor in 0.88 ms, found 0 plugins.
Preloading 0 native plugins for Editor in 0.00 ms.
Unloading 3226 Unused Serialized files (Serialized files now loaded: 0)
Unloading 23 unused Assets / (0.7 MB). Loaded Objects now: 4039.
Memory consumption went from 266.2 MB to 265.6 MB.
Total: 4.345400 ms (FindLiveObjects: 0.394700 ms CreateObjectMapping: 0.121300 ms MarkObjects: 3.360000 ms  DeleteObjects: 0.467000 ms)

AssetImportParameters requested are different than current active one (requested -> active):
  custom:video-decoder-ogg-theora: a1e56fd34408186e4bbccfd4996cb3dc -> 
  custom:container-muxer-webm: aa71ff27fc2769a1b78a27578f13a17b -> 
  custom:container-demuxer-webm: 4f35f7cbe854078d1ac9338744f61a02 -> 
  custom:video-encoder-webm-vp8: eb34c28f22e8b96e1ab97ce403110664 -> 
  custom:video-codec-MediaFoundation-h265: 746d11721c4dcdbdad8f713fa42b33f4 -> 
  custom:audio-encoder-webm-vorbis: bf7c407c2cedff20999df2af8eb42d56 -> 
  custom:framework-win-MediaFoundation: 216162199b28c13a410421893ffa2e32 -> 
  custom:container-demuxer-ogg: 62fdf1f143b41e24485cea50d1cbac27 -> 
  custom:video-decoder-webm-vp8: 9c59270c3fd7afecdb556c50c9e8de78 -> 
  custom:audio-decoder-ogg-vorbis: bf7c407c2cedff20999df2af8eb42d56 -> 
