Using pre-set license
Built from '2021.3/staging' branch; Version is '2021.3.23f1 (213b516bf396) revision 2177873'; Using compiler version '192829333'; Build Type 'Release'
OS: 'Windows 10  (10.0.19045) 64bit Education' Language: 'ko' Physical Memory: 32555 MB
BatchMode: 1, IsHumanControllingUs: 0, StartBugReporterOnCrash: 0, Is64bit: 1, IsPro: 1

COMMAND LINE ARGUMENTS:
C:\Program Files\Unity\Hub\Editor\2021.3.23f1\Editor\Unity.exe
-adb2
-batchMode
-noUpm
-name
AssetImportWorker7
-projectPath
C:/Users/Choi/Documents/GitHub/DK_GP/stylised-character-controller
-logFile
Logs/AssetImportWorker7.log
-srvPort
50662
Successfully changed project path to: C:/Users/Choi/Documents/GitHub/DK_GP/stylised-character-controller
C:/Users/Choi/Documents/GitHub/DK_GP/stylised-character-controller
[UnityMemory] Configuration Parameters - Can be set up in boot.config
    "memorysetup-bucket-allocator-granularity=16"
    "memorysetup-bucket-allocator-bucket-count=8"
    "memorysetup-bucket-allocator-block-size=33554432"
    "memorysetup-bucket-allocator-block-count=8"
    "memorysetup-main-allocator-block-size=16777216"
    "memorysetup-thread-allocator-block-size=16777216"
    "memorysetup-gfx-main-allocator-block-size=16777216"
    "memorysetup-gfx-thread-allocator-block-size=16777216"
    "memorysetup-cache-allocator-block-size=4194304"
    "memorysetup-typetree-allocator-block-size=2097152"
    "memorysetup-profiler-bucket-allocator-granularity=16"
    "memorysetup-profiler-bucket-allocator-bucket-count=8"
    "memorysetup-profiler-bucket-allocator-block-size=33554432"
    "memorysetup-profiler-bucket-allocator-block-count=8"
    "memorysetup-profiler-allocator-block-size=16777216"
    "memorysetup-profiler-editor-allocator-block-size=1048576"
    "memorysetup-temp-allocator-size-main=16777216"
    "memorysetup-job-temp-allocator-block-size=2097152"
    "memorysetup-job-temp-allocator-block-size-background=1048576"
    "memorysetup-job-temp-allocator-reduction-small-platforms=262144"
    "memorysetup-temp-allocator-size-background-worker=32768"
    "memorysetup-temp-allocator-size-job-worker=262144"
    "memorysetup-temp-allocator-size-preload-manager=33554432"
    "memorysetup-temp-allocator-size-nav-mesh-worker=65536"
    "memorysetup-temp-allocator-size-audio-worker=65536"
    "memorysetup-temp-allocator-size-cloud-worker=32768"
    "memorysetup-temp-allocator-size-gi-baking-worker=262144"
    "memorysetup-temp-allocator-size-gfx=262144"
Player connection [41324] Host "[IP] 192.168.219.102 [Port] 0 [Flags] 2 [Guid] 853189088 [EditorId] 853189088 [Version] 1048832 [Id] WindowsEditor(7,DESKTOP-VL9NS21) [Debug] 1 [PackageName] WindowsEditor [ProjectName] Editor" joined multi-casting on [225.0.0.222:54997]...

Player connection [41324] Host "[IP] 192.168.219.102 [Port] 0 [Flags] 2 [Guid] 853189088 [EditorId] 853189088 [Version] 1048832 [Id] WindowsEditor(7,DESKTOP-VL9NS21) [Debug] 1 [PackageName] WindowsEditor [ProjectName] Editor" joined alternative multi-casting on [225.0.0.222:34997]...

Refreshing native plugins compatible for Editor in 134.97 ms, found 0 plugins.
Preloading 0 native plugins for Editor in 0.00 ms.
Initialize engine version: 2021.3.23f1 (213b516bf396)
[Subsystems] Discovering subsystems at path C:/Program Files/Unity/Hub/Editor/2021.3.23f1/Editor/Data/Resources/UnitySubsystems
[Subsystems] Discovering subsystems at path C:/Users/Choi/Documents/GitHub/DK_GP/stylised-character-controller/Assets
GfxDevice: creating device client; threaded=0; jobified=0
Direct3D:
    Version:  Direct3D 11.0 [level 11.1]
    Renderer: NVIDIA GeForce RTX 3080 (ID=0x2216)
    Vendor:   NVIDIA
    VRAM:     10053 MB
    Driver:   31.0.15.5244
Initialize mono
Mono path[0] = 'C:/Program Files/Unity/Hub/Editor/2021.3.23f1/Editor/Data/Managed'
Mono path[1] = 'C:/Program Files/Unity/Hub/Editor/2021.3.23f1/Editor/Data/MonoBleedingEdge/lib/mono/unityjit-win32'
Mono config path = 'C:/Program Files/Unity/Hub/Editor/2021.3.23f1/Editor/Data/MonoBleedingEdge/etc'
Using monoOptions --debugger-agent=transport=dt_socket,embedding=1,server=y,suspend=n,address=127.0.0.1:56868
Begin MonoManager ReloadAssembly
Registering precompiled unity dll's ...
Register platform support module: C:/Program Files/Unity/Hub/Editor/2021.3.23f1/Editor/Data/PlaybackEngines/WindowsStandaloneSupport/UnityEditor.WindowsStandalone.Extensions.dll
Registered in 0.098774 seconds.
Native extension for WindowsStandalone target not found
Refreshing native plugins compatible for Editor in 125.96 ms, found 0 plugins.
Preloading 0 native plugins for Editor in 0.00 ms.
Mono: successfully reloaded assembly
- Completed reload, in  4.470 seconds
Domain Reload Profiling:
	ReloadAssembly (4470ms)
		BeginReloadAssembly (3684ms)
			ExecutionOrderSort (0ms)
			DisableScriptedObjects (0ms)
			BackupInstance (0ms)
			ReleaseScriptingObjects (0ms)
			CreateAndSetChildDomain (1ms)
		EndReloadAssembly (566ms)
			LoadAssemblies (3679ms)
			RebuildTransferFunctionScriptingTraits (0ms)
			SetupTypeCache (121ms)
			ReleaseScriptCaches (0ms)
			RebuildScriptCaches (33ms)
			SetupLoadedEditorAssemblies (345ms)
				LogAssemblyErrors (0ms)
				InitializePlatformSupportModulesInManaged (11ms)
				SetLoadedEditorAssemblies (0ms)
				RefreshPlugins (126ms)
				BeforeProcessingInitializeOnLoad (2ms)
				ProcessInitializeOnLoadAttributes (143ms)
				ProcessInitializeOnLoadMethodAttributes (63ms)
				AfterProcessingInitializeOnLoad (0ms)
				EditorAssembliesLoaded (0ms)
			ExecutionOrderSort2 (0ms)
			AwakeInstancesAfterBackupRestoration (0ms)
Platform modules already initialized, skipping
Registering precompiled user dll's ...
Registered in 0.007182 seconds.
Begin MonoManager ReloadAssembly
Native extension for WindowsStandalone target not found
Refreshing native plugins compatible for Editor in 130.14 ms, found 0 plugins.
Preloading 0 native plugins for Editor in 0.00 ms.
Mono: successfully reloaded assembly
- Completed reload, in  1.892 seconds
Domain Reload Profiling:
	ReloadAssembly (1893ms)
		BeginReloadAssembly (145ms)
			ExecutionOrderSort (0ms)
			DisableScriptedObjects (6ms)
			BackupInstance (0ms)
			ReleaseScriptingObjects (0ms)
			CreateAndSetChildDomain (17ms)
		EndReloadAssembly (1605ms)
			LoadAssemblies (200ms)
			RebuildTransferFunctionScriptingTraits (0ms)
			SetupTypeCache (266ms)
			ReleaseScriptCaches (1ms)
			RebuildScriptCaches (98ms)
			SetupLoadedEditorAssemblies (1014ms)
				LogAssemblyErrors (0ms)
				InitializePlatformSupportModulesInManaged (8ms)
				SetLoadedEditorAssemblies (0ms)
				RefreshPlugins (130ms)
				BeforeProcessingInitializeOnLoad (135ms)
				ProcessInitializeOnLoadAttributes (685ms)
				ProcessInitializeOnLoadMethodAttributes (43ms)
				AfterProcessingInitializeOnLoad (12ms)
				EditorAssembliesLoaded (0ms)
			ExecutionOrderSort2 (0ms)
			AwakeInstancesAfterBackupRestoration (8ms)
Platform modules already initialized, skipping
========================================================================
Worker process is ready to serve import requests
Launched and connected shader compiler UnityShaderCompiler.exe after 0.05 seconds
Refreshing native plugins compatible for Editor in 0.82 ms, found 0 plugins.
Preloading 0 native plugins for Editor in 0.00 ms.
Unloading 5230 Unused Serialized files (Serialized files now loaded: 0)
Unloading 308 unused Assets / (11.5 MB). Loaded Objects now: 5574.
Memory consumption went from 389.1 MB to 377.6 MB.
Total: 4.200200 ms (FindLiveObjects: 0.311600 ms CreateObjectMapping: 0.215300 ms MarkObjects: 2.196400 ms  DeleteObjects: 1.476400 ms)

AssetImportParameters requested are different than current active one (requested -> active):
  custom:video-decoder-ogg-theora: a1e56fd34408186e4bbccfd4996cb3dc -> 
  custom:container-muxer-webm: aa71ff27fc2769a1b78a27578f13a17b -> 
  custom:container-demuxer-webm: 4f35f7cbe854078d1ac9338744f61a02 -> 
  custom:video-encoder-webm-vp8: eb34c28f22e8b96e1ab97ce403110664 -> 
  custom:audio-encoder-webm-vorbis: bf7c407c2cedff20999df2af8eb42d56 -> 
  custom:framework-win-MediaFoundation: 216162199b28c13a410421893ffa2e32 -> 
  custom:SearchIndexIgnoredProperties: e643bd26f0fe6173181afceb89e7c659 -> 
  custom:container-demuxer-ogg: 62fdf1f143b41e24485cea50d1cbac27 -> 
  custom:video-decoder-webm-vp8: 9c59270c3fd7afecdb556c50c9e8de78 -> 
  custom:audio-decoder-ogg-vorbis: bf7c407c2cedff20999df2af8eb42d56 -> 
========================================================================
Received Import Request.
  Time since last request: 11851.423485 seconds.
  path: Packages/com.unity.inputsystem/InputSystem/Editor/AssetEditor/Resources/pro/actionTreeBackground.png
  artifactKey: Guid(c4b66e31395c54087a2fbc13ae7e0f3c) Importer(815301076,1909f56bfc062723c751e8b465ee728b)
Start importing Packages/com.unity.inputsystem/InputSystem/Editor/AssetEditor/Resources/pro/actionTreeBackground.png using Guid(c4b66e31395c54087a2fbc13ae7e0f3c) Importer(815301076,1909f56bfc062723c751e8b465ee728b)  -> (artifact id: '0c01927162a60898f303d2c6898b6ef7') in 0.151528 seconds 
========================================================================
Received Import Request.
  Time since last request: 0.000040 seconds.
  path: Packages/com.unity.probuilder/Content/Icons/Tools/ShapeTool/Arch_Light.png
  artifactKey: Guid(ba8d0d3e2af01a442b80960299ed9d2e) Importer(815301076,1909f56bfc062723c751e8b465ee728b)
Start importing Packages/com.unity.probuilder/Content/Icons/Tools/ShapeTool/Arch_Light.png using Guid(ba8d0d3e2af01a442b80960299ed9d2e) Importer(815301076,1909f56bfc062723c751e8b465ee728b)  -> (artifact id: '618dee44a3b656f98c11384dbf627690') in 0.016840 seconds 
========================================================================
Received Import Request.
  Time since last request: 0.000038 seconds.
  path: Assets/Raygeas/Grasslands - Stylized Nature/Assets/Textures/Vegetation/Branch_Albedo.png
  artifactKey: Guid(18137767277b85845806af2ade4a4396) Importer(815301076,1909f56bfc062723c751e8b465ee728b)
Start importing Assets/Raygeas/Grasslands - Stylized Nature/Assets/Textures/Vegetation/Branch_Albedo.png using Guid(18137767277b85845806af2ade4a4396) Importer(815301076,1909f56bfc062723c751e8b465ee728b)  -> (artifact id: '13971c6ffade52bd445f997df6928792') in 0.027569 seconds 
========================================================================
Received Import Request.
  Time since last request: 0.000020 seconds.
  path: Assets/HIGHLANDS - Stylized Environment/Textures/Camp/Boiler_Bonfire_Emission.png
  artifactKey: Guid(6324e5dd9ae789849bb123e814533592) Importer(815301076,1909f56bfc062723c751e8b465ee728b)
Start importing Assets/HIGHLANDS - Stylized Environment/Textures/Camp/Boiler_Bonfire_Emission.png using Guid(6324e5dd9ae789849bb123e814533592) Importer(815301076,1909f56bfc062723c751e8b465ee728b)  -> (artifact id: 'c48dee1a5aec568cb78aa6f132bbf25f') in 0.015907 seconds 
========================================================================
Received Import Request.
  Time since last request: 0.000019 seconds.
  path: Assets/Raygeas/Grasslands - Stylized Nature/Assets/Textures/Vegetation/Branch_Normal.png
  artifactKey: Guid(6a7ab04dff41ca44abe15cb7cd90d71f) Importer(815301076,1909f56bfc062723c751e8b465ee728b)
Start importing Assets/Raygeas/Grasslands - Stylized Nature/Assets/Textures/Vegetation/Branch_Normal.png using Guid(6a7ab04dff41ca44abe15cb7cd90d71f) Importer(815301076,1909f56bfc062723c751e8b465ee728b)  -> (artifact id: '9a514904071f1cabb195a3be2649ad2d') in 0.046434 seconds 
========================================================================
Received Import Request.
  Time since last request: 0.000020 seconds.
  path: Packages/com.unity.probuilder/Content/Icons/Toolbar/AltButton_Pressed.png
  artifactKey: Guid(2306494ea7af64c58819a58d4396773f) Importer(815301076,1909f56bfc062723c751e8b465ee728b)
Start importing Packages/com.unity.probuilder/Content/Icons/Toolbar/AltButton_Pressed.png using Guid(2306494ea7af64c58819a58d4396773f) Importer(815301076,1909f56bfc062723c751e8b465ee728b)  -> (artifact id: '09d97a62a0bef594b18256e281077f29') in 0.021138 seconds 
========================================================================
Received Import Request.
  Time since last request: 0.000024 seconds.
  path: Packages/com.unity.probuilder/Content/Icons/Toolbar/Button_Hover_Horizontal.png
  artifactKey: Guid(942688bbdf9e1427a96370f9a35d7fbf) Importer(815301076,1909f56bfc062723c751e8b465ee728b)
Start importing Packages/com.unity.probuilder/Content/Icons/Toolbar/Button_Hover_Horizontal.png using Guid(942688bbdf9e1427a96370f9a35d7fbf) Importer(815301076,1909f56bfc062723c751e8b465ee728b)  -> (artifact id: 'f079eb853f363c9f0506444ebef8c068') in 0.018894 seconds 
========================================================================
Received Import Request.
  Time since last request: 0.000030 seconds.
  path: Packages/com.unity.probuilder/Content/Icons/Tools/ShapeTool/Arch@2x_Light.png
  artifactKey: Guid(883681e440ab51b4eb2f55fdc864b1c9) Importer(815301076,1909f56bfc062723c751e8b465ee728b)
Start importing Packages/com.unity.probuilder/Content/Icons/Tools/ShapeTool/Arch@2x_Light.png using Guid(883681e440ab51b4eb2f55fdc864b1c9) Importer(815301076,1909f56bfc062723c751e8b465ee728b)  -> (artifact id: 'd2d5915c81bf724ac43d29fd55a88caa') in 0.018132 seconds 
========================================================================
Received Import Request.
  Time since last request: 0.000024 seconds.
  path: Assets/Imported/DynamicShadowProjector/ProjectorForLWRP-master-universalrp/Samples/Textures/BlobShadowHarsh.png
  artifactKey: Guid(2a0788496e848ff4b87ff5fe59df5c76) Importer(815301076,1909f56bfc062723c751e8b465ee728b)
Start importing Assets/Imported/DynamicShadowProjector/ProjectorForLWRP-master-universalrp/Samples/Textures/BlobShadowHarsh.png using Guid(2a0788496e848ff4b87ff5fe59df5c76) Importer(815301076,1909f56bfc062723c751e8b465ee728b)  -> (artifact id: 'a08e60ddadff112055c1908e3eccde6d') in 0.014303 seconds 
========================================================================
Received Import Request.
  Time since last request: 0.000023 seconds.
  path: Assets/Raygeas/Grasslands - Stylized Nature/Assets/Textures/Particle Effects/Birds.png
  artifactKey: Guid(9124dc55d2f1637449162adb50bc6cde) Importer(815301076,1909f56bfc062723c751e8b465ee728b)
Start importing Assets/Raygeas/Grasslands - Stylized Nature/Assets/Textures/Particle Effects/Birds.png using Guid(9124dc55d2f1637449162adb50bc6cde) Importer(815301076,1909f56bfc062723c751e8b465ee728b)  -> (artifact id: 'cbbbe6b0b8be2c7f09eadf8ce8cce2b1') in 0.015097 seconds 
========================================================================
Received Import Request.
  Time since last request: 0.000025 seconds.
  path: Assets/Raygeas/Grasslands - Stylized Nature/Assets/Textures/Environment/Bridge_Albedo.png
  artifactKey: Guid(ec8e0f9e45ebfb5458d60cc52b45e21f) Importer(815301076,1909f56bfc062723c751e8b465ee728b)
Start importing Assets/Raygeas/Grasslands - Stylized Nature/Assets/Textures/Environment/Bridge_Albedo.png using Guid(ec8e0f9e45ebfb5458d60cc52b45e21f) Importer(815301076,1909f56bfc062723c751e8b465ee728b)  -> (artifact id: '136543a8c700e29b1f908c18d0d51cad') in 0.018369 seconds 
========================================================================
Received Import Request.
  Time since last request: 0.000035 seconds.
  path: Packages/com.unity.probuilder/Content/Icons/Toolbar/Button_Pressed_Horizontal.png
  artifactKey: Guid(812226b3d99374891a555960dac7ef49) Importer(815301076,1909f56bfc062723c751e8b465ee728b)
Start importing Packages/com.unity.probuilder/Content/Icons/Toolbar/Button_Pressed_Horizontal.png using Guid(812226b3d99374891a555960dac7ef49) Importer(815301076,1909f56bfc062723c751e8b465ee728b)  -> (artifact id: 'e2bfa93143146776b4beeaf71da4e76e') in 0.019690 seconds 
========================================================================
Received Import Request.
  Time since last request: 0.000019 seconds.
  path: Packages/com.unity.textmeshpro/Editor Resources/Textures/btn_AlignTop.psd
  artifactKey: Guid(48d034c499ee4697af9dd6e327110249) Importer(815301076,1909f56bfc062723c751e8b465ee728b)
Start importing Packages/com.unity.textmeshpro/Editor Resources/Textures/btn_AlignTop.psd using Guid(48d034c499ee4697af9dd6e327110249) Importer(815301076,1909f56bfc062723c751e8b465ee728b)  -> (artifact id: 'e6d7d64f35b63a48e60114257e5ec373') in 0.021127 seconds 
========================================================================
Received Import Request.
  Time since last request: 0.000021 seconds.
  path: Packages/com.unity.probuilder/Content/Icons/Tools/ShapeTool/on/Capsule.png
  artifactKey: Guid(9e9f078afae5aef46a4883459dc1982f) Importer(815301076,1909f56bfc062723c751e8b465ee728b)
Start importing Packages/com.unity.probuilder/Content/Icons/Tools/ShapeTool/on/Capsule.png using Guid(9e9f078afae5aef46a4883459dc1982f) Importer(815301076,1909f56bfc062723c751e8b465ee728b)  -> (artifact id: 'aff5c95d38967371dca9a2ba7801e431') in 0.017249 seconds 
========================================================================
Received Import Request.
  Time since last request: 0.000021 seconds.
  path: Packages/com.unity.inputsystem/InputSystem/Editor/Icons/Add Binding@4x.png
  artifactKey: Guid(862c5ca31844d4a6d9aa804af982ce65) Importer(815301076,1909f56bfc062723c751e8b465ee728b)
Start importing Packages/com.unity.inputsystem/InputSystem/Editor/Icons/Add Binding@4x.png using Guid(862c5ca31844d4a6d9aa804af982ce65) Importer(815301076,1909f56bfc062723c751e8b465ee728b)  -> (artifact id: '258c9cfa7c7021b8445863e7120877cf') in 0.018765 seconds 
========================================================================
Received Import Request.
  Time since last request: 0.000024 seconds.
  path: Packages/com.unity.textmeshpro/Editor Resources/Textures/btn_AlignMiddle_Light.psd
  artifactKey: Guid(066619c9c9c84f89acb1b48c11a7efe2) Importer(815301076,1909f56bfc062723c751e8b465ee728b)
Start importing Packages/com.unity.textmeshpro/Editor Resources/Textures/btn_AlignMiddle_Light.psd using Guid(066619c9c9c84f89acb1b48c11a7efe2) Importer(815301076,1909f56bfc062723c751e8b465ee728b)  -> (artifact id: 'cbe6dd86657d11e9a4bab93df39c07ae') in 0.017779 seconds 
========================================================================
Received Import Request.
  Time since last request: 0.000020 seconds.
  path: Assets/Raygeas/Grasslands - Stylized Nature/Assets/Textures/Vegetation/Birch_Bark_Normal.png
  artifactKey: Guid(000e42b8eadd5014ba00f0b62e46a694) Importer(815301076,1909f56bfc062723c751e8b465ee728b)
Start importing Assets/Raygeas/Grasslands - Stylized Nature/Assets/Textures/Vegetation/Birch_Bark_Normal.png using Guid(000e42b8eadd5014ba00f0b62e46a694) Importer(815301076,1909f56bfc062723c751e8b465ee728b)  -> (artifact id: '46c90d2ec0d8ba75698a44967dbc9610') in 0.015366 seconds 
========================================================================
Received Import Request.
  Time since last request: 0.000022 seconds.
  path: Assets/Raygeas/Grasslands - Stylized Nature/Assets/Textures/Vegetation/Branches_MetallicSmoothness.png
  artifactKey: Guid(b908019a4db26304d9ef015ccc0b43d3) Importer(815301076,1909f56bfc062723c751e8b465ee728b)
Start importing Assets/Raygeas/Grasslands - Stylized Nature/Assets/Textures/Vegetation/Branches_MetallicSmoothness.png using Guid(b908019a4db26304d9ef015ccc0b43d3) Importer(815301076,1909f56bfc062723c751e8b465ee728b)  -> (artifact id: '3c23475de4c630fde7e1d457af70411f') in 0.014852 seconds 
========================================================================
Received Import Request.
  Time since last request: 0.000021 seconds.
  path: Packages/com.unity.probuilder/Content/Icons/Tools/ShapeTool/on/Arch.png
  artifactKey: Guid(59174e0e17d65334da602fa20193c69e) Importer(815301076,1909f56bfc062723c751e8b465ee728b)
Start importing Packages/com.unity.probuilder/Content/Icons/Tools/ShapeTool/on/Arch.png using Guid(59174e0e17d65334da602fa20193c69e) Importer(815301076,1909f56bfc062723c751e8b465ee728b)  -> (artifact id: 'fb5670ea0e27524d8cf09468691b83c2') in 0.016937 seconds 
========================================================================
Received Import Request.
  Time since last request: 0.000023 seconds.
  path: Packages/com.unity.inputsystem/InputSystem/Editor/Icons/Button.png
  artifactKey: Guid(2a5d0a7febdc741039abf135883517e5) Importer(815301076,1909f56bfc062723c751e8b465ee728b)
Start importing Packages/com.unity.inputsystem/InputSystem/Editor/Icons/Button.png using Guid(2a5d0a7febdc741039abf135883517e5) Importer(815301076,1909f56bfc062723c751e8b465ee728b)  -> (artifact id: 'befaffd7b41314414d40fabe71a837d9') in 0.017963 seconds 
========================================================================
Received Import Request.
  Time since last request: 0.000026 seconds.
  path: Assets/Raygeas/Grasslands - Stylized Nature/Assets/Textures/Vegetation/Birch_Bark.png
  artifactKey: Guid(200db17e5b5e05d4eb09109b2b93a196) Importer(815301076,1909f56bfc062723c751e8b465ee728b)
Start importing Assets/Raygeas/Grasslands - Stylized Nature/Assets/Textures/Vegetation/Birch_Bark.png using Guid(200db17e5b5e05d4eb09109b2b93a196) Importer(815301076,1909f56bfc062723c751e8b465ee728b)  -> (artifact id: 'dcc61236b5baa1b2e164d57c620a9681') in 0.014781 seconds 
========================================================================
Received Import Request.
  Time since last request: 0.000031 seconds.
  path: Assets/HIGHLANDS - Stylized Environment/Textures/Camp/Barrel_AlbedoTransparency.png
  artifactKey: Guid(c7d371ef4edb73340a228f7429ce601e) Importer(815301076,1909f56bfc062723c751e8b465ee728b)
Start importing Assets/HIGHLANDS - Stylized Environment/Textures/Camp/Barrel_AlbedoTransparency.png using Guid(c7d371ef4edb73340a228f7429ce601e) Importer(815301076,1909f56bfc062723c751e8b465ee728b)  -> (artifact id: '90b0d2239a9a59255d70fb2bc6040bc5') in 0.014670 seconds 
========================================================================
Received Import Request.
  Time since last request: 0.000027 seconds.
  path: Assets/Raygeas/Grasslands - Stylized Nature/Assets/Textures/Environment/Book_Normal.png
  artifactKey: Guid(80f81de7060fe3a44871118c1fa379f1) Importer(815301076,1909f56bfc062723c751e8b465ee728b)
Start importing Assets/Raygeas/Grasslands - Stylized Nature/Assets/Textures/Environment/Book_Normal.png using Guid(80f81de7060fe3a44871118c1fa379f1) Importer(815301076,1909f56bfc062723c751e8b465ee728b)  -> (artifact id: 'ad2501653fb5fbe3dbf7a6e8cdd25734') in 0.016726 seconds 
========================================================================
Received Import Request.
  Time since last request: 0.000023 seconds.
  path: Packages/com.unity.inputsystem/InputSystem/Editor/Icons/Axis.png
  artifactKey: Guid(7e853779c8fed4ebf917a0de21c79602) Importer(815301076,1909f56bfc062723c751e8b465ee728b)
Start importing Packages/com.unity.inputsystem/InputSystem/Editor/Icons/Axis.png using Guid(7e853779c8fed4ebf917a0de21c79602) Importer(815301076,1909f56bfc062723c751e8b465ee728b)  -> (artifact id: 'ba376ad3324fdaa723df71fed61529ff') in 0.017749 seconds 
========================================================================
Received Import Request.
  Time since last request: 0.000022 seconds.
  path: Packages/com.unity.probuilder/Content/Icons/Toolbar/Button_Normal_Horizontal.png
  artifactKey: Guid(2784dca559ce34a9a8e44028c547a3a0) Importer(815301076,1909f56bfc062723c751e8b465ee728b)
Start importing Packages/com.unity.probuilder/Content/Icons/Toolbar/Button_Normal_Horizontal.png using Guid(2784dca559ce34a9a8e44028c547a3a0) Importer(815301076,1909f56bfc062723c751e8b465ee728b)  -> (artifact id: '75dde54a96fa8d88058f29a39fa52c43') in 0.020039 seconds 
========================================================================
Received Import Request.
  Time since last request: 0.000020 seconds.
  path: Packages/com.unity.probuilder/Content/Icons/Tools/ShapeTool/Arch.png
  artifactKey: Guid(daaddaa51d20cb14a971727d2576c391) Importer(815301076,1909f56bfc062723c751e8b465ee728b)
Start importing Packages/com.unity.probuilder/Content/Icons/Tools/ShapeTool/Arch.png using Guid(daaddaa51d20cb14a971727d2576c391) Importer(815301076,1909f56bfc062723c751e8b465ee728b)  -> (artifact id: '8c1f0e8739d0ab763b5f440a955b3c20') in 0.014617 seconds 
========================================================================
Received Import Request.
  Time since last request: 0.000021 seconds.
  path: Packages/com.unity.probuilder/Content/Icons/Toolbar/Button_Normal.png
  artifactKey: Guid(5c266eda6963f4b088cb4e69c9892a28) Importer(815301076,1909f56bfc062723c751e8b465ee728b)
Start importing Packages/com.unity.probuilder/Content/Icons/Toolbar/Button_Normal.png using Guid(5c266eda6963f4b088cb4e69c9892a28) Importer(815301076,1909f56bfc062723c751e8b465ee728b)  -> (artifact id: '32686f05a9b8b5ea69a540d5aeb0e862') in 0.015173 seconds 
========================================================================
Received Import Request.
  Time since last request: 0.000025 seconds.
  path: Assets/HIGHLANDS - Stylized Environment/Textures/Camp/Boiler_Bonfire_MetallicSmoothness.png
  artifactKey: Guid(bfd4fea35f40d784fbe092886904c763) Importer(815301076,1909f56bfc062723c751e8b465ee728b)
Start importing Assets/HIGHLANDS - Stylized Environment/Textures/Camp/Boiler_Bonfire_MetallicSmoothness.png using Guid(bfd4fea35f40d784fbe092886904c763) Importer(815301076,1909f56bfc062723c751e8b465ee728b)  -> (artifact id: '056b236bf71e0585f4ec8fa47808caef') in 0.017264 seconds 
========================================================================
Received Import Request.
  Time since last request: 0.000029 seconds.
  path: Packages/com.unity.inputsystem/InputSystem/Editor/AssetEditor/Resources/personal/actionTreeBackgroundWithoutBorder.png
  artifactKey: Guid(cf632ed80bf1f46c980de6b1b8b903ef) Importer(815301076,1909f56bfc062723c751e8b465ee728b)
Start importing Packages/com.unity.inputsystem/InputSystem/Editor/AssetEditor/Resources/personal/actionTreeBackgroundWithoutBorder.png using Guid(cf632ed80bf1f46c980de6b1b8b903ef) Importer(815301076,1909f56bfc062723c751e8b465ee728b)  -> (artifact id: 'd270b6fcb115ffc8ca5bd21e8b70d859') in 0.013572 seconds 
========================================================================
Received Import Request.
  Time since last request: 0.000021 seconds.
  path: Assets/HIGHLANDS - Stylized Environment/Textures/Camp/Barrel_MetallicSmoothness.png
  artifactKey: Guid(f6ce6e8121585b14db9a3f0e2b49c0e3) Importer(815301076,1909f56bfc062723c751e8b465ee728b)
Start importing Assets/HIGHLANDS - Stylized Environment/Textures/Camp/Barrel_MetallicSmoothness.png using Guid(f6ce6e8121585b14db9a3f0e2b49c0e3) Importer(815301076,1909f56bfc062723c751e8b465ee728b)  -> (artifact id: '80bf3f61668354c8062ff2d5b0521f49') in 0.015993 seconds 
========================================================================
Received Import Request.
  Time since last request: 1.542241 seconds.
  path: Assets/HIGHLANDS - Stylized Environment/Textures/Camp/Cart_MetallicSmoothness.png
  artifactKey: Guid(eb5e4b29297c36d45939b7cdf8b48907) Importer(815301076,1909f56bfc062723c751e8b465ee728b)
Start importing Assets/HIGHLANDS - Stylized Environment/Textures/Camp/Cart_MetallicSmoothness.png using Guid(eb5e4b29297c36d45939b7cdf8b48907) Importer(815301076,1909f56bfc062723c751e8b465ee728b)  -> (artifact id: 'd4c4f33f40638c563d5dbd603e028802') in 0.024781 seconds 
========================================================================
Received Import Request.
  Time since last request: 0.000020 seconds.
  path: Assets/Raygeas/Grasslands - Stylized Nature/Assets/Textures/Rocks/Clif_1_Normal.png
  artifactKey: Guid(a897505cdd009fa40b6bd0d906edec43) Importer(815301076,1909f56bfc062723c751e8b465ee728b)
Start importing Assets/Raygeas/Grasslands - Stylized Nature/Assets/Textures/Rocks/Clif_1_Normal.png using Guid(a897505cdd009fa40b6bd0d906edec43) Importer(815301076,1909f56bfc062723c751e8b465ee728b)  -> (artifact id: 'abf289b581296023fa390defaacd3115') in 0.068834 seconds 
========================================================================
Received Import Request.
  Time since last request: 0.000023 seconds.
  path: Assets/HIGHLANDS - Stylized Environment/Textures/Camp/Chest_Normal.png
  artifactKey: Guid(64672491eb94ddd458f9bf9798814670) Importer(815301076,1909f56bfc062723c751e8b465ee728b)
Start importing Assets/HIGHLANDS - Stylized Environment/Textures/Camp/Chest_Normal.png using Guid(64672491eb94ddd458f9bf9798814670) Importer(815301076,1909f56bfc062723c751e8b465ee728b)  -> (artifact id: 'd65d221f08daa871cd5912e7e8530c85') in 0.017361 seconds 
========================================================================
Received Import Request.
  Time since last request: 0.000021 seconds.
  path: Assets/Raygeas/Grasslands - Stylized Nature/Assets/Textures/Rocks/Clif_2_Normal.png
  artifactKey: Guid(5dbf1c19e26d10a49a3d6a96e96dca04) Importer(815301076,1909f56bfc062723c751e8b465ee728b)
Start importing Assets/Raygeas/Grasslands - Stylized Nature/Assets/Textures/Rocks/Clif_2_Normal.png using Guid(5dbf1c19e26d10a49a3d6a96e96dca04) Importer(815301076,1909f56bfc062723c751e8b465ee728b)  -> (artifact id: '3e1e5a3df4baeb9f1059b5165524a9d9') in 0.049082 seconds 
========================================================================
Received Import Request.
  Time since last request: 0.000027 seconds.
  path: Assets/HIGHLANDS - Stylized Environment/Textures/Forest/Clover.png
  artifactKey: Guid(da2989c08bb3821478e3ef38ed1f7192) Importer(815301076,1909f56bfc062723c751e8b465ee728b)
Start importing Assets/HIGHLANDS - Stylized Environment/Textures/Forest/Clover.png using Guid(da2989c08bb3821478e3ef38ed1f7192) Importer(815301076,1909f56bfc062723c751e8b465ee728b)  -> (artifact id: '2f88fdf4d38a80aad39c8a5c337de0e2') in 0.015420 seconds 
========================================================================
Received Import Request.
  Time since last request: 0.000032 seconds.
  path: Packages/com.unity.probuilder/Content/Icons/Toolbar/Background/Circle-22px_Pressed_Light.png
  artifactKey: Guid(c8faeb7c7f067c34fbb5fe21fcf640c1) Importer(815301076,1909f56bfc062723c751e8b465ee728b)
Start importing Packages/com.unity.probuilder/Content/Icons/Toolbar/Background/Circle-22px_Pressed_Light.png using Guid(c8faeb7c7f067c34fbb5fe21fcf640c1) Importer(815301076,1909f56bfc062723c751e8b465ee728b)  -> (artifact id: 'a5f8da7018d4a6b02f3b2118dafa9181') in 0.020472 seconds 
========================================================================
Received Import Request.
  Time since last request: 0.000019 seconds.
  path: Assets/Raygeas/Grasslands - Stylized Nature/Assets/Textures/Rocks/Clif_3_AlbedoTransparency.png
  artifactKey: Guid(9a599fc17d5e7794d8f6bd48f1eb2fe9) Importer(815301076,1909f56bfc062723c751e8b465ee728b)
Start importing Assets/Raygeas/Grasslands - Stylized Nature/Assets/Textures/Rocks/Clif_3_AlbedoTransparency.png using Guid(9a599fc17d5e7794d8f6bd48f1eb2fe9) Importer(815301076,1909f56bfc062723c751e8b465ee728b)  -> (artifact id: '0796857e030ba249741d8589c1b15873') in 0.025773 seconds 
========================================================================
Received Import Request.
  Time since last request: 0.000019 seconds.
  path: Packages/com.unity.probuilder/Content/Material/Textures/Checker.png
  artifactKey: Guid(2b3b02d65d5a24a20a12332c4125d74b) Importer(815301076,1909f56bfc062723c751e8b465ee728b)
Start importing Packages/com.unity.probuilder/Content/Material/Textures/Checker.png using Guid(2b3b02d65d5a24a20a12332c4125d74b) Importer(815301076,1909f56bfc062723c751e8b465ee728b)  -> (artifact id: '98b7a819d79c68b86adc64756f4f961b') in 0.016831 seconds 
========================================================================
Received Import Request.
  Time since last request: 0.000024 seconds.
  path: Assets/Raygeas/Grasslands - Stylized Nature/Assets/Textures/Other/Clouds_Shadow_URP.png
  artifactKey: Guid(fcf132649cb68c740ae122ee14b0b684) Importer(815301076,1909f56bfc062723c751e8b465ee728b)
Start importing Assets/Raygeas/Grasslands - Stylized Nature/Assets/Textures/Other/Clouds_Shadow_URP.png using Guid(fcf132649cb68c740ae122ee14b0b684) Importer(815301076,1909f56bfc062723c751e8b465ee728b)  -> (artifact id: 'c2b0d5b438026df3fc361f71f711786b') in 0.019294 seconds 
========================================================================
Received Import Request.
  Time since last request: 4.617160 seconds.
  path: Packages/com.unity.probuilder/Content/Icons/Toolbar/Face_Triangulate.png
  artifactKey: Guid(c81b119083ec94dd381aa40cfdd3384d) Importer(815301076,1909f56bfc062723c751e8b465ee728b)
Start importing Packages/com.unity.probuilder/Content/Icons/Toolbar/Face_Triangulate.png using Guid(c81b119083ec94dd381aa40cfdd3384d) Importer(815301076,1909f56bfc062723c751e8b465ee728b)  -> (artifact id: 'ddc3d024d254694b04906420f8786c2e') in 0.021994 seconds 
========================================================================
Received Import Request.
  Time since last request: 0.000019 seconds.
  path: Assets/Raygeas/Grasslands - Stylized Nature/Assets/Textures/Environment/Fence_Normal.png
  artifactKey: Guid(dbeaaeef2fc5a8844be1f038fe74e5de) Importer(815301076,1909f56bfc062723c751e8b465ee728b)
Start importing Assets/Raygeas/Grasslands - Stylized Nature/Assets/Textures/Environment/Fence_Normal.png using Guid(dbeaaeef2fc5a8844be1f038fe74e5de) Importer(815301076,1909f56bfc062723c751e8b465ee728b)  -> (artifact id: 'b9589d6d4567c6e0358900918c182c2f') in 0.016637 seconds 
========================================================================
Received Import Request.
  Time since last request: 0.000021 seconds.
  path: Assets/Character/Flower/Materials/flower_character_flatacc_Normal.png
  artifactKey: Guid(d0ae986c1ab2a974aac48c58dba43cc0) Importer(815301076,1909f56bfc062723c751e8b465ee728b)
Start importing Assets/Character/Flower/Materials/flower_character_flatacc_Normal.png using Guid(d0ae986c1ab2a974aac48c58dba43cc0) Importer(815301076,1909f56bfc062723c751e8b465ee728b)  -> (artifact id: '2b17f459b0bc32ada30e0fcc252e2ad3') in 0.020768 seconds 
========================================================================
Received Import Request.
  Time since last request: 0.000020 seconds.
  path: Packages/com.unity.probuilder/Content/Icons/Toolbar/Background/Geo_Hover_Vertical_Light.png
  artifactKey: Guid(dfc92ffefea96224fb0a4e12b34f4f15) Importer(815301076,1909f56bfc062723c751e8b465ee728b)
Start importing Packages/com.unity.probuilder/Content/Icons/Toolbar/Background/Geo_Hover_Vertical_Light.png using Guid(dfc92ffefea96224fb0a4e12b34f4f15) Importer(815301076,1909f56bfc062723c751e8b465ee728b)  -> (artifact id: '6b88e96f5af40bbf5b4d1028c797d2fa') in 0.016770 seconds 
========================================================================
Received Import Request.
  Time since last request: 0.000020 seconds.
  path: Assets/Imported/DynamicShadowProjector/ProjectorForLWRP-master-universalrp/Samples/Textures/FalloffConstantTransparent.png
  artifactKey: Guid(376eb60756db3364c99528f155763214) Importer(815301076,1909f56bfc062723c751e8b465ee728b)
Start importing Assets/Imported/DynamicShadowProjector/ProjectorForLWRP-master-universalrp/Samples/Textures/FalloffConstantTransparent.png using Guid(376eb60756db3364c99528f155763214) Importer(815301076,1909f56bfc062723c751e8b465ee728b)  -> (artifact id: '2afe1f058bb22256f2529b2730b86b43') in 0.023576 seconds 
========================================================================
Received Import Request.
  Time since last request: 0.000024 seconds.
  path: Assets/HIGHLANDS - Stylized Environment/Textures/Forest/Grass_1.png
  artifactKey: Guid(c16bab6edba1a684fb082ee3c6bfdebe) Importer(815301076,1909f56bfc062723c751e8b465ee728b)
Start importing Assets/HIGHLANDS - Stylized Environment/Textures/Forest/Grass_1.png using Guid(c16bab6edba1a684fb082ee3c6bfdebe) Importer(815301076,1909f56bfc062723c751e8b465ee728b)  -> (artifact id: 'd9d2c21a9953801208c4d4145c292d4a') in 0.015777 seconds 
========================================================================
Received Import Request.
  Time since last request: 0.000032 seconds.
  path: Assets/Raygeas/Grasslands - Stylized Nature/Assets/Textures/Vegetation/Flowers_2_Normal.png
  artifactKey: Guid(d7ce1c51d8fed3447b41bd40ced12b68) Importer(815301076,1909f56bfc062723c751e8b465ee728b)
Start importing Assets/Raygeas/Grasslands - Stylized Nature/Assets/Textures/Vegetation/Flowers_2_Normal.png using Guid(d7ce1c51d8fed3447b41bd40ced12b68) Importer(815301076,1909f56bfc062723c751e8b465ee728b)  -> (artifact id: '2bf80567d75771f87c1a146c0ecbb050') in 0.020147 seconds 
========================================================================
Received Import Request.
  Time since last request: 0.000021 seconds.
  path: Packages/com.unity.probuilder/Content/Icons/Toolbar/Background/Geo_Normal_Vertical_Light.png
  artifactKey: Guid(e5bc8a48387a5e441975e560374e9558) Importer(815301076,1909f56bfc062723c751e8b465ee728b)
Start importing Packages/com.unity.probuilder/Content/Icons/Toolbar/Background/Geo_Normal_Vertical_Light.png using Guid(e5bc8a48387a5e441975e560374e9558) Importer(815301076,1909f56bfc062723c751e8b465ee728b)  -> (artifact id: '887b8af807335904f06a300740a82ec8') in 0.020873 seconds 
========================================================================
Received Import Request.
  Time since last request: 0.000028 seconds.
  path: Packages/com.unity.inputsystem/InputSystem/Editor/Icons/Gamepad@3x.png
  artifactKey: Guid(4ae0b2f68c2464272b1b10105262b09b) Importer(815301076,1909f56bfc062723c751e8b465ee728b)
Start importing Packages/com.unity.inputsystem/InputSystem/Editor/Icons/Gamepad@3x.png using Guid(4ae0b2f68c2464272b1b10105262b09b) Importer(815301076,1909f56bfc062723c751e8b465ee728b)  -> (artifact id: '95a0f84d3477e55f963b1c9d25ca9678') in 0.019936 seconds 
========================================================================
Received Import Request.
  Time since last request: 0.000022 seconds.
  path: Packages/com.unity.probuilder/Content/Icons/Toolbar/Background/Geo_Normal_Horizontal_Light.png
  artifactKey: Guid(d6ffabc4f227bf34d9c97357a84009be) Importer(815301076,1909f56bfc062723c751e8b465ee728b)
Start importing Packages/com.unity.probuilder/Content/Icons/Toolbar/Background/Geo_Normal_Horizontal_Light.png using Guid(d6ffabc4f227bf34d9c97357a84009be) Importer(815301076,1909f56bfc062723c751e8b465ee728b)  -> (artifact id: '888d09f7382473f851ac5388d869d9ac') in 0.015864 seconds 
========================================================================
Received Import Request.
  Time since last request: 0.000021 seconds.
  path: Packages/com.unity.probuilder/Content/Icons/Toolbar/Background/Geo_Pressed_Vertical.png
  artifactKey: Guid(53c57c97fb66b4dad806f2dc1545afea) Importer(815301076,1909f56bfc062723c751e8b465ee728b)
Start importing Packages/com.unity.probuilder/Content/Icons/Toolbar/Background/Geo_Pressed_Vertical.png using Guid(53c57c97fb66b4dad806f2dc1545afea) Importer(815301076,1909f56bfc062723c751e8b465ee728b)  -> (artifact id: 'f212ac34c54664cb507bf42e7ebb5e03') in 0.020969 seconds 
========================================================================
Received Import Request.
  Time since last request: 0.000028 seconds.
  path: Assets/Aquarius_Stylized_Caves/Textures/Forge 1 Emission.png
  artifactKey: Guid(06e06a97178c6094a82309e26bc08a63) Importer(815301076,1909f56bfc062723c751e8b465ee728b)
Start importing Assets/Aquarius_Stylized_Caves/Textures/Forge 1 Emission.png using Guid(06e06a97178c6094a82309e26bc08a63) Importer(815301076,1909f56bfc062723c751e8b465ee728b)  -> (artifact id: '384e1b2489361aa2fd80b4cb121cd52c') in 0.016409 seconds 
========================================================================
Received Import Request.
  Time since last request: 0.000025 seconds.
  path: Assets/Raygeas/Grasslands - Stylized Nature/Assets/Textures/Environment/Floor_2_Albedo.png
  artifactKey: Guid(5c83296f654740e44843a3821b4c51f5) Importer(815301076,1909f56bfc062723c751e8b465ee728b)
Start importing Assets/Raygeas/Grasslands - Stylized Nature/Assets/Textures/Environment/Floor_2_Albedo.png using Guid(5c83296f654740e44843a3821b4c51f5) Importer(815301076,1909f56bfc062723c751e8b465ee728b)  -> (artifact id: 'efd44fa6f00d1532e9b3318c3213cb62') in 0.018562 seconds 
========================================================================
Received Import Request.
  Time since last request: 0.000027 seconds.
  path: Assets/Character/Flower/Materials/flower_character_body_Normal.png
  artifactKey: Guid(85dea3a49867605449638b2cb128a6e0) Importer(815301076,1909f56bfc062723c751e8b465ee728b)
Start importing Assets/Character/Flower/Materials/flower_character_body_Normal.png using Guid(85dea3a49867605449638b2cb128a6e0) Importer(815301076,1909f56bfc062723c751e8b465ee728b)  -> (artifact id: 'a9bb139b664612bc49d21294020353d3') in 0.017459 seconds 
========================================================================
Received Import Request.
  Time since last request: 0.000024 seconds.
  path: Assets/Raygeas/Grasslands - Stylized Nature/Assets/Textures/Vegetation/Flowers_1.png
  artifactKey: Guid(fc95efec6ba2f864ca775de786693df4) Importer(815301076,1909f56bfc062723c751e8b465ee728b)
Start importing Assets/Raygeas/Grasslands - Stylized Nature/Assets/Textures/Vegetation/Flowers_1.png using Guid(fc95efec6ba2f864ca775de786693df4) Importer(815301076,1909f56bfc062723c751e8b465ee728b)  -> (artifact id: '1e5a365f9b9ce21522b65e7a20a402ee') in 0.013328 seconds 
========================================================================
Received Import Request.
  Time since last request: 0.000030 seconds.
  path: Packages/com.unity.searcher/Editor/Resources/FlatSkin/Font/Roboto-Medium.ttf
  artifactKey: Guid(a51a3aebb43ac044989270407476b208) Importer(815301076,1909f56bfc062723c751e8b465ee728b)
Start importing Packages/com.unity.searcher/Editor/Resources/FlatSkin/Font/Roboto-Medium.ttf using Guid(a51a3aebb43ac044989270407476b208) Importer(815301076,1909f56bfc062723c751e8b465ee728b)  -> (artifact id: '085878d1a4b1726c6e68124600074a83') in 0.288184 seconds 
========================================================================
Received Import Request.
  Time since last request: 0.000036 seconds.
  path: Packages/com.unity.searcher/Editor/Resources/FlatSkin/Font/Roboto-ThinItalic.ttf
  artifactKey: Guid(b2ea3b3f1765e544b9eb5bd1a93a91ce) Importer(815301076,1909f56bfc062723c751e8b465ee728b)
Start importing Packages/com.unity.searcher/Editor/Resources/FlatSkin/Font/Roboto-ThinItalic.ttf using Guid(b2ea3b3f1765e544b9eb5bd1a93a91ce) Importer(815301076,1909f56bfc062723c751e8b465ee728b)  -> (artifact id: '8b31792d6ef1368c76a4a5379a4e087f') in 0.022282 seconds 
========================================================================
Received Import Request.
  Time since last request: 0.000031 seconds.
  path: Assets/HIGHLANDS - Stylized Environment/Demo/Demo/Fake_Sun.png
  artifactKey: Guid(a4581a66bbcec8741a708461a8bd8f3e) Importer(815301076,1909f56bfc062723c751e8b465ee728b)
Start importing Assets/HIGHLANDS - Stylized Environment/Demo/Demo/Fake_Sun.png using Guid(a4581a66bbcec8741a708461a8bd8f3e) Importer(815301076,1909f56bfc062723c751e8b465ee728b)  -> (artifact id: '0e089fdb5069a7bd9415db81b105d08c') in 0.012398 seconds 
========================================================================
Received Import Request.
  Time since last request: 0.000025 seconds.
  path: Packages/com.unity.probuilder/Content/Icons/Toolbar/Background/Geo_Hover_Horizontal.png
  artifactKey: Guid(58277d87f7d8f46c4be7586d538c95c0) Importer(815301076,1909f56bfc062723c751e8b465ee728b)
Start importing Packages/com.unity.probuilder/Content/Icons/Toolbar/Background/Geo_Hover_Horizontal.png using Guid(58277d87f7d8f46c4be7586d538c95c0) Importer(815301076,1909f56bfc062723c751e8b465ee728b)  -> (artifact id: '4d724b4d99d5b9b88c63fa0685e21950') in 0.016514 seconds 
========================================================================
Received Import Request.
  Time since last request: 0.000024 seconds.
  path: Packages/com.unity.searcher/Editor/Resources/FlatSkin/Font/Roboto-Light.ttf
  artifactKey: Guid(2a29e27936eb547458f646f71125b264) Importer(815301076,1909f56bfc062723c751e8b465ee728b)
Start importing Packages/com.unity.searcher/Editor/Resources/FlatSkin/Font/Roboto-Light.ttf using Guid(2a29e27936eb547458f646f71125b264) Importer(815301076,1909f56bfc062723c751e8b465ee728b)  -> (artifact id: '88b926027b12c832d90f8c543c571138') in 0.023853 seconds 
========================================================================
Received Import Request.
  Time since last request: 0.000024 seconds.
  path: Assets/HIGHLANDS - Stylized Environment/Textures/Witches House/Furniture_1_MetallicSmoothness.png
  artifactKey: Guid(2b85584821ba8914f85ac9129d70c04d) Importer(815301076,1909f56bfc062723c751e8b465ee728b)
Start importing Assets/HIGHLANDS - Stylized Environment/Textures/Witches House/Furniture_1_MetallicSmoothness.png using Guid(2b85584821ba8914f85ac9129d70c04d) Importer(815301076,1909f56bfc062723c751e8b465ee728b)  -> (artifact id: 'fbb612e2c6ae6e83c28a762bd948d455') in 0.016750 seconds 
========================================================================
Received Import Request.
  Time since last request: 0.000027 seconds.
  path: Assets/Plugins/Demigiant/DOTween/Editor/Imgs/Footer.png
  artifactKey: Guid(7051dba417b3d53409f2918f1ea4938d) Importer(815301076,1909f56bfc062723c751e8b465ee728b)
Start importing Assets/Plugins/Demigiant/DOTween/Editor/Imgs/Footer.png using Guid(7051dba417b3d53409f2918f1ea4938d) Importer(815301076,1909f56bfc062723c751e8b465ee728b)  -> (artifact id: '9a6c992d95c2270ce98cfd18fb7e256a') in 0.018589 seconds 
========================================================================
Received Import Request.
  Time since last request: 0.000021 seconds.
  path: Packages/com.unity.inputsystem/InputSystem/Editor/Icons/Gamepad.png
  artifactKey: Guid(17c8753d0e5e24194b06404851be7f13) Importer(815301076,1909f56bfc062723c751e8b465ee728b)
Start importing Packages/com.unity.inputsystem/InputSystem/Editor/Icons/Gamepad.png using Guid(17c8753d0e5e24194b06404851be7f13) Importer(815301076,1909f56bfc062723c751e8b465ee728b)  -> (artifact id: 'a2ed4b6fb5dd44d1321f2dfd1f05a80a') in 0.016611 seconds 
========================================================================
Received Import Request.
  Time since last request: 0.000025 seconds.
  path: Assets/HIGHLANDS - Stylized Environment/Textures/Forest/FernBranchSmothness.png
  artifactKey: Guid(77db51ddc5b56af43a2f94da72506339) Importer(815301076,1909f56bfc062723c751e8b465ee728b)
Start importing Assets/HIGHLANDS - Stylized Environment/Textures/Forest/FernBranchSmothness.png using Guid(77db51ddc5b56af43a2f94da72506339) Importer(815301076,1909f56bfc062723c751e8b465ee728b)  -> (artifact id: '9861b12594d669587e2671b839240e21') in 0.015333 seconds 
========================================================================
Received Import Request.
  Time since last request: 0.000023 seconds.
  path: Assets/HIGHLANDS - Stylized Environment/Textures/Terrain/Grass_2_Normal.png
  artifactKey: Guid(df36f7bd4b98b154fa0ce4eb390de48c) Importer(815301076,1909f56bfc062723c751e8b465ee728b)
Start importing Assets/HIGHLANDS - Stylized Environment/Textures/Terrain/Grass_2_Normal.png using Guid(df36f7bd4b98b154fa0ce4eb390de48c) Importer(815301076,1909f56bfc062723c751e8b465ee728b)  -> (artifact id: 'e1ef81104cc58c9ca39fdf2d608d4e32') in 0.019361 seconds 
========================================================================
Received Import Request.
  Time since last request: 0.000025 seconds.
  path: Assets/Aquarius_Stylized_Caves/Textures/Forge 1.png
  artifactKey: Guid(efa1cc316d72f2342961e716277c5c85) Importer(815301076,1909f56bfc062723c751e8b465ee728b)
Start importing Assets/Aquarius_Stylized_Caves/Textures/Forge 1.png using Guid(efa1cc316d72f2342961e716277c5c85) Importer(815301076,1909f56bfc062723c751e8b465ee728b)  -> (artifact id: '7edd503f8518384d5252b58a5e3f2c38') in 0.015027 seconds 
========================================================================
Received Import Request.
  Time since last request: 0.000023 seconds.
  path: Assets/Character/Flower/Materials/flower_character_headacc_AlbedoTransparency.png
  artifactKey: Guid(a64cba7642d0559409782ae67c5aa8cd) Importer(815301076,1909f56bfc062723c751e8b465ee728b)
Start importing Assets/Character/Flower/Materials/flower_character_headacc_AlbedoTransparency.png using Guid(a64cba7642d0559409782ae67c5aa8cd) Importer(815301076,1909f56bfc062723c751e8b465ee728b)  -> (artifact id: '0d9dcf54c3337495afa085afaed90be4') in 0.307252 seconds 
========================================================================
Received Import Request.
  Time since last request: 0.000024 seconds.
  path: Assets/HIGHLANDS - Stylized Environment/Textures/Camp/Gold_Albedo.png
  artifactKey: Guid(661a84778b071d6409ad65ae0771d751) Importer(815301076,1909f56bfc062723c751e8b465ee728b)
Start importing Assets/HIGHLANDS - Stylized Environment/Textures/Camp/Gold_Albedo.png using Guid(661a84778b071d6409ad65ae0771d751) Importer(815301076,1909f56bfc062723c751e8b465ee728b)  -> (artifact id: '17afe1a83a5f817be041325021b36c8b') in 0.018755 seconds 
========================================================================
Received Import Request.
  Time since last request: 0.000034 seconds.
  path: Packages/com.unity.probuilder/Content/Icons/Toolbar/Background/Geo_Hover_Horizontal_Light.png
  artifactKey: Guid(81615ac4fd7c014458e6af58a780180c) Importer(815301076,1909f56bfc062723c751e8b465ee728b)
Start importing Packages/com.unity.probuilder/Content/Icons/Toolbar/Background/Geo_Hover_Horizontal_Light.png using Guid(81615ac4fd7c014458e6af58a780180c) Importer(815301076,1909f56bfc062723c751e8b465ee728b)  -> (artifact id: 'e14f2f49e6eca38e7e50f176136a16ab') in 0.015879 seconds 
========================================================================
Received Import Request.
  Time since last request: 0.000025 seconds.
  path: Assets/Aquarius_Stylized_Caves/Textures/firefly shape.png
  artifactKey: Guid(e6fc674be7256b14097c586a3fe7b5a0) Importer(815301076,1909f56bfc062723c751e8b465ee728b)
Start importing Assets/Aquarius_Stylized_Caves/Textures/firefly shape.png using Guid(e6fc674be7256b14097c586a3fe7b5a0) Importer(815301076,1909f56bfc062723c751e8b465ee728b)  -> (artifact id: 'dea3e7583e8267aac883b6cffffc9d0e') in 0.013807 seconds 
========================================================================
Received Import Request.
  Time since last request: 0.000027 seconds.
  path: Assets/HIGHLANDS - Stylized Environment/Textures/Forest/Flower_1.png
  artifactKey: Guid(7df38e9e5dd6beb4ea0febfaea913b1f) Importer(815301076,1909f56bfc062723c751e8b465ee728b)
Start importing Assets/HIGHLANDS - Stylized Environment/Textures/Forest/Flower_1.png using Guid(7df38e9e5dd6beb4ea0febfaea913b1f) Importer(815301076,1909f56bfc062723c751e8b465ee728b)  -> (artifact id: 'c85b5c8cc8da39f403bf27b2bef26220') in 0.015066 seconds 
========================================================================
Received Import Request.
  Time since last request: 0.000029 seconds.
  path: Assets/Aquarius_Stylized_Caves/Textures/Forge 1 Normal.png
  artifactKey: Guid(eec9b1777eeeb654fb535a23801f0366) Importer(815301076,1909f56bfc062723c751e8b465ee728b)
Start importing Assets/Aquarius_Stylized_Caves/Textures/Forge 1 Normal.png using Guid(eec9b1777eeeb654fb535a23801f0366) Importer(815301076,1909f56bfc062723c751e8b465ee728b)  -> (artifact id: '4873ea368d8e3b285b560c2227753075') in 0.015845 seconds 
========================================================================
Received Import Request.
  Time since last request: 0.000027 seconds.
  path: Assets/Imported/DynamicShadowProjector/ProjectorForLWRP-master-universalrp/Samples/Textures/Falloff.png
  artifactKey: Guid(83cec3780b2204377b1dfb581ea73954) Importer(815301076,1909f56bfc062723c751e8b465ee728b)
Start importing Assets/Imported/DynamicShadowProjector/ProjectorForLWRP-master-universalrp/Samples/Textures/Falloff.png using Guid(83cec3780b2204377b1dfb581ea73954) Importer(815301076,1909f56bfc062723c751e8b465ee728b)  -> (artifact id: '207675bdac4d0eaef52a3289c210fb15') in 0.018843 seconds 
========================================================================
Received Import Request.
  Time since last request: 0.000028 seconds.
  path: Assets/HIGHLANDS - Stylized Environment/Textures/Forest/FernBranch.PNG
  artifactKey: Guid(79777bcdfed8ba04faccdb133fb2112d) Importer(815301076,1909f56bfc062723c751e8b465ee728b)
Start importing Assets/HIGHLANDS - Stylized Environment/Textures/Forest/FernBranch.PNG using Guid(79777bcdfed8ba04faccdb133fb2112d) Importer(815301076,1909f56bfc062723c751e8b465ee728b)  -> (artifact id: '940a10510efb36b455d64823217a0f36') in 0.021452 seconds 
========================================================================
Received Import Request.
  Time since last request: 0.000021 seconds.
  path: Assets/Character/Flower/Materials/flower_character_body_Emission.png
  artifactKey: Guid(a3eb97099c8329641bcf74fc9a0b552a) Importer(815301076,1909f56bfc062723c751e8b465ee728b)
Start importing Assets/Character/Flower/Materials/flower_character_body_Emission.png using Guid(a3eb97099c8329641bcf74fc9a0b552a) Importer(815301076,1909f56bfc062723c751e8b465ee728b)  -> (artifact id: 'f0b7db9bc8c7524da44c4f5e41fa6e22') in 0.180396 seconds 
========================================================================
Received Import Request.
  Time since last request: 0.000023 seconds.
  path: Assets/Raygeas/Grasslands - Stylized Nature/Assets/Textures/Particle Effects/Glow.png
  artifactKey: Guid(cdfc067e9ccb4a94390f95e84a34ff79) Importer(815301076,1909f56bfc062723c751e8b465ee728b)
Start importing Assets/Raygeas/Grasslands - Stylized Nature/Assets/Textures/Particle Effects/Glow.png using Guid(cdfc067e9ccb4a94390f95e84a34ff79) Importer(815301076,1909f56bfc062723c751e8b465ee728b)  -> (artifact id: 'eef0a55d68e6455cfaf87e53fdd2738c') in 0.010753 seconds 
========================================================================
Received Import Request.
  Time since last request: 0.000038 seconds.
  path: Assets/HIGHLANDS - Stylized Environment/Textures/Camp/Food_Normal.png
  artifactKey: Guid(1fec84fdde076c34584284864162ccd3) Importer(815301076,1909f56bfc062723c751e8b465ee728b)
Start importing Assets/HIGHLANDS - Stylized Environment/Textures/Camp/Food_Normal.png using Guid(1fec84fdde076c34584284864162ccd3) Importer(815301076,1909f56bfc062723c751e8b465ee728b)  -> (artifact id: '49ff5f8481f631c814748c19d1a2c720') in 0.012786 seconds 
========================================================================
Received Import Request.
  Time since last request: 0.643157 seconds.
  path: Assets/Aquarius_Stylized_Caves/Textures/Crystals_A_LOW_Crystals_1A1_AO.png
  artifactKey: Guid(884720d185265194d8dceb4b847d733a) Importer(815301076,1909f56bfc062723c751e8b465ee728b)
Start importing Assets/Aquarius_Stylized_Caves/Textures/Crystals_A_LOW_Crystals_1A1_AO.png using Guid(884720d185265194d8dceb4b847d733a) Importer(815301076,1909f56bfc062723c751e8b465ee728b)  -> (artifact id: '428c42e90c455536a4346f3a33811c5c') in 0.020546 seconds 
========================================================================
Received Import Request.
  Time since last request: 0.000019 seconds.
  path: Assets/Aquarius_Stylized_Caves/Textures/Stone_Low_A_Stone_Styled_1A1_MetallicSmoothness.png
  artifactKey: Guid(71c0f81254d32a4478c5a530bc6b2fdb) Importer(815301076,1909f56bfc062723c751e8b465ee728b)
Start importing Assets/Aquarius_Stylized_Caves/Textures/Stone_Low_A_Stone_Styled_1A1_MetallicSmoothness.png using Guid(71c0f81254d32a4478c5a530bc6b2fdb) Importer(815301076,1909f56bfc062723c751e8b465ee728b)  -> (artifact id: 'fcf884097b463af46234d5ca90aef4bf') in 0.017303 seconds 
========================================================================
Received Import Request.
  Time since last request: 0.000028 seconds.
  path: Assets/Aquarius_Stylized_Caves/Textures/fireflies B.mat
  artifactKey: Guid(1e07d27e2885c104091aee2a956124d3) Importer(815301076,1909f56bfc062723c751e8b465ee728b)
Start importing Assets/Aquarius_Stylized_Caves/Textures/fireflies B.mat using Guid(1e07d27e2885c104091aee2a956124d3) Importer(815301076,1909f56bfc062723c751e8b465ee728b)  -> (artifact id: '86b32f456b5d4f8d597366a6660407ff') in 0.252474 seconds 
========================================================================
Received Import Request.
  Time since last request: 184.751866 seconds.
  path: Assets/Underwater-URP/Setting/AAA Universal Render Pipeline Asset_Renderer.asset
  artifactKey: Guid(02fc9ace809ba0546adb7c22307271b5) Importer(815301076,1909f56bfc062723c751e8b465ee728b)
Start importing Assets/Underwater-URP/Setting/AAA Universal Render Pipeline Asset_Renderer.asset using Guid(02fc9ace809ba0546adb7c22307271b5) Importer(815301076,1909f56bfc062723c751e8b465ee728b)  -> (artifact id: 'adffcaf79056d55a299c602978081823') in 0.015573 seconds 
========================================================================
Received Import Request.
  Time since last request: 479.832810 seconds.
  path: Assets/Raygeas/Grasslands - Stylized Nature/Assets/Textures/Environment/Shrine_Normal.png
  artifactKey: Guid(08a1d311abda48e438696f35703005bb) Importer(815301076,1909f56bfc062723c751e8b465ee728b)
Start importing Assets/Raygeas/Grasslands - Stylized Nature/Assets/Textures/Environment/Shrine_Normal.png using Guid(08a1d311abda48e438696f35703005bb) Importer(815301076,1909f56bfc062723c751e8b465ee728b)  -> (artifact id: '047275e00297e2f86de4fab32785a5bb') in 0.022975 seconds 
========================================================================
Received Import Request.
  Time since last request: 0.015714 seconds.
  path: Assets/HIGHLANDS - Stylized Environment/Materials/Forest/Skybox.hdr
  artifactKey: Guid(407927323dd293b4d87d48eec7a72807) Importer(815301076,1909f56bfc062723c751e8b465ee728b)
Start importing Assets/HIGHLANDS - Stylized Environment/Materials/Forest/Skybox.hdr using Guid(407927323dd293b4d87d48eec7a72807) Importer(815301076,1909f56bfc062723c751e8b465ee728b)  -> (artifact id: 'ef8368bbae80206a54812af88a14435a') in 0.217546 seconds 
========================================================================
Received Import Request.
  Time since last request: 0.000038 seconds.
  path: Assets/Cave Scatter Pack/Textures/Crystals/T_Crystal_Fire_MTS.tif
  artifactKey: Guid(d74e3e5024e8aad47921965f6e91df00) Importer(815301076,1909f56bfc062723c751e8b465ee728b)
Start importing Assets/Cave Scatter Pack/Textures/Crystals/T_Crystal_Fire_MTS.tif using Guid(d74e3e5024e8aad47921965f6e91df00) Importer(815301076,1909f56bfc062723c751e8b465ee728b)  -> (artifact id: '196f40d935f0c56518617c9cb487ea69') in 0.018646 seconds 
========================================================================
Received Import Request.
  Time since last request: 0.000032 seconds.
  path: Assets/Raygeas/Grasslands - Stylized Nature/Demo/Grasslands Demo/TerrainData_8b260417-adb9-4beb-a0e7-ca9c7ebb3ad9.asset
  artifactKey: Guid(a86561cb9a126ff4882ea6536808d39d) Importer(815301076,1909f56bfc062723c751e8b465ee728b)
Start importing Assets/Raygeas/Grasslands - Stylized Nature/Demo/Grasslands Demo/TerrainData_8b260417-adb9-4beb-a0e7-ca9c7ebb3ad9.asset using Guid(a86561cb9a126ff4882ea6536808d39d) Importer(815301076,1909f56bfc062723c751e8b465ee728b)  -> (artifact id: 'e9dd08dd0378b20f7328ec3f1b91a1df') in 0.072976 seconds 
========================================================================
Received Import Request.
  Time since last request: 0.000024 seconds.
  path: Assets/Raygeas/Grasslands - Stylized Nature/Assets/Textures/Rocks/Stones_7,8,9_Albedo.png
  artifactKey: Guid(a3bcb29aa52a6964e988fd4582f0b117) Importer(815301076,1909f56bfc062723c751e8b465ee728b)
Start importing Assets/Raygeas/Grasslands - Stylized Nature/Assets/Textures/Rocks/Stones_7,8,9_Albedo.png using Guid(a3bcb29aa52a6964e988fd4582f0b117) Importer(815301076,1909f56bfc062723c751e8b465ee728b)  -> (artifact id: '41a5706522dd0a69e8d705e8fa08c4bd') in 0.017058 seconds 
========================================================================
Received Import Request.
  Time since last request: 0.000024 seconds.
  path: Assets/Cave Scatter Pack/Textures/Mushrooms Large/T_Mushroom_01_BC.png
  artifactKey: Guid(2156f182a8b84884486dce057edbd72b) Importer(815301076,1909f56bfc062723c751e8b465ee728b)
Start importing Assets/Cave Scatter Pack/Textures/Mushrooms Large/T_Mushroom_01_BC.png using Guid(2156f182a8b84884486dce057edbd72b) Importer(815301076,1909f56bfc062723c751e8b465ee728b)  -> (artifact id: 'd9723d523ae47b9d1ccf8b11ae1f88c3') in 0.017978 seconds 
========================================================================
Received Import Request.
  Time since last request: 0.000026 seconds.
  path: Assets/Raygeas/Grasslands - Stylized Nature/Assets/Textures/Vegetation/Snag Stump_Normal.png
  artifactKey: Guid(3ee288acdb9ddf54d9a4d16129a29ff7) Importer(815301076,1909f56bfc062723c751e8b465ee728b)
Start importing Assets/Raygeas/Grasslands - Stylized Nature/Assets/Textures/Vegetation/Snag Stump_Normal.png using Guid(3ee288acdb9ddf54d9a4d16129a29ff7) Importer(815301076,1909f56bfc062723c751e8b465ee728b)  -> (artifact id: '298f2b5c50be7053a1b9c4bc64fb4f1a') in 0.019980 seconds 
========================================================================
Received Import Request.
  Time since last request: 0.000051 seconds.
  path: Packages/com.unity.probuilder/Content/Icons/Tools/ShapeTool/on/Sprite@2x.png
  artifactKey: Guid(96312eb063a7d9647a0b394151460712) Importer(815301076,1909f56bfc062723c751e8b465ee728b)
Start importing Packages/com.unity.probuilder/Content/Icons/Tools/ShapeTool/on/Sprite@2x.png using Guid(96312eb063a7d9647a0b394151460712) Importer(815301076,1909f56bfc062723c751e8b465ee728b)  -> (artifact id: '73bd1fff6c3358a3e361408859de2142') in 0.018730 seconds 
========================================================================
Received Import Request.
  Time since last request: 0.000024 seconds.
  path: Assets/Underwater/Scenes/Demo_001/New Terrain.asset
  artifactKey: Guid(a2c2d1e2f73d7ae49958b3dc8c86700e) Importer(815301076,1909f56bfc062723c751e8b465ee728b)
Start importing Assets/Underwater/Scenes/Demo_001/New Terrain.asset using Guid(a2c2d1e2f73d7ae49958b3dc8c86700e) Importer(815301076,1909f56bfc062723c751e8b465ee728b)  -> (artifact id: '3945ea5fe97cc743ab97a8a9ff6093b5') in 0.033612 seconds 
========================================================================
Received Import Request.
  Time since last request: 0.000033 seconds.
  path: Assets/Raygeas/Grasslands - Stylized Nature/Assets/Textures/Vegetation/Snag Stump_MetallicSmoothness.png
  artifactKey: Guid(1adf65a4f6b09c44b84c1de4e4351977) Importer(815301076,1909f56bfc062723c751e8b465ee728b)
Start importing Assets/Raygeas/Grasslands - Stylized Nature/Assets/Textures/Vegetation/Snag Stump_MetallicSmoothness.png using Guid(1adf65a4f6b09c44b84c1de4e4351977) Importer(815301076,1909f56bfc062723c751e8b465ee728b)  -> (artifact id: '96bacc1e1d4f9cec4686ea526ede177d') in 0.019640 seconds 
========================================================================
Received Import Request.
  Time since last request: 0.000033 seconds.
  path: Assets/Cave Scatter Pack/Textures/Crystals/T_Crystal_Necro_E.tif
  artifactKey: Guid(0c1056c5a73e7d44e8ffe4b1b8ae9f9f) Importer(815301076,1909f56bfc062723c751e8b465ee728b)
Start importing Assets/Cave Scatter Pack/Textures/Crystals/T_Crystal_Necro_E.tif using Guid(0c1056c5a73e7d44e8ffe4b1b8ae9f9f) Importer(815301076,1909f56bfc062723c751e8b465ee728b)  -> (artifact id: '7a58fc9b28e33e6a8f62e79e0776a014') in 0.013987 seconds 
========================================================================
Received Import Request.
  Time since last request: 0.000025 seconds.
  path: Assets/Cave Scatter Pack/Textures/Crystals/T_Crystal_Void_BC.tif
  artifactKey: Guid(ead3bd39da3d1f749a8c0006e88dc71c) Importer(815301076,1909f56bfc062723c751e8b465ee728b)
Start importing Assets/Cave Scatter Pack/Textures/Crystals/T_Crystal_Void_BC.tif using Guid(ead3bd39da3d1f749a8c0006e88dc71c) Importer(815301076,1909f56bfc062723c751e8b465ee728b)  -> (artifact id: '77bd44eff0e70be270e08e2d7146a197') in 0.014720 seconds 
========================================================================
Received Import Request.
  Time since last request: 0.000030 seconds.
  path: Assets/Cave Scatter Pack/Textures/Crystals/T_Crystal_Blue_E.tif
  artifactKey: Guid(995170e80b8063745b2a4ddcc62dc593) Importer(815301076,1909f56bfc062723c751e8b465ee728b)
Start importing Assets/Cave Scatter Pack/Textures/Crystals/T_Crystal_Blue_E.tif using Guid(995170e80b8063745b2a4ddcc62dc593) Importer(815301076,1909f56bfc062723c751e8b465ee728b)  -> (artifact id: 'ed70cd2c088bfee33b6e94852f611ea8') in 0.014769 seconds 
========================================================================
Received Import Request.
  Time since last request: 0.000023 seconds.
  path: Assets/Raygeas/Grasslands - Stylized Nature/Assets/Textures/Rocks/Stones_7,8,9_MetallicSmoothness.png
  artifactKey: Guid(5e2cd65ae61086046b3a8508dfb60f61) Importer(815301076,1909f56bfc062723c751e8b465ee728b)
Start importing Assets/Raygeas/Grasslands - Stylized Nature/Assets/Textures/Rocks/Stones_7,8,9_MetallicSmoothness.png using Guid(5e2cd65ae61086046b3a8508dfb60f61) Importer(815301076,1909f56bfc062723c751e8b465ee728b)  -> (artifact id: '800751389f1cbf8b2662452bf30cd6ff') in 0.031231 seconds 
========================================================================
Received Import Request.
  Time since last request: 0.000029 seconds.
  path: Assets/HIGHLANDS - Stylized Environment/Textures/Forest/StonesRocks_Normal.png
  artifactKey: Guid(5788985df048a7344a7b3584587bca04) Importer(815301076,1909f56bfc062723c751e8b465ee728b)
Start importing Assets/HIGHLANDS - Stylized Environment/Textures/Forest/StonesRocks_Normal.png using Guid(5788985df048a7344a7b3584587bca04) Importer(815301076,1909f56bfc062723c751e8b465ee728b)  -> (artifact id: '83ddc1154cdb987175e4b07e2336a482') in 0.019228 seconds 
========================================================================
Received Import Request.
  Time since last request: 0.000029 seconds.
  path: Assets/Cave Scatter Pack/Textures/Mushrooms Large/T_Mushroom_01_N.png
  artifactKey: Guid(81bd80bd990591f4180afeb0bc423d8f) Importer(815301076,1909f56bfc062723c751e8b465ee728b)
Start importing Assets/Cave Scatter Pack/Textures/Mushrooms Large/T_Mushroom_01_N.png using Guid(81bd80bd990591f4180afeb0bc423d8f) Importer(815301076,1909f56bfc062723c751e8b465ee728b)  -> (artifact id: 'a5f993c7fe950bd8a7facbf95368792a') in 0.017931 seconds 
========================================================================
Received Import Request.
  Time since last request: 0.000029 seconds.
  path: Packages/com.unity.probuilder/Content/Icons/Tools/ShapeTool/Sprite@2x.png
  artifactKey: Guid(0827381bdac1bcb45ac1962eb838af6b) Importer(815301076,1909f56bfc062723c751e8b465ee728b)
Start importing Packages/com.unity.probuilder/Content/Icons/Tools/ShapeTool/Sprite@2x.png using Guid(0827381bdac1bcb45ac1962eb838af6b) Importer(815301076,1909f56bfc062723c751e8b465ee728b)  -> (artifact id: '524c9db8a521da061fe6f3dbd98979b4') in 0.014697 seconds 
========================================================================
Received Import Request.
  Time since last request: 0.000023 seconds.
  path: Assets/Cave Scatter Pack/Textures/Crystals/T_Crystal_Red_BC.tif
  artifactKey: Guid(c9a0de0a86ce3e745a84b9ddd123a201) Importer(815301076,1909f56bfc062723c751e8b465ee728b)
Start importing Assets/Cave Scatter Pack/Textures/Crystals/T_Crystal_Red_BC.tif using Guid(c9a0de0a86ce3e745a84b9ddd123a201) Importer(815301076,1909f56bfc062723c751e8b465ee728b)  -> (artifact id: 'db48cdc7b73eb833e2f8aca7bfc0123b') in 0.014259 seconds 
========================================================================
Received Import Request.
  Time since last request: 0.000022 seconds.
  path: Assets/HIGHLANDS - Stylized Environment/Demo/Demo/Demo_Terrain.asset
  artifactKey: Guid(c2cef055ac2e2da478f57547c98e509e) Importer(815301076,1909f56bfc062723c751e8b465ee728b)
Start importing Assets/HIGHLANDS - Stylized Environment/Demo/Demo/Demo_Terrain.asset using Guid(c2cef055ac2e2da478f57547c98e509e) Importer(815301076,1909f56bfc062723c751e8b465ee728b)  -> (artifact id: '8cc0638fab0921bab31173d50f88c2ee') in 0.025684 seconds 
========================================================================
Received Import Request.
  Time since last request: 0.000027 seconds.
  path: Assets/Cave Scatter Pack/Textures/Crystals/T_Crystal_Red_MTS.tif
  artifactKey: Guid(940ea82d988666d4aafee52fa2129b3e) Importer(815301076,1909f56bfc062723c751e8b465ee728b)
Start importing Assets/Cave Scatter Pack/Textures/Crystals/T_Crystal_Red_MTS.tif using Guid(940ea82d988666d4aafee52fa2129b3e) Importer(815301076,1909f56bfc062723c751e8b465ee728b)  -> (artifact id: '75ea31527a58acc1cee6df421668c895') in 0.016059 seconds 
========================================================================
Received Import Request.
  Time since last request: 0.000038 seconds.
  path: Assets/Cave Scatter Pack/Textures/Crystals/T_Crystal_Turquoise_E.tif
  artifactKey: Guid(acfc7ea2faf2b7044bbc6fb7f4b8b367) Importer(815301076,1909f56bfc062723c751e8b465ee728b)
Start importing Assets/Cave Scatter Pack/Textures/Crystals/T_Crystal_Turquoise_E.tif using Guid(acfc7ea2faf2b7044bbc6fb7f4b8b367) Importer(815301076,1909f56bfc062723c751e8b465ee728b)  -> (artifact id: 'b8e2c6da8486590b05afdf77ec371c84') in 0.015279 seconds 
========================================================================
Received Import Request.
  Time since last request: 0.000024 seconds.
  path: Packages/com.unity.inputsystem/InputSystem/Editor/Icons/Stick.png
  artifactKey: Guid(6234dae5cf6f04acb9a51e04d448e444) Importer(815301076,1909f56bfc062723c751e8b465ee728b)
Start importing Packages/com.unity.inputsystem/InputSystem/Editor/Icons/Stick.png using Guid(6234dae5cf6f04acb9a51e04d448e444) Importer(815301076,1909f56bfc062723c751e8b465ee728b)  -> (artifact id: '4ccadf02f8bd29898ca4942c216cc558') in 0.016686 seconds 
========================================================================
Received Import Request.
  Time since last request: 0.000022 seconds.
  path: Assets/Cave Scatter Pack/Textures/Crystals/T_Crystal_Fire_E.tif
  artifactKey: Guid(6ffdeec80a08a6a428da9d63ec07a94c) Importer(815301076,1909f56bfc062723c751e8b465ee728b)
Start importing Assets/Cave Scatter Pack/Textures/Crystals/T_Crystal_Fire_E.tif using Guid(6ffdeec80a08a6a428da9d63ec07a94c) Importer(815301076,1909f56bfc062723c751e8b465ee728b)  -> (artifact id: '2e354cedcdba15a763c496760ed934e5') in 0.014010 seconds 
========================================================================
Received Import Request.
  Time since last request: 0.000024 seconds.
  path: Assets/Raygeas/Grasslands - Stylized Nature/Assets/Textures/Rocks/Stones_7,8,9_Normal.png
  artifactKey: Guid(a627078f0187d9543b144ab9ae06e35f) Importer(815301076,1909f56bfc062723c751e8b465ee728b)
Start importing Assets/Raygeas/Grasslands - Stylized Nature/Assets/Textures/Rocks/Stones_7,8,9_Normal.png using Guid(a627078f0187d9543b144ab9ae06e35f) Importer(815301076,1909f56bfc062723c751e8b465ee728b)  -> (artifact id: '9f4aa23fbc89466bf5353ed638832243') in 0.018939 seconds 
========================================================================
Received Import Request.
  Time since last request: 0.000023 seconds.
  path: Assets/Cave Scatter Pack/Textures/Crystals/T_Crystal_Purple_MTS.tif
  artifactKey: Guid(4e8461501d43ee644ab2699cab0cc455) Importer(815301076,1909f56bfc062723c751e8b465ee728b)
Start importing Assets/Cave Scatter Pack/Textures/Crystals/T_Crystal_Purple_MTS.tif using Guid(4e8461501d43ee644ab2699cab0cc455) Importer(815301076,1909f56bfc062723c751e8b465ee728b)  -> (artifact id: '2f2df0bce65a0eeb3455a9998b1d5f06') in 0.013987 seconds 
========================================================================
Received Import Request.
  Time since last request: 0.000024 seconds.
  path: Assets/Cave Scatter Pack/Textures/Crystals/T_Crystals_AO.tif
  artifactKey: Guid(e73c2b59be852524e921f8385591b2b8) Importer(815301076,1909f56bfc062723c751e8b465ee728b)
Start importing Assets/Cave Scatter Pack/Textures/Crystals/T_Crystals_AO.tif using Guid(e73c2b59be852524e921f8385591b2b8) Importer(815301076,1909f56bfc062723c751e8b465ee728b)  -> (artifact id: '93c52e72faef0e8eb6fd93b1fd4a8025') in 0.014117 seconds 
========================================================================
Received Import Request.
  Time since last request: 0.000025 seconds.
  path: Assets/HIGHLANDS - Stylized Environment/Textures/Witches House/Stuff_Albedo.png
  artifactKey: Guid(ff25a36dbe240674e95cc18032c6f008) Importer(815301076,1909f56bfc062723c751e8b465ee728b)
Start importing Assets/HIGHLANDS - Stylized Environment/Textures/Witches House/Stuff_Albedo.png using Guid(ff25a36dbe240674e95cc18032c6f008) Importer(815301076,1909f56bfc062723c751e8b465ee728b)  -> (artifact id: '8f9ab83639e2a804602126ec920827da') in 0.016332 seconds 
========================================================================
Received Import Request.
  Time since last request: 0.000024 seconds.
  path: Assets/Raygeas/Grasslands - Stylized Nature/Assets/Textures/Vegetation/Snag Stump_Albedo.png
  artifactKey: Guid(bd11adfebe8482b418cb6e3d62085fed) Importer(815301076,1909f56bfc062723c751e8b465ee728b)
Start importing Assets/Raygeas/Grasslands - Stylized Nature/Assets/Textures/Vegetation/Snag Stump_Albedo.png using Guid(bd11adfebe8482b418cb6e3d62085fed) Importer(815301076,1909f56bfc062723c751e8b465ee728b)  -> (artifact id: '2e28891417970c03e969802fafc5ec9e') in 0.016311 seconds 
========================================================================
Received Import Request.
  Time since last request: 0.000021 seconds.
  path: Packages/com.unity.probuilder/Content/Icons/Tools/ShapeTool/Stairs_Light.png
  artifactKey: Guid(e4b05266707f99b40a50fd3e83973928) Importer(815301076,1909f56bfc062723c751e8b465ee728b)
Start importing Packages/com.unity.probuilder/Content/Icons/Tools/ShapeTool/Stairs_Light.png using Guid(e4b05266707f99b40a50fd3e83973928) Importer(815301076,1909f56bfc062723c751e8b465ee728b)  -> (artifact id: '56579603a42d5e8438465ea111322845') in 0.016403 seconds 
========================================================================
Received Import Request.
  Time since last request: 0.000027 seconds.
  path: Assets/Cave Scatter Pack/Textures/Mushrooms Large/T_Mushroom_01_E.png
  artifactKey: Guid(be110dd594d60104bb5bb9f3abe1b960) Importer(815301076,1909f56bfc062723c751e8b465ee728b)
Start importing Assets/Cave Scatter Pack/Textures/Mushrooms Large/T_Mushroom_01_E.png using Guid(be110dd594d60104bb5bb9f3abe1b960) Importer(815301076,1909f56bfc062723c751e8b465ee728b)  -> (artifact id: '380fa0d00eaaeb1987145ccffd6b9239') in 0.017127 seconds 
========================================================================
Received Import Request.
  Time since last request: 0.000026 seconds.
  path: Assets/Cave Scatter Pack/Textures/Crystals/T_Crystal_Fairy_MTS.tif
  artifactKey: Guid(b6f92edddc41f3344a1c5b0689e632eb) Importer(815301076,1909f56bfc062723c751e8b465ee728b)
Start importing Assets/Cave Scatter Pack/Textures/Crystals/T_Crystal_Fairy_MTS.tif using Guid(b6f92edddc41f3344a1c5b0689e632eb) Importer(815301076,1909f56bfc062723c751e8b465ee728b)  -> (artifact id: '64c748a9a570aab3fbeae774773e55cd') in 0.013732 seconds 
========================================================================
Received Import Request.
  Time since last request: 0.000041 seconds.
  path: Assets/Cave Scatter Pack/Textures/Crystals/T_Crystal_Green_Emission.tif
  artifactKey: Guid(0e6b5cd5cfce46841a4474ef497947ec) Importer(815301076,1909f56bfc062723c751e8b465ee728b)
Start importing Assets/Cave Scatter Pack/Textures/Crystals/T_Crystal_Green_Emission.tif using Guid(0e6b5cd5cfce46841a4474ef497947ec) Importer(815301076,1909f56bfc062723c751e8b465ee728b)  -> (artifact id: '6a4c32e1b069793246b4724e107fe76b') in 0.014644 seconds 
========================================================================
Received Import Request.
  Time since last request: 0.000029 seconds.
  path: Assets/Cave Scatter Pack/Scene Utilities/T_FloorChecker_BC.png
  artifactKey: Guid(f53823ce3fe0ef64880854a1347306aa) Importer(815301076,1909f56bfc062723c751e8b465ee728b)
Start importing Assets/Cave Scatter Pack/Scene Utilities/T_FloorChecker_BC.png using Guid(f53823ce3fe0ef64880854a1347306aa) Importer(815301076,1909f56bfc062723c751e8b465ee728b)  -> (artifact id: 'bae3cd9eaf7dbc80ec5184de7ce1b6eb') in 0.013452 seconds 
========================================================================
Received Import Request.
  Time since last request: 0.000026 seconds.
  path: Packages/com.unity.probuilder/Content/Icons/Tools/ShapeTool/Sphere@2x.png
  artifactKey: Guid(9d6b1e56a1b31ab4f9dc450952e94471) Importer(815301076,1909f56bfc062723c751e8b465ee728b)
Start importing Packages/com.unity.probuilder/Content/Icons/Tools/ShapeTool/Sphere@2x.png using Guid(9d6b1e56a1b31ab4f9dc450952e94471) Importer(815301076,1909f56bfc062723c751e8b465ee728b)  -> (artifact id: '19cf1db7cfac72fe0f481e68f676c5ed') in 0.014890 seconds 
========================================================================
Received Import Request.
  Time since last request: 0.000025 seconds.
  path: Assets/Raygeas/Grasslands - Stylized Nature/Assets/Textures/Rocks/Stone_5,6_MetallicSmoothness.png
  artifactKey: Guid(90a477da032bb944a9559ab5954d7278) Importer(815301076,1909f56bfc062723c751e8b465ee728b)
Start importing Assets/Raygeas/Grasslands - Stylized Nature/Assets/Textures/Rocks/Stone_5,6_MetallicSmoothness.png using Guid(90a477da032bb944a9559ab5954d7278) Importer(815301076,1909f56bfc062723c751e8b465ee728b)  -> (artifact id: 'faa90b7cda139250a5842e54defbf03e') in 0.019291 seconds 
========================================================================
Received Import Request.
  Time since last request: 0.000023 seconds.
  path: Assets/Cave Scatter Pack/Textures/Crystals/T_Crystal_Cloud_MTS.tif
  artifactKey: Guid(5e0467ff18c4e0c49bafa1daf4e28d41) Importer(815301076,1909f56bfc062723c751e8b465ee728b)
Start importing Assets/Cave Scatter Pack/Textures/Crystals/T_Crystal_Cloud_MTS.tif using Guid(5e0467ff18c4e0c49bafa1daf4e28d41) Importer(815301076,1909f56bfc062723c751e8b465ee728b)  -> (artifact id: '57482651d175f08ae1d67b34c2cb4c7c') in 0.013877 seconds 
========================================================================
Received Import Request.
  Time since last request: 0.000025 seconds.
  path: Packages/com.unity.probuilder/Content/Icons/Tools/ShapeTool/Sprite_Light.png
  artifactKey: Guid(ead9ac35e4645134cac919aabeffe4b8) Importer(815301076,1909f56bfc062723c751e8b465ee728b)
Start importing Packages/com.unity.probuilder/Content/Icons/Tools/ShapeTool/Sprite_Light.png using Guid(ead9ac35e4645134cac919aabeffe4b8) Importer(815301076,1909f56bfc062723c751e8b465ee728b)  -> (artifact id: 'feb92fb675c4ba82e67417a00f214cb5') in 0.016944 seconds 
========================================================================
Received Import Request.
  Time since last request: 0.000025 seconds.
  path: Packages/com.unity.probuilder/Content/Icons/Tools/ShapeTool/Sphere_Light.png
  artifactKey: Guid(6fee26175b0206b41aec451c63d48989) Importer(815301076,1909f56bfc062723c751e8b465ee728b)
Start importing Packages/com.unity.probuilder/Content/Icons/Tools/ShapeTool/Sphere_Light.png using Guid(6fee26175b0206b41aec451c63d48989) Importer(815301076,1909f56bfc062723c751e8b465ee728b)  -> (artifact id: 'c3daf7035f60af3237ecf374ea3f0974') in 0.016265 seconds 
========================================================================
Received Import Request.
  Time since last request: 0.000031 seconds.
  path: Assets/Raygeas/Grasslands - Stylized Nature/Demo/Grasslands Demo/TerrainData_5616a49f-96ec-4805-ad71-0499e2f72eb6.asset
  artifactKey: Guid(752c647222f834e45aa6c266c0f32f67) Importer(815301076,1909f56bfc062723c751e8b465ee728b)
Start importing Assets/Raygeas/Grasslands - Stylized Nature/Demo/Grasslands Demo/TerrainData_5616a49f-96ec-4805-ad71-0499e2f72eb6.asset using Guid(752c647222f834e45aa6c266c0f32f67) Importer(815301076,1909f56bfc062723c751e8b465ee728b)  -> (artifact id: '1b26d700ffb0b32878facbf3262b7ade') in 0.040404 seconds 
========================================================================
Received Import Request.
  Time since last request: 0.000029 seconds.
  path: Assets/Underwater/Scenes/Scene_Asset/Sky.hdr
  artifactKey: Guid(fed3a5f68938d9f49abb4678dcbcdf0a) Importer(815301076,1909f56bfc062723c751e8b465ee728b)
Start importing Assets/Underwater/Scenes/Scene_Asset/Sky.hdr using Guid(fed3a5f68938d9f49abb4678dcbcdf0a) Importer(815301076,1909f56bfc062723c751e8b465ee728b)  -> (artifact id: '7fd4d974e5885432f86b47c3e1cb1795') in 0.015993 seconds 
========================================================================
Received Import Request.
  Time since last request: 0.000026 seconds.
  path: Assets/Cave Scatter Pack/Textures/Mushrooms Large/T_Mushroom_01_MTS.png
  artifactKey: Guid(571c14677a6a1c64f805c8f8095cc640) Importer(815301076,1909f56bfc062723c751e8b465ee728b)
Start importing Assets/Cave Scatter Pack/Textures/Mushrooms Large/T_Mushroom_01_MTS.png using Guid(571c14677a6a1c64f805c8f8095cc640) Importer(815301076,1909f56bfc062723c751e8b465ee728b)  -> (artifact id: 'd949c95cb3fbbffdc800135468e18c7d') in 0.013990 seconds 
========================================================================
Received Import Request.
  Time since last request: 0.000032 seconds.
  path: Assets/Raygeas/Grasslands - Stylized Nature/Demo/Grasslands Demo/TerrainData_42f6b72e-2507-4b26-a626-d635332dae96.asset
  artifactKey: Guid(9adcc1861e5dea041a16d5bd0671ff07) Importer(815301076,1909f56bfc062723c751e8b465ee728b)
Start importing Assets/Raygeas/Grasslands - Stylized Nature/Demo/Grasslands Demo/TerrainData_42f6b72e-2507-4b26-a626-d635332dae96.asset using Guid(9adcc1861e5dea041a16d5bd0671ff07) Importer(815301076,1909f56bfc062723c751e8b465ee728b)  -> (artifact id: '44c58a11f21fc563194b0bdabc0820b5') in 0.061084 seconds 
========================================================================
Received Import Request.
  Time since last request: 0.000025 seconds.
  path: Assets/Cave Scatter Pack/Textures/Crystals/T_Crystal_Void_E.tif
  artifactKey: Guid(9766c33eac059af4ea1a2a429167dcdc) Importer(815301076,1909f56bfc062723c751e8b465ee728b)
Start importing Assets/Cave Scatter Pack/Textures/Crystals/T_Crystal_Void_E.tif using Guid(9766c33eac059af4ea1a2a429167dcdc) Importer(815301076,1909f56bfc062723c751e8b465ee728b)  -> (artifact id: '1ac315973c4ed6ffb05fc445a81cf135') in 0.015584 seconds 
========================================================================
Received Import Request.
  Time since last request: 0.000026 seconds.
  path: Packages/com.unity.probuilder/Content/Icons/Tools/ShapeTool/Stairs.png
  artifactKey: Guid(db8ede24485cce14ca6db9839d7eb3f8) Importer(815301076,1909f56bfc062723c751e8b465ee728b)
Start importing Packages/com.unity.probuilder/Content/Icons/Tools/ShapeTool/Stairs.png using Guid(db8ede24485cce14ca6db9839d7eb3f8) Importer(815301076,1909f56bfc062723c751e8b465ee728b)  -> (artifact id: 'a6b4a1d95f4689cbb9f6fc0e3ba0a25b') in 0.017332 seconds 
========================================================================
Received Import Request.
  Time since last request: 0.000022 seconds.
  path: Packages/com.unity.probuilder/Content/Icons/Tools/ShapeTool/Sphere.png
  artifactKey: Guid(354177b5c3a3c6240ada0b1db08cad55) Importer(815301076,1909f56bfc062723c751e8b465ee728b)
Start importing Packages/com.unity.probuilder/Content/Icons/Tools/ShapeTool/Sphere.png using Guid(354177b5c3a3c6240ada0b1db08cad55) Importer(815301076,1909f56bfc062723c751e8b465ee728b)  -> (artifact id: '68e6a8534920847d644b0156cadfb0b4') in 0.014035 seconds 
========================================================================
Received Import Request.
  Time since last request: 0.000025 seconds.
  path: Assets/Raygeas/Grasslands - Stylized Nature/Demo/Grasslands Demo/TerrainData_7ac8b55d-7891-474d-9fff-d100a39a15c4.asset
  artifactKey: Guid(446642ac53593104d81aa01449a8cbc2) Importer(815301076,1909f56bfc062723c751e8b465ee728b)
Start importing Assets/Raygeas/Grasslands - Stylized Nature/Demo/Grasslands Demo/TerrainData_7ac8b55d-7891-474d-9fff-d100a39a15c4.asset using Guid(446642ac53593104d81aa01449a8cbc2) Importer(815301076,1909f56bfc062723c751e8b465ee728b)  -> (artifact id: 'ca3146709350b494d3eb7ebae6ca1b58') in 0.068866 seconds 
========================================================================
Received Import Request.
  Time since last request: 0.000030 seconds.
  path: Assets/Cave Scatter Pack/Textures/Crystals/T_Crystal_Ice_BC.tif
  artifactKey: Guid(cfae04a8e1b03934dada15eb0988391a) Importer(815301076,1909f56bfc062723c751e8b465ee728b)
Start importing Assets/Cave Scatter Pack/Textures/Crystals/T_Crystal_Ice_BC.tif using Guid(cfae04a8e1b03934dada15eb0988391a) Importer(815301076,1909f56bfc062723c751e8b465ee728b)  -> (artifact id: 'f21601d521c4335f5c0a00d4af1028db') in 0.015204 seconds 
========================================================================
Received Import Request.
  Time since last request: 0.000032 seconds.
  path: Assets/Raygeas/Grasslands - Stylized Nature/Assets/Textures/Rocks/Stone_5,6_Albedo.png
  artifactKey: Guid(f77e3ec5a5406c14eb66150a42006c8c) Importer(815301076,1909f56bfc062723c751e8b465ee728b)
Start importing Assets/Raygeas/Grasslands - Stylized Nature/Assets/Textures/Rocks/Stone_5,6_Albedo.png using Guid(f77e3ec5a5406c14eb66150a42006c8c) Importer(815301076,1909f56bfc062723c751e8b465ee728b)  -> (artifact id: '10a532fff28b87fa9da3ddc7781c8a00') in 0.016537 seconds 
========================================================================
Received Import Request.
  Time since last request: 0.000030 seconds.
  path: Assets/Raygeas/Grasslands - Stylized Nature/Demo/Grasslands Demo/TerrainData_580421ec-5f54-4b70-9a2d-4b0d66bf362b.asset
  artifactKey: Guid(a5d6ff5fa7521ed4c9e4ff56f02783d8) Importer(815301076,1909f56bfc062723c751e8b465ee728b)
Start importing Assets/Raygeas/Grasslands - Stylized Nature/Demo/Grasslands Demo/TerrainData_580421ec-5f54-4b70-9a2d-4b0d66bf362b.asset using Guid(a5d6ff5fa7521ed4c9e4ff56f02783d8) Importer(815301076,1909f56bfc062723c751e8b465ee728b)  -> (artifact id: 'b0e2501c57af3151850e2a7ac253b865') in 0.043744 seconds 
========================================================================
Received Import Request.
  Time since last request: 0.000023 seconds.
  path: Assets/Cave Scatter Pack/Textures/Crystals/T_Crystal_Necro_BC.tif
  artifactKey: Guid(650f576cb601b2a45a0e5ada38ce2a08) Importer(815301076,1909f56bfc062723c751e8b465ee728b)
Start importing Assets/Cave Scatter Pack/Textures/Crystals/T_Crystal_Necro_BC.tif using Guid(650f576cb601b2a45a0e5ada38ce2a08) Importer(815301076,1909f56bfc062723c751e8b465ee728b)  -> (artifact id: '74a0a27863ccdcd217ab28165971bc65') in 0.015498 seconds 
========================================================================
Received Import Request.
  Time since last request: 0.000027 seconds.
  path: Packages/com.unity.probuilder/Content/Icons/Tools/ShapeTool/Sprite_Light@2x.png
  artifactKey: Guid(00e4f99de3d7dfa458b8121ffc287623) Importer(815301076,1909f56bfc062723c751e8b465ee728b)
Start importing Packages/com.unity.probuilder/Content/Icons/Tools/ShapeTool/Sprite_Light@2x.png using Guid(00e4f99de3d7dfa458b8121ffc287623) Importer(815301076,1909f56bfc062723c751e8b465ee728b)  -> (artifact id: '56e4770f05c308a5f9686c4835601dad') in 0.017340 seconds 
========================================================================
Received Import Request.
  Time since last request: 0.000024 seconds.
  path: Assets/Raygeas/Grasslands - Stylized Nature/Assets/Textures/Rocks/Stone_3,4_MetallicSmoothness.png
  artifactKey: Guid(42e3f598047c9f44c9087891feccf29b) Importer(815301076,1909f56bfc062723c751e8b465ee728b)
Start importing Assets/Raygeas/Grasslands - Stylized Nature/Assets/Textures/Rocks/Stone_3,4_MetallicSmoothness.png using Guid(42e3f598047c9f44c9087891feccf29b) Importer(815301076,1909f56bfc062723c751e8b465ee728b)  -> (artifact id: '8cbf204274e6aaa6896d4c8404be1c91') in 0.018242 seconds 
========================================================================
Received Import Request.
  Time since last request: 0.000027 seconds.
  path: Assets/Materials/Skybox/symmetrical_garden_02_4k.exr
  artifactKey: Guid(35691b0bfa631f645950ea22737caa32) Importer(815301076,1909f56bfc062723c751e8b465ee728b)
Start importing Assets/Materials/Skybox/symmetrical_garden_02_4k.exr using Guid(35691b0bfa631f645950ea22737caa32) Importer(815301076,1909f56bfc062723c751e8b465ee728b)  -> (artifact id: '3b716a517d283adfdb4d14748409233b') in 0.252303 seconds 
========================================================================
Received Import Request.
  Time since last request: 0.036610 seconds.
  path: Assets/Raygeas/Grasslands - Stylized Nature/Assets/Textures/Terrain/MudStones_Normal.png
  artifactKey: Guid(9d781b7d6d6355645a88b2765dddc3e1) Importer(815301076,1909f56bfc062723c751e8b465ee728b)
Start importing Assets/Raygeas/Grasslands - Stylized Nature/Assets/Textures/Terrain/MudStones_Normal.png using Guid(9d781b7d6d6355645a88b2765dddc3e1) Importer(815301076,1909f56bfc062723c751e8b465ee728b)  -> (artifact id: '02f52908f739a9795ff714181ce87289') in 0.020199 seconds 
========================================================================
Received Import Request.
  Time since last request: 0.000024 seconds.
  path: Assets/Raygeas/Grasslands - Stylized Nature/Assets/Textures/Terrain/MudStonesGrass_AlbedoSmoothness.png
  artifactKey: Guid(cb2a242eb97179b48bf17a984e726d03) Importer(815301076,1909f56bfc062723c751e8b465ee728b)
Start importing Assets/Raygeas/Grasslands - Stylized Nature/Assets/Textures/Terrain/MudStonesGrass_AlbedoSmoothness.png using Guid(cb2a242eb97179b48bf17a984e726d03) Importer(815301076,1909f56bfc062723c751e8b465ee728b)  -> (artifact id: 'ef41355e05f7bffb59881861ac551b25') in 0.017972 seconds 
========================================================================
Received Import Request.
  Time since last request: 0.000028 seconds.
  path: Assets/Cave Scatter Pack/Textures/Scatter/T_ScatterPack_GemsAndStones_AO.tif
  artifactKey: Guid(ace0fc09749fb5242923a391b69cc074) Importer(815301076,1909f56bfc062723c751e8b465ee728b)
Start importing Assets/Cave Scatter Pack/Textures/Scatter/T_ScatterPack_GemsAndStones_AO.tif using Guid(ace0fc09749fb5242923a391b69cc074) Importer(815301076,1909f56bfc062723c751e8b465ee728b)  -> (artifact id: '0a3e3aae66565fb07717a3b063eab456') in 0.013234 seconds 
========================================================================
Received Import Request.
  Time since last request: 0.000025 seconds.
  path: Assets/Cave Scatter Pack/Textures/Scatter/T_ScatterPack_GemsAndStones_BC.tif
  artifactKey: Guid(ff11813f14406704990c99f33e98c71a) Importer(815301076,1909f56bfc062723c751e8b465ee728b)
Start importing Assets/Cave Scatter Pack/Textures/Scatter/T_ScatterPack_GemsAndStones_BC.tif using Guid(ff11813f14406704990c99f33e98c71a) Importer(815301076,1909f56bfc062723c751e8b465ee728b)  -> (artifact id: 'b55967ed2c826a3c632fbb465c8bd785') in 0.013622 seconds 
========================================================================
Received Import Request.
  Time since last request: 0.000024 seconds.
  path: Assets/Cave Scatter Pack/Textures/Scatter/T_ScatterPack_GemsAndStones_MTS.tif
  artifactKey: Guid(ebce887b216a63143858e69c753031db) Importer(815301076,1909f56bfc062723c751e8b465ee728b)
Start importing Assets/Cave Scatter Pack/Textures/Scatter/T_ScatterPack_GemsAndStones_MTS.tif using Guid(ebce887b216a63143858e69c753031db) Importer(815301076,1909f56bfc062723c751e8b465ee728b)  -> (artifact id: '216409d1e3cdbb1890c74af281a01b5f') in 0.013456 seconds 
Editor requested this worker to shutdown with reason: Scaling down because of idle timeout
AssetImportWorker is now disconnected from the server
Process exiting
Exiting without the bug reporter. Application will terminate with return code 0