Using pre-set license
Built from '2021.3/staging' branch; Version is '2021.3.23f1 (213b516bf396) revision 2177873'; Using compiler version '192829333'; Build Type 'Release'
OS: 'Windows 10  (10.0.19045) 64bit Education' Language: 'ko' Physical Memory: 32555 MB
BatchMode: 1, IsHumanControllingUs: 0, StartBugReporterOnCrash: 0, Is64bit: 1, IsPro: 1

COMMAND LINE ARGUMENTS:
C:\Program Files\Unity\Hub\Editor\2021.3.23f1\Editor\Unity.exe
-adb2
-batchMode
-noUpm
-name
AssetImportWorker6
-projectPath
C:/Users/Choi/Documents/GitHub/DK_GP/stylised-character-controller
-logFile
Logs/AssetImportWorker6.log
-srvPort
50662
Successfully changed project path to: C:/Users/Choi/Documents/GitHub/DK_GP/stylised-character-controller
C:/Users/Choi/Documents/GitHub/DK_GP/stylised-character-controller
[UnityMemory] Configuration Parameters - Can be set up in boot.config
    "memorysetup-bucket-allocator-granularity=16"
    "memorysetup-bucket-allocator-bucket-count=8"
    "memorysetup-bucket-allocator-block-size=33554432"
    "memorysetup-bucket-allocator-block-count=8"
    "memorysetup-main-allocator-block-size=16777216"
    "memorysetup-thread-allocator-block-size=16777216"
    "memorysetup-gfx-main-allocator-block-size=16777216"
    "memorysetup-gfx-thread-allocator-block-size=16777216"
    "memorysetup-cache-allocator-block-size=4194304"
    "memorysetup-typetree-allocator-block-size=2097152"
    "memorysetup-profiler-bucket-allocator-granularity=16"
    "memorysetup-profiler-bucket-allocator-bucket-count=8"
    "memorysetup-profiler-bucket-allocator-block-size=33554432"
    "memorysetup-profiler-bucket-allocator-block-count=8"
    "memorysetup-profiler-allocator-block-size=16777216"
    "memorysetup-profiler-editor-allocator-block-size=1048576"
    "memorysetup-temp-allocator-size-main=16777216"
    "memorysetup-job-temp-allocator-block-size=2097152"
    "memorysetup-job-temp-allocator-block-size-background=1048576"
    "memorysetup-job-temp-allocator-reduction-small-platforms=262144"
    "memorysetup-temp-allocator-size-background-worker=32768"
    "memorysetup-temp-allocator-size-job-worker=262144"
    "memorysetup-temp-allocator-size-preload-manager=33554432"
    "memorysetup-temp-allocator-size-nav-mesh-worker=65536"
    "memorysetup-temp-allocator-size-audio-worker=65536"
    "memorysetup-temp-allocator-size-cloud-worker=32768"
    "memorysetup-temp-allocator-size-gi-baking-worker=262144"
    "memorysetup-temp-allocator-size-gfx=262144"
Player connection [41888] Host "[IP] 192.168.219.102 [Port] 0 [Flags] 2 [Guid] 1572448311 [EditorId] 1572448311 [Version] 1048832 [Id] WindowsEditor(7,DESKTOP-VL9NS21) [Debug] 1 [PackageName] WindowsEditor [ProjectName] Editor" joined multi-casting on [225.0.0.222:54997]...

Player connection [41888] Host "[IP] 192.168.219.102 [Port] 0 [Flags] 2 [Guid] 1572448311 [EditorId] 1572448311 [Version] 1048832 [Id] WindowsEditor(7,DESKTOP-VL9NS21) [Debug] 1 [PackageName] WindowsEditor [ProjectName] Editor" joined alternative multi-casting on [225.0.0.222:34997]...

Refreshing native plugins compatible for Editor in 135.02 ms, found 0 plugins.
Preloading 0 native plugins for Editor in 0.00 ms.
Initialize engine version: 2021.3.23f1 (213b516bf396)
[Subsystems] Discovering subsystems at path C:/Program Files/Unity/Hub/Editor/2021.3.23f1/Editor/Data/Resources/UnitySubsystems
[Subsystems] Discovering subsystems at path C:/Users/Choi/Documents/GitHub/DK_GP/stylised-character-controller/Assets
GfxDevice: creating device client; threaded=0; jobified=0
Direct3D:
    Version:  Direct3D 11.0 [level 11.1]
    Renderer: NVIDIA GeForce RTX 3080 (ID=0x2216)
    Vendor:   NVIDIA
    VRAM:     10053 MB
    Driver:   31.0.15.5244
Initialize mono
Mono path[0] = 'C:/Program Files/Unity/Hub/Editor/2021.3.23f1/Editor/Data/Managed'
Mono path[1] = 'C:/Program Files/Unity/Hub/Editor/2021.3.23f1/Editor/Data/MonoBleedingEdge/lib/mono/unityjit-win32'
Mono config path = 'C:/Program Files/Unity/Hub/Editor/2021.3.23f1/Editor/Data/MonoBleedingEdge/etc'
Using monoOptions --debugger-agent=transport=dt_socket,embedding=1,server=y,suspend=n,address=127.0.0.1:56864
Begin MonoManager ReloadAssembly
Registering precompiled unity dll's ...
Register platform support module: C:/Program Files/Unity/Hub/Editor/2021.3.23f1/Editor/Data/PlaybackEngines/WindowsStandaloneSupport/UnityEditor.WindowsStandalone.Extensions.dll
Registered in 0.094740 seconds.
Native extension for WindowsStandalone target not found
Refreshing native plugins compatible for Editor in 125.99 ms, found 0 plugins.
Preloading 0 native plugins for Editor in 0.00 ms.
Mono: successfully reloaded assembly
- Completed reload, in  4.470 seconds
Domain Reload Profiling:
	ReloadAssembly (4471ms)
		BeginReloadAssembly (3684ms)
			ExecutionOrderSort (0ms)
			DisableScriptedObjects (0ms)
			BackupInstance (0ms)
			ReleaseScriptingObjects (0ms)
			CreateAndSetChildDomain (1ms)
		EndReloadAssembly (566ms)
			LoadAssemblies (3679ms)
			RebuildTransferFunctionScriptingTraits (0ms)
			SetupTypeCache (121ms)
			ReleaseScriptCaches (0ms)
			RebuildScriptCaches (32ms)
			SetupLoadedEditorAssemblies (346ms)
				LogAssemblyErrors (0ms)
				InitializePlatformSupportModulesInManaged (12ms)
				SetLoadedEditorAssemblies (0ms)
				RefreshPlugins (126ms)
				BeforeProcessingInitializeOnLoad (1ms)
				ProcessInitializeOnLoadAttributes (143ms)
				ProcessInitializeOnLoadMethodAttributes (64ms)
				AfterProcessingInitializeOnLoad (0ms)
				EditorAssembliesLoaded (0ms)
			ExecutionOrderSort2 (0ms)
			AwakeInstancesAfterBackupRestoration (0ms)
Platform modules already initialized, skipping
Registering precompiled user dll's ...
Registered in 0.006910 seconds.
Begin MonoManager ReloadAssembly
Native extension for WindowsStandalone target not found
Refreshing native plugins compatible for Editor in 130.04 ms, found 0 plugins.
Preloading 0 native plugins for Editor in 0.00 ms.
Mono: successfully reloaded assembly
- Completed reload, in  1.751 seconds
Domain Reload Profiling:
	ReloadAssembly (1752ms)
		BeginReloadAssembly (147ms)
			ExecutionOrderSort (0ms)
			DisableScriptedObjects (6ms)
			BackupInstance (0ms)
			ReleaseScriptingObjects (0ms)
			CreateAndSetChildDomain (18ms)
		EndReloadAssembly (1463ms)
			LoadAssemblies (201ms)
			RebuildTransferFunctionScriptingTraits (0ms)
			SetupTypeCache (266ms)
			ReleaseScriptCaches (1ms)
			RebuildScriptCaches (98ms)
			SetupLoadedEditorAssemblies (878ms)
				LogAssemblyErrors (0ms)
				InitializePlatformSupportModulesInManaged (8ms)
				SetLoadedEditorAssemblies (0ms)
				RefreshPlugins (130ms)
				BeforeProcessingInitializeOnLoad (135ms)
				ProcessInitializeOnLoadAttributes (566ms)
				ProcessInitializeOnLoadMethodAttributes (32ms)
				AfterProcessingInitializeOnLoad (7ms)
				EditorAssembliesLoaded (0ms)
			ExecutionOrderSort2 (0ms)
			AwakeInstancesAfterBackupRestoration (4ms)
Platform modules already initialized, skipping
========================================================================
Worker process is ready to serve import requests
Launched and connected shader compiler UnityShaderCompiler.exe after 0.05 seconds
Refreshing native plugins compatible for Editor in 1.11 ms, found 0 plugins.
Preloading 0 native plugins for Editor in 0.00 ms.
Unloading 5230 Unused Serialized files (Serialized files now loaded: 0)
Unloading 308 unused Assets / (11.7 MB). Loaded Objects now: 5574.
Memory consumption went from 389.1 MB to 377.4 MB.
Total: 6.467800 ms (FindLiveObjects: 0.836400 ms CreateObjectMapping: 0.240900 ms MarkObjects: 3.099500 ms  DeleteObjects: 2.289600 ms)

AssetImportParameters requested are different than current active one (requested -> active):
  custom:video-decoder-ogg-theora: a1e56fd34408186e4bbccfd4996cb3dc -> 
  custom:container-muxer-webm: aa71ff27fc2769a1b78a27578f13a17b -> 
  custom:container-demuxer-webm: 4f35f7cbe854078d1ac9338744f61a02 -> 
  custom:video-encoder-webm-vp8: eb34c28f22e8b96e1ab97ce403110664 -> 
  custom:audio-encoder-webm-vorbis: bf7c407c2cedff20999df2af8eb42d56 -> 
  custom:framework-win-MediaFoundation: 216162199b28c13a410421893ffa2e32 -> 
  custom:SearchIndexIgnoredProperties: e643bd26f0fe6173181afceb89e7c659 -> 
  custom:container-demuxer-ogg: 62fdf1f143b41e24485cea50d1cbac27 -> 
  custom:video-decoder-webm-vp8: 9c59270c3fd7afecdb556c50c9e8de78 -> 
  custom:audio-decoder-ogg-vorbis: bf7c407c2cedff20999df2af8eb42d56 -> 
========================================================================
Received Import Request.
  Time since last request: 11851.423339 seconds.
  path: Packages/com.unity.inputsystem/InputSystem/Editor/AssetEditor/Resources/personal/actionTreeBackground.png
  artifactKey: Guid(ce5f11cd993284c4f9c54f854bdc8c9c) Importer(815301076,1909f56bfc062723c751e8b465ee728b)
Start importing Packages/com.unity.inputsystem/InputSystem/Editor/AssetEditor/Resources/personal/actionTreeBackground.png using Guid(ce5f11cd993284c4f9c54f854bdc8c9c) Importer(815301076,1909f56bfc062723c751e8b465ee728b)  -> (artifact id: 'f38c52d6f78a3357d556af4f19680c1c') in 0.151427 seconds 
========================================================================
Received Import Request.
  Time since last request: 0.000035 seconds.
  path: Packages/com.unity.textmeshpro/Editor Resources/Textures/btn_AlignCenter_Light.psd
  artifactKey: Guid(6ace62d30f494c948b71d5594afce11d) Importer(815301076,1909f56bfc062723c751e8b465ee728b)
Start importing Packages/com.unity.textmeshpro/Editor Resources/Textures/btn_AlignCenter_Light.psd using Guid(6ace62d30f494c948b71d5594afce11d) Importer(815301076,1909f56bfc062723c751e8b465ee728b)  -> (artifact id: 'b73399eac7ec69401a2b867b39556c9b') in 0.023874 seconds 
========================================================================
Received Import Request.
  Time since last request: 0.000033 seconds.
  path: Assets/Raygeas/Grasslands - Stylized Nature/Assets/Textures/Environment/Box Barrel_Normal.png
  artifactKey: Guid(760495583fc8fd64a96aa219187f6bcf) Importer(815301076,1909f56bfc062723c751e8b465ee728b)
Start importing Assets/Raygeas/Grasslands - Stylized Nature/Assets/Textures/Environment/Box Barrel_Normal.png using Guid(760495583fc8fd64a96aa219187f6bcf) Importer(815301076,1909f56bfc062723c751e8b465ee728b)  -> (artifact id: '7bdb21b3d7d6273e7607b1ff03d92aac') in 0.043161 seconds 
========================================================================
Received Import Request.
  Time since last request: 0.000020 seconds.
  path: Packages/com.unity.textmeshpro/Editor Resources/Textures/btn_AlignCenterGeo.psd
  artifactKey: Guid(c76700ea0062413d9f69409b4e9e151b) Importer(815301076,1909f56bfc062723c751e8b465ee728b)
Start importing Packages/com.unity.textmeshpro/Editor Resources/Textures/btn_AlignCenterGeo.psd using Guid(c76700ea0062413d9f69409b4e9e151b) Importer(815301076,1909f56bfc062723c751e8b465ee728b)  -> (artifact id: 'f6e9b3a4be68b169f8551102255d1c2f') in 0.018226 seconds 
========================================================================
Received Import Request.
  Time since last request: 0.000029 seconds.
  path: Packages/com.unity.textmeshpro/Editor Resources/Textures/btn_AlignCenterGeo_Light.psd
  artifactKey: Guid(35ff0937876540d3bd4b6a941df62a92) Importer(815301076,1909f56bfc062723c751e8b465ee728b)
Start importing Packages/com.unity.textmeshpro/Editor Resources/Textures/btn_AlignCenterGeo_Light.psd using Guid(35ff0937876540d3bd4b6a941df62a92) Importer(815301076,1909f56bfc062723c751e8b465ee728b)  -> (artifact id: '10d84985cca57541ce06a0fa74a13d15') in 0.018083 seconds 
========================================================================
Received Import Request.
  Time since last request: 0.000023 seconds.
  path: Assets/HIGHLANDS - Stylized Environment/Textures/Camp/Boiler_Bonfire_Albedo.png
  artifactKey: Guid(139ad8e5baea6694fae9e0a4e755affe) Importer(815301076,1909f56bfc062723c751e8b465ee728b)
Start importing Assets/HIGHLANDS - Stylized Environment/Textures/Camp/Boiler_Bonfire_Albedo.png using Guid(139ad8e5baea6694fae9e0a4e755affe) Importer(815301076,1909f56bfc062723c751e8b465ee728b)  -> (artifact id: '666216b18a0e954caf98ec926a601b2b') in 0.014756 seconds 
========================================================================
Received Import Request.
  Time since last request: 0.000022 seconds.
  path: Packages/com.unity.textmeshpro/Editor Resources/Textures/btn_AlignMiddle.psd
  artifactKey: Guid(41b96614b2e6494ba995ddcd252d11ae) Importer(815301076,1909f56bfc062723c751e8b465ee728b)
Start importing Packages/com.unity.textmeshpro/Editor Resources/Textures/btn_AlignMiddle.psd using Guid(41b96614b2e6494ba995ddcd252d11ae) Importer(815301076,1909f56bfc062723c751e8b465ee728b)  -> (artifact id: 'eb41ed2b7e5f2b3ba6315010b84d7d41') in 0.018574 seconds 
========================================================================
Received Import Request.
  Time since last request: 0.000025 seconds.
  path: Packages/com.unity.probuilder/Content/Icons/Tools/ShapeTool/Capsule@2x.png
  artifactKey: Guid(c0b6c8220ae0eb146805022faa478b5c) Importer(815301076,1909f56bfc062723c751e8b465ee728b)
Start importing Packages/com.unity.probuilder/Content/Icons/Tools/ShapeTool/Capsule@2x.png using Guid(c0b6c8220ae0eb146805022faa478b5c) Importer(815301076,1909f56bfc062723c751e8b465ee728b)  -> (artifact id: 'd3074c4a2e7a1206b998523a8b166a4b') in 0.016022 seconds 
========================================================================
Received Import Request.
  Time since last request: 0.000019 seconds.
  path: Assets/Raygeas/Grasslands - Stylized Nature/Assets/Textures/Environment/Book_MetallicSmoothness.png
  artifactKey: Guid(91e718c58a09ea647baa582d7b60e65b) Importer(815301076,1909f56bfc062723c751e8b465ee728b)
Start importing Assets/Raygeas/Grasslands - Stylized Nature/Assets/Textures/Environment/Book_MetallicSmoothness.png using Guid(91e718c58a09ea647baa582d7b60e65b) Importer(815301076,1909f56bfc062723c751e8b465ee728b)  -> (artifact id: '32293f4efc06309af3390981ea976895') in 0.013997 seconds 
========================================================================
Received Import Request.
  Time since last request: 0.000023 seconds.
  path: Assets/HIGHLANDS - Stylized Environment/Textures/Camp/Bag_AlbedoTransparency.png
  artifactKey: Guid(6e453e1945ab0414281ca9425b1445b1) Importer(815301076,1909f56bfc062723c751e8b465ee728b)
Start importing Assets/HIGHLANDS - Stylized Environment/Textures/Camp/Bag_AlbedoTransparency.png using Guid(6e453e1945ab0414281ca9425b1445b1) Importer(815301076,1909f56bfc062723c751e8b465ee728b)  -> (artifact id: '205eb3e4bb82e047201cd0cc73544e5e') in 0.022044 seconds 
========================================================================
Received Import Request.
  Time since last request: 0.000024 seconds.
  path: Assets/UI Toolkit/UnityThemes/UnityDefaultRuntimeTheme.tss
  artifactKey: Guid(c1dbeea9652c6384aaf40611f8a38420) Importer(815301076,1909f56bfc062723c751e8b465ee728b)
Start importing Assets/UI Toolkit/UnityThemes/UnityDefaultRuntimeTheme.tss using Guid(c1dbeea9652c6384aaf40611f8a38420) Importer(815301076,1909f56bfc062723c751e8b465ee728b)  -> (artifact id: '1938b13142ed497e8faea4e777bad5f4') in 0.384244 seconds 
========================================================================
Received Import Request.
  Time since last request: 0.000035 seconds.
  path: Packages/com.unity.inputsystem/InputSystem/Editor/Icons/Button@4x.png
  artifactKey: Guid(aa356632480554016ab8f4200032981b) Importer(815301076,1909f56bfc062723c751e8b465ee728b)
Start importing Packages/com.unity.inputsystem/InputSystem/Editor/Icons/Button@4x.png using Guid(aa356632480554016ab8f4200032981b) Importer(815301076,1909f56bfc062723c751e8b465ee728b)  -> (artifact id: '6a013fae3b624b6c82ad9d14b6ac0858') in 0.020067 seconds 
========================================================================
Received Import Request.
  Time since last request: 0.000025 seconds.
  path: Assets/HIGHLANDS - Stylized Environment/Textures/Camp/Box_MetallicSmoothness.png
  artifactKey: Guid(75b5f8e00b787f049b737bf12b65dbb2) Importer(815301076,1909f56bfc062723c751e8b465ee728b)
Start importing Assets/HIGHLANDS - Stylized Environment/Textures/Camp/Box_MetallicSmoothness.png using Guid(75b5f8e00b787f049b737bf12b65dbb2) Importer(815301076,1909f56bfc062723c751e8b465ee728b)  -> (artifact id: 'b8a91027cf85cf5b9f12031cf9730ea7') in 0.016095 seconds 
========================================================================
Received Import Request.
  Time since last request: 0.000024 seconds.
  path: Packages/com.unity.probuilder/Content/Icons/Toolbar/Bezier_Aligned.png
  artifactKey: Guid(bf4846dc2a1a844a29268dbc71f1c454) Importer(815301076,1909f56bfc062723c751e8b465ee728b)
Start importing Packages/com.unity.probuilder/Content/Icons/Toolbar/Bezier_Aligned.png using Guid(bf4846dc2a1a844a29268dbc71f1c454) Importer(815301076,1909f56bfc062723c751e8b465ee728b)  -> (artifact id: '7689d15cdcd3d31abc8656fadf0f3fe5') in 0.021741 seconds 
========================================================================
Received Import Request.
  Time since last request: 1.550223 seconds.
  path: Assets/Raygeas/Grasslands - Stylized Nature/Assets/Textures/Environment/Cart_MetallicSmoothness.png
  artifactKey: Guid(d0ce256b58c4f3842aae21f1479419da) Importer(815301076,1909f56bfc062723c751e8b465ee728b)
Start importing Assets/Raygeas/Grasslands - Stylized Nature/Assets/Textures/Environment/Cart_MetallicSmoothness.png using Guid(d0ce256b58c4f3842aae21f1479419da) Importer(815301076,1909f56bfc062723c751e8b465ee728b)  -> (artifact id: '1e6a8b8b266385c1b60b586d005d56c8') in 0.030803 seconds 
========================================================================
Received Import Request.
  Time since last request: 0.000030 seconds.
  path: Assets/Aquarius_Stylized_Caves/Textures/Cave_Details_A_Low_Cave_Details_1A1_AlbedoTransparency.png
  artifactKey: Guid(8c439c91bb13de848bd0d929f8afcb1e) Importer(815301076,1909f56bfc062723c751e8b465ee728b)
Start importing Assets/Aquarius_Stylized_Caves/Textures/Cave_Details_A_Low_Cave_Details_1A1_AlbedoTransparency.png using Guid(8c439c91bb13de848bd0d929f8afcb1e) Importer(815301076,1909f56bfc062723c751e8b465ee728b)  -> (artifact id: 'a68b1a22c016e8025045adbf8f0bcb70') in 0.026835 seconds 
========================================================================
Received Import Request.
  Time since last request: 0.000034 seconds.
  path: Assets/Raygeas/Grasslands - Stylized Nature/Assets/Textures/Environment/Cart_Normal.png
  artifactKey: Guid(1009d8e67a0b05d4a9102f05eb04e29a) Importer(815301076,1909f56bfc062723c751e8b465ee728b)
Start importing Assets/Raygeas/Grasslands - Stylized Nature/Assets/Textures/Environment/Cart_Normal.png using Guid(1009d8e67a0b05d4a9102f05eb04e29a) Importer(815301076,1909f56bfc062723c751e8b465ee728b)  -> (artifact id: '93ba6190b33de159448fd445188fc88c') in 0.019407 seconds 
========================================================================
Received Import Request.
  Time since last request: 0.000042 seconds.
  path: Assets/Raygeas/Grasslands - Stylized Nature/Assets/Textures/Rocks/Clif_2_AlbedoTransparency.png
  artifactKey: Guid(719eda54d37ae58499e208571e56e7dd) Importer(815301076,1909f56bfc062723c751e8b465ee728b)
Start importing Assets/Raygeas/Grasslands - Stylized Nature/Assets/Textures/Rocks/Clif_2_AlbedoTransparency.png using Guid(719eda54d37ae58499e208571e56e7dd) Importer(815301076,1909f56bfc062723c751e8b465ee728b)  -> (artifact id: '92051a6d8158e6e1e3e6c423decf5a2f') in 0.039072 seconds 
========================================================================
Received Import Request.
  Time since last request: 0.000029 seconds.
  path: Assets/Raygeas/Grasslands - Stylized Nature/Assets/Textures/Rocks/Clif_1_AlbedoTransparency.png
  artifactKey: Guid(cc2574b7c5c0c0943bd88f98afc57a40) Importer(815301076,1909f56bfc062723c751e8b465ee728b)
Start importing Assets/Raygeas/Grasslands - Stylized Nature/Assets/Textures/Rocks/Clif_1_AlbedoTransparency.png using Guid(cc2574b7c5c0c0943bd88f98afc57a40) Importer(815301076,1909f56bfc062723c751e8b465ee728b)  -> (artifact id: 'fc10d83889eca11963f99cfec4c320d8') in 0.034904 seconds 
========================================================================
Received Import Request.
  Time since last request: 0.000030 seconds.
  path: Packages/com.unity.inputsystem/InputSystem/Editor/Icons/ChevronDown@2x.png
  artifactKey: Guid(153c8e15f7f6c452ca50f6795813ed39) Importer(815301076,1909f56bfc062723c751e8b465ee728b)
Start importing Packages/com.unity.inputsystem/InputSystem/Editor/Icons/ChevronDown@2x.png using Guid(153c8e15f7f6c452ca50f6795813ed39) Importer(815301076,1909f56bfc062723c751e8b465ee728b)  -> (artifact id: '673f5ed42e0935900636a93d283df20c') in 0.015560 seconds 
========================================================================
Received Import Request.
  Time since last request: 0.000024 seconds.
  path: Packages/com.unity.cinemachine/Editor/EditorResources/Cinemachine_header.tif
  artifactKey: Guid(372fe04232d5ed94d8d71524616c1543) Importer(815301076,1909f56bfc062723c751e8b465ee728b)
Start importing Packages/com.unity.cinemachine/Editor/EditorResources/Cinemachine_header.tif using Guid(372fe04232d5ed94d8d71524616c1543) Importer(815301076,1909f56bfc062723c751e8b465ee728b)  -> (artifact id: 'e0fdac74b36be0c12f3af0924130d896') in 0.026772 seconds 
========================================================================
Received Import Request.
  Time since last request: 0.000025 seconds.
  path: Packages/com.unity.probuilder/Content/Icons/Toolbar/Background/Circle-22px_Hover.png
  artifactKey: Guid(72e91a236e4c6407ea89236b576032a5) Importer(815301076,1909f56bfc062723c751e8b465ee728b)
Start importing Packages/com.unity.probuilder/Content/Icons/Toolbar/Background/Circle-22px_Hover.png using Guid(72e91a236e4c6407ea89236b576032a5) Importer(815301076,1909f56bfc062723c751e8b465ee728b)  -> (artifact id: '272a3398e872db1970abd31cbbd6014f') in 0.019144 seconds 
========================================================================
Received Import Request.
  Time since last request: 0.000048 seconds.
  path: Assets/Raygeas/Grasslands - Stylized Nature/Assets/Textures/Environment/Column_1,2 Wall_Normal.png
  artifactKey: Guid(870d93bfd9557fb41a70dab131f6944b) Importer(815301076,1909f56bfc062723c751e8b465ee728b)
Start importing Assets/Raygeas/Grasslands - Stylized Nature/Assets/Textures/Environment/Column_1,2 Wall_Normal.png using Guid(870d93bfd9557fb41a70dab131f6944b) Importer(815301076,1909f56bfc062723c751e8b465ee728b)  -> (artifact id: '54fce55b193203d9c2c59a24f07c245d') in 0.020105 seconds 
========================================================================
Received Import Request.
  Time since last request: 0.000026 seconds.
  path: Assets/Raygeas/Grasslands - Stylized Nature/Assets/Textures/Environment/Chest_Normal.png
  artifactKey: Guid(a3c729c61dcb21f4aa59fc5c618bf570) Importer(815301076,1909f56bfc062723c751e8b465ee728b)
Start importing Assets/Raygeas/Grasslands - Stylized Nature/Assets/Textures/Environment/Chest_Normal.png using Guid(a3c729c61dcb21f4aa59fc5c618bf570) Importer(815301076,1909f56bfc062723c751e8b465ee728b)  -> (artifact id: '4897b4cd10468a3c28865a7e7bb5c19a') in 0.015807 seconds 
========================================================================
Received Import Request.
  Time since last request: 4.617790 seconds.
  path: Packages/com.unity.probuilder/Content/Icons/Toolbar/Face_Subdivide_disabled.png
  artifactKey: Guid(1969c94fa912348e9bd4d423c2618191) Importer(815301076,1909f56bfc062723c751e8b465ee728b)
Start importing Packages/com.unity.probuilder/Content/Icons/Toolbar/Face_Subdivide_disabled.png using Guid(1969c94fa912348e9bd4d423c2618191) Importer(815301076,1909f56bfc062723c751e8b465ee728b)  -> (artifact id: '88c6e7ab2c37ceba5a27ac5bb0669d23') in 0.021273 seconds 
========================================================================
Received Import Request.
  Time since last request: 0.000026 seconds.
  path: Packages/com.unity.searcher/Editor/Resources/FlatSkin/Font/Roboto-Thin.ttf
  artifactKey: Guid(19a9abb883540be48b75b951a927ae03) Importer(815301076,1909f56bfc062723c751e8b465ee728b)
Start importing Packages/com.unity.searcher/Editor/Resources/FlatSkin/Font/Roboto-Thin.ttf using Guid(19a9abb883540be48b75b951a927ae03) Importer(815301076,1909f56bfc062723c751e8b465ee728b)  -> (artifact id: 'c3b584e201ab075a732a245e5015f66d') in 0.035355 seconds 
========================================================================
Received Import Request.
  Time since last request: 0.000044 seconds.
  path: Assets/HIGHLANDS - Stylized Environment/Textures/Camp/Food_MetallicSmoothness.png
  artifactKey: Guid(26147bf650528214ab0c252b8f111fb1) Importer(815301076,1909f56bfc062723c751e8b465ee728b)
Start importing Assets/HIGHLANDS - Stylized Environment/Textures/Camp/Food_MetallicSmoothness.png using Guid(26147bf650528214ab0c252b8f111fb1) Importer(815301076,1909f56bfc062723c751e8b465ee728b)  -> (artifact id: 'a8401a10b27426bd1c7d57c3fa3c7190') in 0.021905 seconds 
========================================================================
Received Import Request.
  Time since last request: 0.000027 seconds.
  path: Assets/HIGHLANDS - Stylized Environment/Textures/Witches House/Fences_Normal.png
  artifactKey: Guid(e3be4abb8be0e234ba3d9daa89c1d9b2) Importer(815301076,1909f56bfc062723c751e8b465ee728b)
Start importing Assets/HIGHLANDS - Stylized Environment/Textures/Witches House/Fences_Normal.png using Guid(e3be4abb8be0e234ba3d9daa89c1d9b2) Importer(815301076,1909f56bfc062723c751e8b465ee728b)  -> (artifact id: 'e87c2f678c23f9b1e5704053d9394dab') in 0.018484 seconds 
========================================================================
Received Import Request.
  Time since last request: 0.000023 seconds.
  path: Assets/Character/Flower/Materials/flower_character_headacc_Emission.png
  artifactKey: Guid(38bb8cb22cee11645b696b1c5119227b) Importer(815301076,1909f56bfc062723c751e8b465ee728b)
Start importing Assets/Character/Flower/Materials/flower_character_headacc_Emission.png using Guid(38bb8cb22cee11645b696b1c5119227b) Importer(815301076,1909f56bfc062723c751e8b465ee728b)  -> (artifact id: '403043b4284a47352f387ff7d1373946') in 0.263254 seconds 
========================================================================
Received Import Request.
  Time since last request: 0.000026 seconds.
  path: Packages/com.unity.searcher/Editor/Resources/FlatSkin/Font/Roboto-BoldItalic.ttf
  artifactKey: Guid(dfb97a9307a577a41bcacba34b9a7e32) Importer(815301076,1909f56bfc062723c751e8b465ee728b)
Start importing Packages/com.unity.searcher/Editor/Resources/FlatSkin/Font/Roboto-BoldItalic.ttf using Guid(dfb97a9307a577a41bcacba34b9a7e32) Importer(815301076,1909f56bfc062723c751e8b465ee728b)  -> (artifact id: '956d799fbefbc93408e95f1d8f7b7488') in 0.024681 seconds 
========================================================================
Received Import Request.
  Time since last request: 0.000037 seconds.
  path: Packages/com.unity.searcher/Editor/Resources/FlatSkin/Font/Roboto-LightItalic.ttf
  artifactKey: Guid(5e63515167650a541b309ba3bfd4db3d) Importer(815301076,1909f56bfc062723c751e8b465ee728b)
Start importing Packages/com.unity.searcher/Editor/Resources/FlatSkin/Font/Roboto-LightItalic.ttf using Guid(5e63515167650a541b309ba3bfd4db3d) Importer(815301076,1909f56bfc062723c751e8b465ee728b)  -> (artifact id: '984ee7110cbb72304c94835e6647e180') in 0.022468 seconds 
========================================================================
Received Import Request.
  Time since last request: 0.000026 seconds.
  path: Assets/HIGHLANDS - Stylized Environment/Textures/Terrain/Grass_1_AlbedoSmoothness.png
  artifactKey: Guid(dfd4b1d9e2f80464eb14a14b76c4c504) Importer(815301076,1909f56bfc062723c751e8b465ee728b)
Start importing Assets/HIGHLANDS - Stylized Environment/Textures/Terrain/Grass_1_AlbedoSmoothness.png using Guid(dfd4b1d9e2f80464eb14a14b76c4c504) Importer(815301076,1909f56bfc062723c751e8b465ee728b)  -> (artifact id: 'd33cd230e023a762ee390feef91b9b01') in 0.021100 seconds 
========================================================================
Received Import Request.
  Time since last request: 0.000028 seconds.
  path: Assets/HIGHLANDS - Stylized Environment/Textures/Terrain/Grass_2_AlbedoSmoothness.png
  artifactKey: Guid(247dd3941cad880489b91508ae65fc44) Importer(815301076,1909f56bfc062723c751e8b465ee728b)
Start importing Assets/HIGHLANDS - Stylized Environment/Textures/Terrain/Grass_2_AlbedoSmoothness.png using Guid(247dd3941cad880489b91508ae65fc44) Importer(815301076,1909f56bfc062723c751e8b465ee728b)  -> (artifact id: 'c6ad80b0f179859c3a85140ecbfa6afc') in 0.019217 seconds 
========================================================================
Received Import Request.
  Time since last request: 0.000026 seconds.
  path: Packages/com.unity.searcher/Editor/Resources/FlatSkin/Font/Roboto-Black.ttf
  artifactKey: Guid(1062c701058745940ae5dca6219c64c8) Importer(815301076,1909f56bfc062723c751e8b465ee728b)
Start importing Packages/com.unity.searcher/Editor/Resources/FlatSkin/Font/Roboto-Black.ttf using Guid(1062c701058745940ae5dca6219c64c8) Importer(815301076,1909f56bfc062723c751e8b465ee728b)  -> (artifact id: 'f6fc396c8e188757a0c821409631d1c6') in 0.023510 seconds 
========================================================================
Received Import Request.
  Time since last request: 0.000024 seconds.
  path: Assets/Raygeas/Grasslands - Stylized Nature/Assets/Textures/Vegetation/Grass_1.png
  artifactKey: Guid(fe6080ba1c34e984fbe9e77af8851445) Importer(815301076,1909f56bfc062723c751e8b465ee728b)
Start importing Assets/Raygeas/Grasslands - Stylized Nature/Assets/Textures/Vegetation/Grass_1.png using Guid(fe6080ba1c34e984fbe9e77af8851445) Importer(815301076,1909f56bfc062723c751e8b465ee728b)  -> (artifact id: 'bc4cd424bb59607790d7ae6c8ee2d40c') in 0.013791 seconds 
========================================================================
Received Import Request.
  Time since last request: 0.000024 seconds.
  path: Assets/Raygeas/Grasslands - Stylized Nature/Assets/Textures/Vegetation/Flowers_1_Smoothness.png
  artifactKey: Guid(c3e953ec964ac3b4d921127c52f75aa4) Importer(815301076,1909f56bfc062723c751e8b465ee728b)
Start importing Assets/Raygeas/Grasslands - Stylized Nature/Assets/Textures/Vegetation/Flowers_1_Smoothness.png using Guid(c3e953ec964ac3b4d921127c52f75aa4) Importer(815301076,1909f56bfc062723c751e8b465ee728b)  -> (artifact id: 'db5ff624ff1e238ff8520bdb3c33a428') in 0.013846 seconds 
========================================================================
Received Import Request.
  Time since last request: 0.000025 seconds.
  path: Assets/Raygeas/Grasslands - Stylized Nature/Assets/Textures/Vegetation/Grass_3.png
  artifactKey: Guid(c7f0999078be9e344906552a2c11a941) Importer(815301076,1909f56bfc062723c751e8b465ee728b)
Start importing Assets/Raygeas/Grasslands - Stylized Nature/Assets/Textures/Vegetation/Grass_3.png using Guid(c7f0999078be9e344906552a2c11a941) Importer(815301076,1909f56bfc062723c751e8b465ee728b)  -> (artifact id: '3d4dabf8a94b0ede93419c8f5cf49bd6') in 0.014826 seconds 
========================================================================
Received Import Request.
  Time since last request: 0.000029 seconds.
  path: Assets/Character/Flower/Materials/flower_character_flatacc_MetallicSmoothness.png
  artifactKey: Guid(18fb1750479bd3342a7ec0e64a4400a3) Importer(815301076,1909f56bfc062723c751e8b465ee728b)
Start importing Assets/Character/Flower/Materials/flower_character_flatacc_MetallicSmoothness.png using Guid(18fb1750479bd3342a7ec0e64a4400a3) Importer(815301076,1909f56bfc062723c751e8b465ee728b)  -> (artifact id: 'fdda24a7970829a168c44a960a325647') in 0.183643 seconds 
========================================================================
Received Import Request.
  Time since last request: 0.000027 seconds.
  path: Assets/Character/Flower/Materials/flower_character_flatacc_Emission.png
  artifactKey: Guid(67f457e796ad5844c887b2d6efb79d44) Importer(815301076,1909f56bfc062723c751e8b465ee728b)
Start importing Assets/Character/Flower/Materials/flower_character_flatacc_Emission.png using Guid(67f457e796ad5844c887b2d6efb79d44) Importer(815301076,1909f56bfc062723c751e8b465ee728b)  -> (artifact id: '37f023bc6efc3cda9d098ec1e08f95b7') in 0.182811 seconds 
========================================================================
Received Import Request.
  Time since last request: 0.000043 seconds.
  path: Packages/com.unity.searcher/Editor/Resources/FlatSkin/Font/Roboto-BlackItalic.ttf
  artifactKey: Guid(f95147a9bab9fe649b8070170fa7ebd2) Importer(815301076,1909f56bfc062723c751e8b465ee728b)
Start importing Packages/com.unity.searcher/Editor/Resources/FlatSkin/Font/Roboto-BlackItalic.ttf using Guid(f95147a9bab9fe649b8070170fa7ebd2) Importer(815301076,1909f56bfc062723c751e8b465ee728b)  -> (artifact id: '747217a9b064b1d8cd2caea1d868647b') in 0.026787 seconds 
========================================================================
Received Import Request.
  Time since last request: 0.000028 seconds.
  path: Assets/Character/Flower/Materials/flower_character_body_AO.png
  artifactKey: Guid(de6ed24f7677a384f8f648903009a0af) Importer(815301076,1909f56bfc062723c751e8b465ee728b)
Start importing Assets/Character/Flower/Materials/flower_character_body_AO.png using Guid(de6ed24f7677a384f8f648903009a0af) Importer(815301076,1909f56bfc062723c751e8b465ee728b)  -> (artifact id: '0d18b49d82a093c10829a3968b3f243e') in 0.269562 seconds 
========================================================================
Received Import Request.
  Time since last request: 0.000030 seconds.
  path: Packages/com.unity.probuilder/Content/Icons/Toolbar/Face_Triangulate_disabled.png
  artifactKey: Guid(1415d1687434e48a19b4343226a4504c) Importer(815301076,1909f56bfc062723c751e8b465ee728b)
Start importing Packages/com.unity.probuilder/Content/Icons/Toolbar/Face_Triangulate_disabled.png using Guid(1415d1687434e48a19b4343226a4504c) Importer(815301076,1909f56bfc062723c751e8b465ee728b)  -> (artifact id: '96cc1794fdf8ae36de4ed2093e21b47e') in 0.016656 seconds 
========================================================================
Received Import Request.
  Time since last request: 0.000037 seconds.
  path: Assets/Character/Flower/Materials/flower_character_skirt_AlbedoTransparency.png
  artifactKey: Guid(732296118fd0b6947896cd82117025d8) Importer(815301076,1909f56bfc062723c751e8b465ee728b)
Start importing Assets/Character/Flower/Materials/flower_character_skirt_AlbedoTransparency.png using Guid(732296118fd0b6947896cd82117025d8) Importer(815301076,1909f56bfc062723c751e8b465ee728b)  -> (artifact id: '2a4d06c623b1aa6d650226103e84cbe9') in 0.253049 seconds 
========================================================================
Received Import Request.
  Time since last request: 0.000027 seconds.
  path: Assets/Raygeas/Grasslands - Stylized Nature/Assets/Textures/Environment/Floor_1 Ladder_MetallicSmoothness.png
  artifactKey: Guid(05e12e4d1df5be449a473a0d2d2935f3) Importer(815301076,1909f56bfc062723c751e8b465ee728b)
Start importing Assets/Raygeas/Grasslands - Stylized Nature/Assets/Textures/Environment/Floor_1 Ladder_MetallicSmoothness.png using Guid(05e12e4d1df5be449a473a0d2d2935f3) Importer(815301076,1909f56bfc062723c751e8b465ee728b)  -> (artifact id: '8075dba05e7dcaf5265dca50bdb412c4') in 0.017872 seconds 
========================================================================
Received Import Request.
  Time since last request: 0.000046 seconds.
  path: Packages/com.unity.inputsystem/InputSystem/Editor/Icons/Gamepad@2x.png
  artifactKey: Guid(4defb5292901c41f29313d9c9c87a7eb) Importer(815301076,1909f56bfc062723c751e8b465ee728b)
Start importing Packages/com.unity.inputsystem/InputSystem/Editor/Icons/Gamepad@2x.png using Guid(4defb5292901c41f29313d9c9c87a7eb) Importer(815301076,1909f56bfc062723c751e8b465ee728b)  -> (artifact id: '1ebf0d3aea3e6565f763dabd0abc1d9d') in 0.017730 seconds 
========================================================================
Received Import Request.
  Time since last request: 0.635920 seconds.
  path: Assets/Aquarius_Stylized_Caves/Textures/Crystals_A_LOW_Crystals_1A1_AlbedoTransparency.png
  artifactKey: Guid(23294756d2efb1a4a9b521b9501df7b7) Importer(815301076,1909f56bfc062723c751e8b465ee728b)
Start importing Assets/Aquarius_Stylized_Caves/Textures/Crystals_A_LOW_Crystals_1A1_AlbedoTransparency.png using Guid(23294756d2efb1a4a9b521b9501df7b7) Importer(815301076,1909f56bfc062723c751e8b465ee728b)  -> (artifact id: 'f418be9d641e271cf3f4d68fa44f17e8') in 0.020921 seconds 
========================================================================
Received Import Request.
  Time since last request: 0.000025 seconds.
  path: Assets/Aquarius_Stylized_Caves/Textures/Lava_1A2.png
  artifactKey: Guid(726511a3bab7f3842be10110a8406d39) Importer(815301076,1909f56bfc062723c751e8b465ee728b)
Start importing Assets/Aquarius_Stylized_Caves/Textures/Lava_1A2.png using Guid(726511a3bab7f3842be10110a8406d39) Importer(815301076,1909f56bfc062723c751e8b465ee728b)  -> (artifact id: '0e2b4e21c5328d0556cd63792b127727') in 0.017137 seconds 
========================================================================
Received Import Request.
  Time since last request: 0.000047 seconds.
  path: Assets/Aquarius_Stylized_Caves/Textures/Lava_1A1 AO.png
  artifactKey: Guid(d63d722fa42316b4490ad6df9c8d67b6) Importer(815301076,1909f56bfc062723c751e8b465ee728b)
Start importing Assets/Aquarius_Stylized_Caves/Textures/Lava_1A1 AO.png using Guid(d63d722fa42316b4490ad6df9c8d67b6) Importer(815301076,1909f56bfc062723c751e8b465ee728b)  -> (artifact id: 'f403018fa8cc4e18cc6c36f408225417') in 0.015952 seconds 
========================================================================
Received Import Request.
  Time since last request: 0.000024 seconds.
  path: Assets/Aquarius_Stylized_Caves/Textures/Snowy_Top_1A1.png
  artifactKey: Guid(91324e422eb81fe4c93da18e480dd26f) Importer(815301076,1909f56bfc062723c751e8b465ee728b)
Start importing Assets/Aquarius_Stylized_Caves/Textures/Snowy_Top_1A1.png using Guid(91324e422eb81fe4c93da18e480dd26f) Importer(815301076,1909f56bfc062723c751e8b465ee728b)  -> (artifact id: '679975353dc6a6c971c088030b1f5909') in 0.015701 seconds 
========================================================================
Received Import Request.
  Time since last request: 0.000029 seconds.
  path: Assets/Aquarius_Stylized_Caves/Textures/Crystals_A_LOW_Crystals_1A1_Normal.png
  artifactKey: Guid(8beca0422cc0cde488df784b3f178b47) Importer(815301076,1909f56bfc062723c751e8b465ee728b)
Start importing Assets/Aquarius_Stylized_Caves/Textures/Crystals_A_LOW_Crystals_1A1_Normal.png using Guid(8beca0422cc0cde488df784b3f178b47) Importer(815301076,1909f56bfc062723c751e8b465ee728b)  -> (artifact id: '65d26d0658147d5b21bf43bdd87080b0') in 0.020383 seconds 
========================================================================
Received Import Request.
  Time since last request: 0.000033 seconds.
  path: Assets/Aquarius_Stylized_Caves/Textures/Stone_Low_A_Stone_Styled_1A1_Normal.png
  artifactKey: Guid(ada8063fa1c7691429ccb08672cfc842) Importer(815301076,1909f56bfc062723c751e8b465ee728b)
Start importing Assets/Aquarius_Stylized_Caves/Textures/Stone_Low_A_Stone_Styled_1A1_Normal.png using Guid(ada8063fa1c7691429ccb08672cfc842) Importer(815301076,1909f56bfc062723c751e8b465ee728b)  -> (artifact id: '88a24397fb151969e441bf5067781f9c') in 0.017491 seconds 
========================================================================
Received Import Request.
  Time since last request: 0.000025 seconds.
  path: Assets/Aquarius_Stylized_Caves/Textures/Stone_Plane_1A.prefab
  artifactKey: Guid(eed9d31cc4f7a2141b0fc2ad0494b7bd) Importer(815301076,1909f56bfc062723c751e8b465ee728b)
Start importing Assets/Aquarius_Stylized_Caves/Textures/Stone_Plane_1A.prefab using Guid(eed9d31cc4f7a2141b0fc2ad0494b7bd) Importer(815301076,1909f56bfc062723c751e8b465ee728b)  -> (artifact id: '2222e556aa46a246f14f94f9420bc5a2') in 0.048039 seconds 
Editor requested this worker to shutdown with reason: Scaling down because of idle timeout
AssetImportWorker is now disconnected from the server
Process exiting
Exiting without the bug reporter. Application will terminate with return code 0