Using pre-set license
Built from '2021.3/staging' branch; Version is '2021.3.23f1 (213b516bf396) revision 2177873'; Using compiler version '192829333'; Build Type 'Release'
OS: 'Windows 11  (10.0.22631) 64bit Core' Language: 'ko' Physical Memory: 16108 MB
BatchMode: 1, IsHumanControllingUs: 0, StartBugReporterOnCrash: 0, Is64bit: 1, IsPro: 1

COMMAND LINE ARGUMENTS:
C:\Program Files\Unity\Hub\Editor\2021.3.23f1\Editor\Unity.exe
-adb2
-batchMode
-noUpm
-name
AssetImportWorker5
-projectPath
C:/Github/Unity/DK_GP/stylised-character-controller
-logFile
Logs/AssetImportWorker5.log
-srvPort
29700
Successfully changed project path to: C:/Github/Unity/DK_GP/stylised-character-controller
C:/Github/Unity/DK_GP/stylised-character-controller
[UnityMemory] Configuration Parameters - Can be set up in boot.config
    "memorysetup-bucket-allocator-granularity=16"
    "memorysetup-bucket-allocator-bucket-count=8"
    "memorysetup-bucket-allocator-block-size=33554432"
    "memorysetup-bucket-allocator-block-count=8"
    "memorysetup-main-allocator-block-size=16777216"
    "memorysetup-thread-allocator-block-size=16777216"
    "memorysetup-gfx-main-allocator-block-size=16777216"
    "memorysetup-gfx-thread-allocator-block-size=16777216"
    "memorysetup-cache-allocator-block-size=4194304"
    "memorysetup-typetree-allocator-block-size=2097152"
    "memorysetup-profiler-bucket-allocator-granularity=16"
    "memorysetup-profiler-bucket-allocator-bucket-count=8"
    "memorysetup-profiler-bucket-allocator-block-size=33554432"
    "memorysetup-profiler-bucket-allocator-block-count=8"
    "memorysetup-profiler-allocator-block-size=16777216"
    "memorysetup-profiler-editor-allocator-block-size=1048576"
    "memorysetup-temp-allocator-size-main=16777216"
    "memorysetup-job-temp-allocator-block-size=2097152"
    "memorysetup-job-temp-allocator-block-size-background=1048576"
    "memorysetup-job-temp-allocator-reduction-small-platforms=262144"
    "memorysetup-temp-allocator-size-background-worker=32768"
    "memorysetup-temp-allocator-size-job-worker=262144"
    "memorysetup-temp-allocator-size-preload-manager=33554432"
    "memorysetup-temp-allocator-size-nav-mesh-worker=65536"
    "memorysetup-temp-allocator-size-audio-worker=65536"
    "memorysetup-temp-allocator-size-cloud-worker=32768"
    "memorysetup-temp-allocator-size-gi-baking-worker=262144"
    "memorysetup-temp-allocator-size-gfx=262144"
Player connection [20080] Host "[IP] 172.21.144.1 [Port] 0 [Flags] 2 [Guid] 97780169 [EditorId] 97780169 [Version] 1048832 [Id] WindowsEditor(7,Lorkhan) [Debug] 1 [PackageName] WindowsEditor [ProjectName] Editor" joined multi-casting on [225.0.0.222:54997]...

Player connection [20080] Host "[IP] 172.21.144.1 [Port] 0 [Flags] 2 [Guid] 97780169 [EditorId] 97780169 [Version] 1048832 [Id] WindowsEditor(7,Lorkhan) [Debug] 1 [PackageName] WindowsEditor [ProjectName] Editor" joined alternative multi-casting on [225.0.0.222:34997]...

Refreshing native plugins compatible for Editor in 57.76 ms, found 0 plugins.
Preloading 0 native plugins for Editor in 0.00 ms.
Initialize engine version: 2021.3.23f1 (213b516bf396)
[Subsystems] Discovering subsystems at path C:/Program Files/Unity/Hub/Editor/2021.3.23f1/Editor/Data/Resources/UnitySubsystems
[Subsystems] Discovering subsystems at path C:/Github/Unity/DK_GP/stylised-character-controller/Assets
GfxDevice: creating device client; threaded=0; jobified=0
Direct3D:
    Version:  Direct3D 11.0 [level 11.1]
    Renderer: NVIDIA GeForce RTX 4060 Laptop GPU (ID=0x28e0)
    Vendor:   NVIDIA
    VRAM:     7972 MB
    Driver:   31.0.15.4683
Initialize mono
Mono path[0] = 'C:/Program Files/Unity/Hub/Editor/2021.3.23f1/Editor/Data/Managed'
Mono path[1] = 'C:/Program Files/Unity/Hub/Editor/2021.3.23f1/Editor/Data/MonoBleedingEdge/lib/mono/unityjit-win32'
Mono config path = 'C:/Program Files/Unity/Hub/Editor/2021.3.23f1/Editor/Data/MonoBleedingEdge/etc'
Using monoOptions --debugger-agent=transport=dt_socket,embedding=1,server=y,suspend=n,address=127.0.0.1:56800
Begin MonoManager ReloadAssembly
Registering precompiled unity dll's ...
Register platform support module: C:/Program Files/Unity/Hub/Editor/2021.3.23f1/Editor/Data/PlaybackEngines/AndroidPlayer/UnityEditor.Android.Extensions.dll
Register platform support module: C:/Program Files/Unity/Hub/Editor/2021.3.23f1/Editor/Data/PlaybackEngines/iOSSupport/UnityEditor.iOS.Extensions.dll
Register platform support module: C:/Program Files/Unity/Hub/Editor/2021.3.23f1/Editor/Data/PlaybackEngines/WindowsStandaloneSupport/UnityEditor.WindowsStandalone.Extensions.dll
Registered in 0.004241 seconds.
Native extension for WindowsStandalone target not found
[usbmuxd] Start listen thread
[usbmuxd] Listen thread started
Native extension for iOS target not found
Native extension for Android target not found
Android Extension - Scanning For ADB Devices 186 ms
Refreshing native plugins compatible for Editor in 42.52 ms, found 0 plugins.
Preloading 0 native plugins for Editor in 0.00 ms.
Mono: successfully reloaded assembly
- Completed reload, in  0.643 seconds
Domain Reload Profiling:
	ReloadAssembly (643ms)
		BeginReloadAssembly (69ms)
			ExecutionOrderSort (0ms)
			DisableScriptedObjects (0ms)
			BackupInstance (0ms)
			ReleaseScriptingObjects (0ms)
			CreateAndSetChildDomain (1ms)
		EndReloadAssembly (494ms)
			LoadAssemblies (67ms)
			RebuildTransferFunctionScriptingTraits (0ms)
			SetupTypeCache (79ms)
			ReleaseScriptCaches (0ms)
			RebuildScriptCaches (18ms)
			SetupLoadedEditorAssemblies (364ms)
				LogAssemblyErrors (0ms)
				InitializePlatformSupportModulesInManaged (236ms)
				SetLoadedEditorAssemblies (0ms)
				RefreshPlugins (43ms)
				BeforeProcessingInitializeOnLoad (1ms)
				ProcessInitializeOnLoadAttributes (57ms)
				ProcessInitializeOnLoadMethodAttributes (28ms)
				AfterProcessingInitializeOnLoad (0ms)
				EditorAssembliesLoaded (0ms)
			ExecutionOrderSort2 (0ms)
			AwakeInstancesAfterBackupRestoration (0ms)
Platform modules already initialized, skipping
Registering precompiled user dll's ...
Registered in 0.001134 seconds.
Begin MonoManager ReloadAssembly
Native extension for WindowsStandalone target not found
Native extension for iOS target not found
Native extension for Android target not found
Refreshing native plugins compatible for Editor in 37.19 ms, found 0 plugins.
Preloading 0 native plugins for Editor in 0.00 ms.
Mono: successfully reloaded assembly
- Completed reload, in  1.260 seconds
Domain Reload Profiling:
	ReloadAssembly (1261ms)
		BeginReloadAssembly (97ms)
			ExecutionOrderSort (0ms)
			DisableScriptedObjects (5ms)
			BackupInstance (0ms)
			ReleaseScriptingObjects (0ms)
			CreateAndSetChildDomain (17ms)
		EndReloadAssembly (1076ms)
			LoadAssemblies (252ms)
			RebuildTransferFunctionScriptingTraits (0ms)
			SetupTypeCache (124ms)
			ReleaseScriptCaches (0ms)
			RebuildScriptCaches (37ms)
			SetupLoadedEditorAssemblies (645ms)
				LogAssemblyErrors (0ms)
				InitializePlatformSupportModulesInManaged (17ms)
				SetLoadedEditorAssemblies (0ms)
				RefreshPlugins (37ms)
				BeforeProcessingInitializeOnLoad (50ms)
				ProcessInitializeOnLoadAttributes (469ms)
				ProcessInitializeOnLoadMethodAttributes (68ms)
				AfterProcessingInitializeOnLoad (3ms)
				EditorAssembliesLoaded (0ms)
			ExecutionOrderSort2 (0ms)
			AwakeInstancesAfterBackupRestoration (4ms)
Platform modules already initialized, skipping
========================================================================
Worker process is ready to serve import requests
Launched and connected shader compiler UnityShaderCompiler.exe after 0.04 seconds
Refreshing native plugins compatible for Editor in 0.44 ms, found 0 plugins.
Preloading 0 native plugins for Editor in 0.00 ms.
Unloading 3421 Unused Serialized files (Serialized files now loaded: 0)
Unloading 158 unused Assets / (0.7 MB). Loaded Objects now: 3898.
Memory consumption went from 270.9 MB to 270.2 MB.
Total: 3.051200 ms (FindLiveObjects: 0.186200 ms CreateObjectMapping: 0.058400 ms MarkObjects: 2.331500 ms  DeleteObjects: 0.474000 ms)

AssetImportParameters requested are different than current active one (requested -> active):
  custom:video-decoder-ogg-theora: a1e56fd34408186e4bbccfd4996cb3dc -> 
  custom:container-muxer-webm: aa71ff27fc2769a1b78a27578f13a17b -> 
  custom:container-demuxer-webm: 4f35f7cbe854078d1ac9338744f61a02 -> 
  custom:video-encoder-webm-vp8: eb34c28f22e8b96e1ab97ce403110664 -> 
  custom:video-codec-MediaFoundation-h265: 746d11721c4dcdbdad8f713fa42b33f4 -> 
  custom:audio-encoder-webm-vorbis: bf7c407c2cedff20999df2af8eb42d56 -> 
  custom:framework-win-MediaFoundation: 216162199b28c13a410421893ffa2e32 -> 
  custom:container-demuxer-ogg: 62fdf1f143b41e24485cea50d1cbac27 -> 
  custom:video-decoder-webm-vp8: 9c59270c3fd7afecdb556c50c9e8de78 -> 
  custom:audio-decoder-ogg-vorbis: bf7c407c2cedff20999df2af8eb42d56 -> 
========================================================================
Received Import Request.
  Time since last request: 217551.753711 seconds.
  path: Assets/Raygeas/Grasslands - Stylized Nature/Assets/Prefabs/Rocks/Clif_2.prefab
  artifactKey: Guid(73362c9b46a5b1d47a67e05320cbf324) Importer(815301076,1909f56bfc062723c751e8b465ee728b)
Start importing Assets/Raygeas/Grasslands - Stylized Nature/Assets/Prefabs/Rocks/Clif_2.prefab using Guid(73362c9b46a5b1d47a67e05320cbf324) Importer(815301076,1909f56bfc062723c751e8b465ee728b)  -> (artifact id: 'c66ef732f725fd7b084fbb25142d928a') in 0.522112 seconds 
========================================================================
Received Import Request.
  Time since last request: 0.000044 seconds.
  path: Assets/Raygeas/Grasslands - Stylized Nature/Assets/Prefabs/Rocks/Stone_1.prefab
  artifactKey: Guid(5e3737c6a96069f48bd057a30d802872) Importer(815301076,1909f56bfc062723c751e8b465ee728b)
Start importing Assets/Raygeas/Grasslands - Stylized Nature/Assets/Prefabs/Rocks/Stone_1.prefab using Guid(5e3737c6a96069f48bd057a30d802872) Importer(815301076,1909f56bfc062723c751e8b465ee728b)  -> (artifact id: '9a1c93db0827afebf6f5dd7fb5277ee0') in 0.062139 seconds 
========================================================================
Received Import Request.
  Time since last request: 0.000040 seconds.
  path: Assets/Raygeas/Grasslands - Stylized Nature/Assets/Prefabs/Rocks/Stone_9.prefab
  artifactKey: Guid(b624eb0dda237994d8d9b91e71be14ea) Importer(815301076,1909f56bfc062723c751e8b465ee728b)
Start importing Assets/Raygeas/Grasslands - Stylized Nature/Assets/Prefabs/Rocks/Stone_9.prefab using Guid(b624eb0dda237994d8d9b91e71be14ea) Importer(815301076,1909f56bfc062723c751e8b465ee728b)  -> (artifact id: '4c162e77bcde73770fac52a20e1af9b2') in 0.036448 seconds 
========================================================================
Received Import Request.
  Time since last request: 0.000057 seconds.
  path: Assets/Raygeas/Grasslands - Stylized Nature/Assets/Prefabs/Rocks/Small_Stone_5.prefab
  artifactKey: Guid(8982455f301244d4ea9aedaa4ac734da) Importer(815301076,1909f56bfc062723c751e8b465ee728b)
Start importing Assets/Raygeas/Grasslands - Stylized Nature/Assets/Prefabs/Rocks/Small_Stone_5.prefab using Guid(8982455f301244d4ea9aedaa4ac734da) Importer(815301076,1909f56bfc062723c751e8b465ee728b)  -> (artifact id: 'bb0268fe0073ae932cb71111bcb92aed') in 0.027270 seconds 
========================================================================
Received Import Request.
  Time since last request: 0.000028 seconds.
  path: Assets/Raygeas/Grasslands - Stylized Nature/Assets/Prefabs/Rocks/Stone_6.prefab
  artifactKey: Guid(d0d1ecae419694f4aa4499bb3526e748) Importer(815301076,1909f56bfc062723c751e8b465ee728b)
Start importing Assets/Raygeas/Grasslands - Stylized Nature/Assets/Prefabs/Rocks/Stone_6.prefab using Guid(d0d1ecae419694f4aa4499bb3526e748) Importer(815301076,1909f56bfc062723c751e8b465ee728b)  -> (artifact id: 'dd85e3cc086a8910eb442db925adcd41') in 0.027506 seconds 
========================================================================
Received Import Request.
  Time since last request: 0.000026 seconds.
  path: Assets/Raygeas/Grasslands - Stylized Nature/Assets/Prefabs/Rocks/Small_Stone_3.prefab
  artifactKey: Guid(ff9772856e5dfa943ba00cdcee38cb74) Importer(815301076,1909f56bfc062723c751e8b465ee728b)
Start importing Assets/Raygeas/Grasslands - Stylized Nature/Assets/Prefabs/Rocks/Small_Stone_3.prefab using Guid(ff9772856e5dfa943ba00cdcee38cb74) Importer(815301076,1909f56bfc062723c751e8b465ee728b)  -> (artifact id: 'f6be2cb22a06e0992488d3cfd4614131') in 0.023503 seconds 
========================================================================
Received Import Request.
  Time since last request: 0.000027 seconds.
  path: Assets/Raygeas/Grasslands - Stylized Nature/Assets/Prefabs/Rocks/Small_Stone_8.prefab
  artifactKey: Guid(72699399f6de5954aa85fd6e6fe905fe) Importer(815301076,1909f56bfc062723c751e8b465ee728b)
Start importing Assets/Raygeas/Grasslands - Stylized Nature/Assets/Prefabs/Rocks/Small_Stone_8.prefab using Guid(72699399f6de5954aa85fd6e6fe905fe) Importer(815301076,1909f56bfc062723c751e8b465ee728b)  -> (artifact id: '05cb78ede1deeeca8bcedfbe510811b9') in 0.026050 seconds 
========================================================================
Received Import Request.
  Time since last request: 2.281408 seconds.
  path: Assets/Raygeas/Grasslands - Stylized Nature/Assets/Prefabs/Vegetation/Branch_2.prefab
  artifactKey: Guid(36942d8a124c4dc48ae72e53c8ffebbe) Importer(815301076,1909f56bfc062723c751e8b465ee728b)
Start importing Assets/Raygeas/Grasslands - Stylized Nature/Assets/Prefabs/Vegetation/Branch_2.prefab using Guid(36942d8a124c4dc48ae72e53c8ffebbe) Importer(815301076,1909f56bfc062723c751e8b465ee728b)  -> (artifact id: 'c430ee139e773fa08f85e00c6272d4d4') in 0.066373 seconds 
========================================================================
Received Import Request.
  Time since last request: 0.000019 seconds.
  path: Assets/Raygeas/Grasslands - Stylized Nature/Assets/Prefabs/Vegetation/Branch_5.prefab
  artifactKey: Guid(309acb76acea5b64f87ab304b3ae5b52) Importer(815301076,1909f56bfc062723c751e8b465ee728b)
Start importing Assets/Raygeas/Grasslands - Stylized Nature/Assets/Prefabs/Vegetation/Branch_5.prefab using Guid(309acb76acea5b64f87ab304b3ae5b52) Importer(815301076,1909f56bfc062723c751e8b465ee728b)  -> (artifact id: 'd60fd048dbf3159e64983aa89f5f5169') in 0.027925 seconds 
========================================================================
Received Import Request.
  Time since last request: 0.000048 seconds.
  path: Assets/Raygeas/Grasslands - Stylized Nature/Assets/Prefabs/Vegetation/Mushroom_4.prefab
  artifactKey: Guid(c859670921d5a2e47a88f9612118bcde) Importer(815301076,1909f56bfc062723c751e8b465ee728b)
Start importing Assets/Raygeas/Grasslands - Stylized Nature/Assets/Prefabs/Vegetation/Mushroom_4.prefab using Guid(c859670921d5a2e47a88f9612118bcde) Importer(815301076,1909f56bfc062723c751e8b465ee728b)  -> (artifact id: '1de6fa6e036ef41b02c6797aedbe9adc') in 0.096435 seconds 
========================================================================
Received Import Request.
  Time since last request: 0.000023 seconds.
  path: Assets/Raygeas/Grasslands - Stylized Nature/Assets/Prefabs/Vegetation/Snag.prefab
  artifactKey: Guid(2a02e53162c0c374c874dad4eb79e394) Importer(815301076,1909f56bfc062723c751e8b465ee728b)
Start importing Assets/Raygeas/Grasslands - Stylized Nature/Assets/Prefabs/Vegetation/Snag.prefab using Guid(2a02e53162c0c374c874dad4eb79e394) Importer(815301076,1909f56bfc062723c751e8b465ee728b)  -> (artifact id: '0efbc4e566fe8dfa2ea41fa0ae1d33d6') in 0.059757 seconds 
Editor requested this worker to shutdown with reason: Scaling down because of idle timeout
AssetImportWorker is now disconnected from the server
Process exiting
Exiting without the bug reporter. Application will terminate with return code 0