Using pre-set license
Built from '2021.3/staging' branch; Version is '2021.3.23f1 (213b516bf396) revision 2177873'; Using compiler version '192829333'; Build Type 'Release'
OS: 'Windows 11  (10.0.22631) 64bit Core' Language: 'ko' Physical Memory: 16108 MB
BatchMode: 1, IsHumanControllingUs: 0, StartBugReporterOnCrash: 0, Is64bit: 1, IsPro: 1

COMMAND LINE ARGUMENTS:
C:\Program Files\Unity\Hub\Editor\2021.3.23f1\Editor\Unity.exe
-adb2
-batchMode
-noUpm
-name
AssetImportWorker0
-projectPath
C:/Github/Unity/DK_GP/stylised-character-controller
-logFile
Logs/AssetImportWorker0.log
-srvPort
27598
Successfully changed project path to: C:/Github/Unity/DK_GP/stylised-character-controller
C:/Github/Unity/DK_GP/stylised-character-controller
[UnityMemory] Configuration Parameters - Can be set up in boot.config
    "memorysetup-bucket-allocator-granularity=16"
    "memorysetup-bucket-allocator-bucket-count=8"
    "memorysetup-bucket-allocator-block-size=33554432"
    "memorysetup-bucket-allocator-block-count=8"
    "memorysetup-main-allocator-block-size=16777216"
    "memorysetup-thread-allocator-block-size=16777216"
    "memorysetup-gfx-main-allocator-block-size=16777216"
    "memorysetup-gfx-thread-allocator-block-size=16777216"
    "memorysetup-cache-allocator-block-size=4194304"
    "memorysetup-typetree-allocator-block-size=2097152"
    "memorysetup-profiler-bucket-allocator-granularity=16"
    "memorysetup-profiler-bucket-allocator-bucket-count=8"
    "memorysetup-profiler-bucket-allocator-block-size=33554432"
    "memorysetup-profiler-bucket-allocator-block-count=8"
    "memorysetup-profiler-allocator-block-size=16777216"
    "memorysetup-profiler-editor-allocator-block-size=1048576"
    "memorysetup-temp-allocator-size-main=16777216"
    "memorysetup-job-temp-allocator-block-size=2097152"
    "memorysetup-job-temp-allocator-block-size-background=1048576"
    "memorysetup-job-temp-allocator-reduction-small-platforms=262144"
    "memorysetup-temp-allocator-size-background-worker=32768"
    "memorysetup-temp-allocator-size-job-worker=262144"
    "memorysetup-temp-allocator-size-preload-manager=33554432"
    "memorysetup-temp-allocator-size-nav-mesh-worker=65536"
    "memorysetup-temp-allocator-size-audio-worker=65536"
    "memorysetup-temp-allocator-size-cloud-worker=32768"
    "memorysetup-temp-allocator-size-gi-baking-worker=262144"
    "memorysetup-temp-allocator-size-gfx=262144"
Player connection [33052] Host "[IP] 172.21.144.1 [Port] 0 [Flags] 2 [Guid] 996488572 [EditorId] 996488572 [Version] 1048832 [Id] WindowsEditor(7,Lorkhan) [Debug] 1 [PackageName] WindowsEditor [ProjectName] Editor" joined multi-casting on [225.0.0.222:54997]...

Player connection [33052] Host "[IP] 172.21.144.1 [Port] 0 [Flags] 2 [Guid] 996488572 [EditorId] 996488572 [Version] 1048832 [Id] WindowsEditor(7,Lorkhan) [Debug] 1 [PackageName] WindowsEditor [ProjectName] Editor" joined alternative multi-casting on [225.0.0.222:34997]...

Refreshing native plugins compatible for Editor in 38.03 ms, found 0 plugins.
Preloading 0 native plugins for Editor in 0.00 ms.
Initialize engine version: 2021.3.23f1 (213b516bf396)
[Subsystems] Discovering subsystems at path C:/Program Files/Unity/Hub/Editor/2021.3.23f1/Editor/Data/Resources/UnitySubsystems
[Subsystems] Discovering subsystems at path C:/Github/Unity/DK_GP/stylised-character-controller/Assets
GfxDevice: creating device client; threaded=0; jobified=0
Direct3D:
    Version:  Direct3D 11.0 [level 11.1]
    Renderer: NVIDIA GeForce RTX 4060 Laptop GPU (ID=0x28e0)
    Vendor:   NVIDIA
    VRAM:     7972 MB
    Driver:   31.0.15.4683
Initialize mono
Mono path[0] = 'C:/Program Files/Unity/Hub/Editor/2021.3.23f1/Editor/Data/Managed'
Mono path[1] = 'C:/Program Files/Unity/Hub/Editor/2021.3.23f1/Editor/Data/MonoBleedingEdge/lib/mono/unityjit-win32'
Mono config path = 'C:/Program Files/Unity/Hub/Editor/2021.3.23f1/Editor/Data/MonoBleedingEdge/etc'
Using monoOptions --debugger-agent=transport=dt_socket,embedding=1,server=y,suspend=n,address=127.0.0.1:56640
Begin MonoManager ReloadAssembly
Registering precompiled unity dll's ...
Register platform support module: C:/Program Files/Unity/Hub/Editor/2021.3.23f1/Editor/Data/PlaybackEngines/AndroidPlayer/UnityEditor.Android.Extensions.dll
Register platform support module: C:/Program Files/Unity/Hub/Editor/2021.3.23f1/Editor/Data/PlaybackEngines/iOSSupport/UnityEditor.iOS.Extensions.dll
Register platform support module: C:/Program Files/Unity/Hub/Editor/2021.3.23f1/Editor/Data/PlaybackEngines/WindowsStandaloneSupport/UnityEditor.WindowsStandalone.Extensions.dll
Registered in 0.005843 seconds.
Native extension for WindowsStandalone target not found
[usbmuxd] Start listen thread
[usbmuxd] Listen thread started
Native extension for iOS target not found
Native extension for Android target not found
Android Extension - Scanning For ADB Devices 214 ms
Refreshing native plugins compatible for Editor in 35.10 ms, found 0 plugins.
Preloading 0 native plugins for Editor in 0.00 ms.
Mono: successfully reloaded assembly
- Completed reload, in  0.691 seconds
Domain Reload Profiling:
	ReloadAssembly (691ms)
		BeginReloadAssembly (87ms)
			ExecutionOrderSort (0ms)
			DisableScriptedObjects (0ms)
			BackupInstance (0ms)
			ReleaseScriptingObjects (0ms)
			CreateAndSetChildDomain (1ms)
		EndReloadAssembly (536ms)
			LoadAssemblies (87ms)
			RebuildTransferFunctionScriptingTraits (0ms)
			SetupTypeCache (77ms)
			ReleaseScriptCaches (0ms)
			RebuildScriptCaches (23ms)
			SetupLoadedEditorAssemblies (401ms)
				LogAssemblyErrors (0ms)
				InitializePlatformSupportModulesInManaged (264ms)
				SetLoadedEditorAssemblies (0ms)
				RefreshPlugins (35ms)
				BeforeProcessingInitializeOnLoad (1ms)
				ProcessInitializeOnLoadAttributes (59ms)
				ProcessInitializeOnLoadMethodAttributes (41ms)
				AfterProcessingInitializeOnLoad (0ms)
				EditorAssembliesLoaded (0ms)
			ExecutionOrderSort2 (0ms)
			AwakeInstancesAfterBackupRestoration (0ms)
Platform modules already initialized, skipping
Registering precompiled user dll's ...
Registered in 0.003828 seconds.
Begin MonoManager ReloadAssembly
Native extension for WindowsStandalone target not found
Native extension for iOS target not found
Native extension for Android target not found
Refreshing native plugins compatible for Editor in 41.49 ms, found 0 plugins.
Preloading 0 native plugins for Editor in 0.00 ms.
Mono: successfully reloaded assembly
- Completed reload, in  1.155 seconds
Domain Reload Profiling:
	ReloadAssembly (1155ms)
		BeginReloadAssembly (94ms)
			ExecutionOrderSort (0ms)
			DisableScriptedObjects (4ms)
			BackupInstance (0ms)
			ReleaseScriptingObjects (0ms)
			CreateAndSetChildDomain (17ms)
		EndReloadAssembly (988ms)
			LoadAssemblies (61ms)
			RebuildTransferFunctionScriptingTraits (0ms)
			SetupTypeCache (143ms)
			ReleaseScriptCaches (1ms)
			RebuildScriptCaches (45ms)
			SetupLoadedEditorAssemblies (698ms)
				LogAssemblyErrors (0ms)
				InitializePlatformSupportModulesInManaged (18ms)
				SetLoadedEditorAssemblies (0ms)
				RefreshPlugins (42ms)
				BeforeProcessingInitializeOnLoad (75ms)
				ProcessInitializeOnLoadAttributes (484ms)
				ProcessInitializeOnLoadMethodAttributes (75ms)
				AfterProcessingInitializeOnLoad (4ms)
				EditorAssembliesLoaded (0ms)
			ExecutionOrderSort2 (0ms)
			AwakeInstancesAfterBackupRestoration (9ms)
Platform modules already initialized, skipping
========================================================================
Worker process is ready to serve import requests
Launched and connected shader compiler UnityShaderCompiler.exe after 0.06 seconds
Refreshing native plugins compatible for Editor in 0.62 ms, found 0 plugins.
Preloading 0 native plugins for Editor in 0.00 ms.
Unloading 3414 Unused Serialized files (Serialized files now loaded: 0)
Unloading 158 unused Assets / (0.7 MB). Loaded Objects now: 3881.
Memory consumption went from 193.4 MB to 192.7 MB.
Total: 3.801400 ms (FindLiveObjects: 0.236100 ms CreateObjectMapping: 0.105600 ms MarkObjects: 2.912800 ms  DeleteObjects: 0.545400 ms)

AssetImportParameters requested are different than current active one (requested -> active):
  custom:video-decoder-ogg-theora: a1e56fd34408186e4bbccfd4996cb3dc -> 
  custom:container-muxer-webm: aa71ff27fc2769a1b78a27578f13a17b -> 
  custom:container-demuxer-webm: 4f35f7cbe854078d1ac9338744f61a02 -> 
  custom:video-encoder-webm-vp8: eb34c28f22e8b96e1ab97ce403110664 -> 
  custom:video-codec-MediaFoundation-h265: 746d11721c4dcdbdad8f713fa42b33f4 -> 
  custom:audio-encoder-webm-vorbis: bf7c407c2cedff20999df2af8eb42d56 -> 
  custom:framework-win-MediaFoundation: 216162199b28c13a410421893ffa2e32 -> 
  custom:container-demuxer-ogg: 62fdf1f143b41e24485cea50d1cbac27 -> 
  custom:video-decoder-webm-vp8: 9c59270c3fd7afecdb556c50c9e8de78 -> 
  custom:audio-decoder-ogg-vorbis: bf7c407c2cedff20999df2af8eb42d56 -> 
========================================================================
Received Import Request.
  Time since last request: 129007.124234 seconds.
  path: Assets/Imported/PathCreator
  artifactKey: Guid(baeeab3b95aed8e43b73c4c89945257a) Importer(815301076,1909f56bfc062723c751e8b465ee728b)
Start importing Assets/Imported/PathCreator using Guid(baeeab3b95aed8e43b73c4c89945257a) Importer(815301076,1909f56bfc062723c751e8b465ee728b)  -> (artifact id: 'c39ffef7a2d6eb4be8726fadfb6763df') in 0.016968 seconds 
========================================================================
Received Import Request.
  Time since last request: 1.647748 seconds.
  path: Assets/Imported/Raygeas/Shared Assets/Shaders
  artifactKey: Guid(3cce7e7584b5792478c8727573613c90) Importer(815301076,1909f56bfc062723c751e8b465ee728b)
Start importing Assets/Imported/Raygeas/Shared Assets/Shaders using Guid(3cce7e7584b5792478c8727573613c90) Importer(815301076,1909f56bfc062723c751e8b465ee728b)  -> (artifact id: '45dfb51fcf2e87347cb9233c2bf1e23a') in 0.013560 seconds 
========================================================================
Received Import Request.
  Time since last request: 0.701237 seconds.
  path: Assets/Imported/Raygeas/Shared Assets/Shaders/Built-In
  artifactKey: Guid(b5367ba61c605bc48b5841495c99367b) Importer(815301076,1909f56bfc062723c751e8b465ee728b)
Start importing Assets/Imported/Raygeas/Shared Assets/Shaders/Built-In using Guid(b5367ba61c605bc48b5841495c99367b) Importer(815301076,1909f56bfc062723c751e8b465ee728b)  -> (artifact id: '203b56d2388f0a158aecf173246e6a95') in 0.012443 seconds 
========================================================================
Received Import Request.
  Time since last request: 2.350118 seconds.
  path: Assets/Imported/Raygeas/Shared Assets/Scripts
  artifactKey: Guid(5b380c8a55f376043a77c7a135bd1017) Importer(815301076,1909f56bfc062723c751e8b465ee728b)
Start importing Assets/Imported/Raygeas/Shared Assets/Scripts using Guid(5b380c8a55f376043a77c7a135bd1017) Importer(815301076,1909f56bfc062723c751e8b465ee728b)  -> (artifact id: '23dbbc0f0de61a9f12d8a03298aac616') in 0.009945 seconds 
========================================================================
Received Import Request.
  Time since last request: 1.840165 seconds.
  path: Assets/Imported/Raygeas/Grasslands - Stylized Nature
  artifactKey: Guid(b75bdfc104d5f8843ac8e9bc9864e041) Importer(815301076,1909f56bfc062723c751e8b465ee728b)
Start importing Assets/Imported/Raygeas/Grasslands - Stylized Nature using Guid(b75bdfc104d5f8843ac8e9bc9864e041) Importer(815301076,1909f56bfc062723c751e8b465ee728b)  -> (artifact id: '9efd4d2708b685b6235b83b4610efc19') in 0.011352 seconds 
========================================================================
Received Import Request.
  Time since last request: 25.095430 seconds.
  path: Assets/Imported/Raygeas/Grasslands - Stylized Nature/Demo/Grasslands Demo.unity
  artifactKey: Guid(2c9d71b156bef6846b6ba8d4b2f01fc2) Importer(815301076,1909f56bfc062723c751e8b465ee728b)
Start importing Assets/Imported/Raygeas/Grasslands - Stylized Nature/Demo/Grasslands Demo.unity using Guid(2c9d71b156bef6846b6ba8d4b2f01fc2) Importer(815301076,1909f56bfc062723c751e8b465ee728b)  -> (artifact id: '3f5f716dcb022de21fe9dab85f2f4053') in 0.009836 seconds 
========================================================================
Received Import Request.
  Time since last request: 24.886098 seconds.
  path: Assets/Imported/Raygeas/Grasslands - Stylized Nature/Assets/Textures/Other/Skybox.hdr
  artifactKey: Guid(abf20d309db383e48875a4aaf7d955f6) Importer(815301076,1909f56bfc062723c751e8b465ee728b)
Start importing Assets/Imported/Raygeas/Grasslands - Stylized Nature/Assets/Textures/Other/Skybox.hdr using Guid(abf20d309db383e48875a4aaf7d955f6) Importer(815301076,1909f56bfc062723c751e8b465ee728b)  -> (artifact id: '098c558406d22107f184279ecf47bb3c') in 0.142203 seconds 
========================================================================
Received Import Request.
  Time since last request: 19.996835 seconds.
  path: Assets/Imported/Raygeas/Grasslands - Stylized Nature/Assets/Materials/Other/Fake_Tree.mat
  artifactKey: Guid(142471cb6941b3147a22f5a24634b20c) Importer(815301076,1909f56bfc062723c751e8b465ee728b)
Start importing Assets/Imported/Raygeas/Grasslands - Stylized Nature/Assets/Materials/Other/Fake_Tree.mat using Guid(142471cb6941b3147a22f5a24634b20c) Importer(815301076,1909f56bfc062723c751e8b465ee728b)  -> (artifact id: '56883d4b662fd07f67d45cde67a69217') in 0.260596 seconds 
========================================================================
Received Import Request.
  Time since last request: 0.000025 seconds.
  path: Assets/Imported/Raygeas/Grasslands - Stylized Nature/Assets/Materials/Other/Mountain_2.mat
  artifactKey: Guid(1c109cdd005ee8a42832114a66719840) Importer(815301076,1909f56bfc062723c751e8b465ee728b)
Start importing Assets/Imported/Raygeas/Grasslands - Stylized Nature/Assets/Materials/Other/Mountain_2.mat using Guid(1c109cdd005ee8a42832114a66719840) Importer(815301076,1909f56bfc062723c751e8b465ee728b)  -> (artifact id: '24b829a0df650188f3faae8b38d2b0a2') in 0.071404 seconds 
========================================================================
Received Import Request.
  Time since last request: 0.000034 seconds.
  path: Assets/Imported/Raygeas/Grasslands - Stylized Nature/Assets/Materials/Other/Mountain_1.mat
  artifactKey: Guid(5e8431ed32b87e043b5f5274e5c8eae3) Importer(815301076,1909f56bfc062723c751e8b465ee728b)
Start importing Assets/Imported/Raygeas/Grasslands - Stylized Nature/Assets/Materials/Other/Mountain_1.mat using Guid(5e8431ed32b87e043b5f5274e5c8eae3) Importer(815301076,1909f56bfc062723c751e8b465ee728b)  -> (artifact id: '4236cc9a0a15be297df16af40a0e0e78') in 0.052803 seconds 
========================================================================
Received Import Request.
  Time since last request: 1.007106 seconds.
  path: Assets/Imported/Raygeas/Grasslands - Stylized Nature/Assets/Textures/Other/Fake_Tree_Albedo.png
  artifactKey: Guid(b679bfc5fe36c0849b751e49dce1dde7) Importer(815301076,1909f56bfc062723c751e8b465ee728b)
Start importing Assets/Imported/Raygeas/Grasslands - Stylized Nature/Assets/Textures/Other/Fake_Tree_Albedo.png using Guid(b679bfc5fe36c0849b751e49dce1dde7) Importer(815301076,1909f56bfc062723c751e8b465ee728b)  -> (artifact id: '3a90b5b8e2f7a8da5f06206460c9b0a7') in 0.050021 seconds 
