Using pre-set license
Built from '2021.3/staging' branch; Version is '2021.3.23f1 (213b516bf396) revision 2177873'; Using compiler version '192829333'; Build Type 'Release'
OS: 'Windows 10  (10.0.19045) 64bit Education' Language: 'ko' Physical Memory: 31887 MB
BatchMode: 1, IsHumanControllingUs: 0, StartBugReporterOnCrash: 0, Is64bit: 1, IsPro: 1

COMMAND LINE ARGUMENTS:
C:\Program Files\Unity\Hub\Editor\2021.3.23f1\Editor\Unity.exe
-adb2
-batchMode
-noUpm
-name
AssetImportWorker1
-projectPath
C:/GitHub/DK_GP/stylised-character-controller
-logFile
Logs/AssetImportWorker1.log
-srvPort
60145
Successfully changed project path to: C:/GitHub/DK_GP/stylised-character-controller
C:/GitHub/DK_GP/stylised-character-controller
[UnityMemory] Configuration Parameters - Can be set up in boot.config
    "memorysetup-bucket-allocator-granularity=16"
    "memorysetup-bucket-allocator-bucket-count=8"
    "memorysetup-bucket-allocator-block-size=33554432"
    "memorysetup-bucket-allocator-block-count=8"
    "memorysetup-main-allocator-block-size=16777216"
    "memorysetup-thread-allocator-block-size=16777216"
    "memorysetup-gfx-main-allocator-block-size=16777216"
    "memorysetup-gfx-thread-allocator-block-size=16777216"
    "memorysetup-cache-allocator-block-size=4194304"
    "memorysetup-typetree-allocator-block-size=2097152"
    "memorysetup-profiler-bucket-allocator-granularity=16"
    "memorysetup-profiler-bucket-allocator-bucket-count=8"
    "memorysetup-profiler-bucket-allocator-block-size=33554432"
    "memorysetup-profiler-bucket-allocator-block-count=8"
    "memorysetup-profiler-allocator-block-size=16777216"
    "memorysetup-profiler-editor-allocator-block-size=1048576"
    "memorysetup-temp-allocator-size-main=16777216"
    "memorysetup-job-temp-allocator-block-size=2097152"
    "memorysetup-job-temp-allocator-block-size-background=1048576"
    "memorysetup-job-temp-allocator-reduction-small-platforms=262144"
    "memorysetup-temp-allocator-size-background-worker=32768"
    "memorysetup-temp-allocator-size-job-worker=262144"
    "memorysetup-temp-allocator-size-preload-manager=33554432"
    "memorysetup-temp-allocator-size-nav-mesh-worker=65536"
    "memorysetup-temp-allocator-size-audio-worker=65536"
    "memorysetup-temp-allocator-size-cloud-worker=32768"
    "memorysetup-temp-allocator-size-gi-baking-worker=262144"
    "memorysetup-temp-allocator-size-gfx=262144"
Player connection [106764] Host "[IP] 192.168.0.15 [Port] 0 [Flags] 2 [Guid] 1429123878 [EditorId] 1429123878 [Version] 1048832 [Id] WindowsEditor(7,DESKTOP-R5BOSMI) [Debug] 1 [PackageName] WindowsEditor [ProjectName] Editor" joined multi-casting on [225.0.0.222:54997]...

Player connection [106764] Host "[IP] 192.168.0.15 [Port] 0 [Flags] 2 [Guid] 1429123878 [EditorId] 1429123878 [Version] 1048832 [Id] WindowsEditor(7,DESKTOP-R5BOSMI) [Debug] 1 [PackageName] WindowsEditor [ProjectName] Editor" joined alternative multi-casting on [225.0.0.222:34997]...

Refreshing native plugins compatible for Editor in 47.14 ms, found 0 plugins.
Preloading 0 native plugins for Editor in 0.00 ms.
Initialize engine version: 2021.3.23f1 (213b516bf396)
[Subsystems] Discovering subsystems at path C:/Program Files/Unity/Hub/Editor/2021.3.23f1/Editor/Data/Resources/UnitySubsystems
[Subsystems] Discovering subsystems at path C:/GitHub/DK_GP/stylised-character-controller/Assets
GfxDevice: creating device client; threaded=0; jobified=0
Direct3D:
    Version:  Direct3D 11.0 [level 11.1]
    Renderer: NVIDIA GeForce RTX 4090 (ID=0x2684)
    Vendor:   NVIDIA
    VRAM:     24142 MB
    Driver:   32.0.15.6109
Initialize mono
Mono path[0] = 'C:/Program Files/Unity/Hub/Editor/2021.3.23f1/Editor/Data/Managed'
Mono path[1] = 'C:/Program Files/Unity/Hub/Editor/2021.3.23f1/Editor/Data/MonoBleedingEdge/lib/mono/unityjit-win32'
Mono config path = 'C:/Program Files/Unity/Hub/Editor/2021.3.23f1/Editor/Data/MonoBleedingEdge/etc'
Using monoOptions --debugger-agent=transport=dt_socket,embedding=1,server=y,suspend=n,address=127.0.0.1:56688
Begin MonoManager ReloadAssembly
Registering precompiled unity dll's ...
Register platform support module: C:/Program Files/Unity/Hub/Editor/2021.3.23f1/Editor/Data/PlaybackEngines/AndroidPlayer/UnityEditor.Android.Extensions.dll
Register platform support module: C:/Program Files/Unity/Hub/Editor/2021.3.23f1/Editor/Data/PlaybackEngines/iOSSupport/UnityEditor.iOS.Extensions.dll
Register platform support module: C:/Program Files/Unity/Hub/Editor/2021.3.23f1/Editor/Data/PlaybackEngines/WindowsStandaloneSupport/UnityEditor.WindowsStandalone.Extensions.dll
Registered in 0.309575 seconds.
Native extension for WindowsStandalone target not found
[usbmuxd] Start listen thread
[usbmuxd] Listen thread started
[usbmuxd] Send listen message
Native extension for iOS target not found
Native extension for Android target not found
Android Extension - Scanning For ADB Devices 364 ms
Refreshing native plugins compatible for Editor in 48.39 ms, found 0 plugins.
Preloading 0 native plugins for Editor in 0.00 ms.
Mono: successfully reloaded assembly
- Completed reload, in  4.917 seconds
Domain Reload Profiling:
	ReloadAssembly (4917ms)
		BeginReloadAssembly (3245ms)
			ExecutionOrderSort (0ms)
			DisableScriptedObjects (0ms)
			BackupInstance (0ms)
			ReleaseScriptingObjects (0ms)
			CreateAndSetChildDomain (1ms)
		EndReloadAssembly (1296ms)
			LoadAssemblies (3246ms)
			RebuildTransferFunctionScriptingTraits (0ms)
			SetupTypeCache (587ms)
			ReleaseScriptCaches (0ms)
			RebuildScriptCaches (17ms)
			SetupLoadedEditorAssemblies (655ms)
				LogAssemblyErrors (0ms)
				InitializePlatformSupportModulesInManaged (504ms)
				SetLoadedEditorAssemblies (0ms)
				RefreshPlugins (48ms)
				BeforeProcessingInitializeOnLoad (1ms)
				ProcessInitializeOnLoadAttributes (61ms)
				ProcessInitializeOnLoadMethodAttributes (40ms)
				AfterProcessingInitializeOnLoad (0ms)
				EditorAssembliesLoaded (0ms)
			ExecutionOrderSort2 (0ms)
			AwakeInstancesAfterBackupRestoration (0ms)
Platform modules already initialized, skipping
Registering precompiled user dll's ...
Registered in 0.004685 seconds.
Begin MonoManager ReloadAssembly
Native extension for WindowsStandalone target not found
Native extension for iOS target not found
Native extension for Android target not found
Refreshing native plugins compatible for Editor in 61.53 ms, found 0 plugins.
Preloading 0 native plugins for Editor in 0.00 ms.
Mono: successfully reloaded assembly
- Completed reload, in  1.035 seconds
Domain Reload Profiling:
	ReloadAssembly (1036ms)
		BeginReloadAssembly (91ms)
			ExecutionOrderSort (0ms)
			DisableScriptedObjects (4ms)
			BackupInstance (0ms)
			ReleaseScriptingObjects (0ms)
			CreateAndSetChildDomain (15ms)
		EndReloadAssembly (872ms)
			LoadAssemblies (99ms)
			RebuildTransferFunctionScriptingTraits (0ms)
			SetupTypeCache (127ms)
			ReleaseScriptCaches (1ms)
			RebuildScriptCaches (40ms)
			SetupLoadedEditorAssemblies (582ms)
				LogAssemblyErrors (0ms)
				InitializePlatformSupportModulesInManaged (19ms)
				SetLoadedEditorAssemblies (0ms)
				RefreshPlugins (62ms)
				BeforeProcessingInitializeOnLoad (67ms)
				ProcessInitializeOnLoadAttributes (364ms)
				ProcessInitializeOnLoadMethodAttributes (62ms)
				AfterProcessingInitializeOnLoad (8ms)
				EditorAssembliesLoaded (0ms)
			ExecutionOrderSort2 (0ms)
			AwakeInstancesAfterBackupRestoration (11ms)
Platform modules already initialized, skipping
========================================================================
Worker process is ready to serve import requests
Launched and connected shader compiler UnityShaderCompiler.exe after 0.04 seconds
Refreshing native plugins compatible for Editor in 1.04 ms, found 0 plugins.
Preloading 0 native plugins for Editor in 0.00 ms.
Unloading 3739 Unused Serialized files (Serialized files now loaded: 0)
Unloading 175 unused Assets / (0.7 MB). Loaded Objects now: 4205.
Memory consumption went from 216.3 MB to 215.5 MB.
Total: 2.940300 ms (FindLiveObjects: 0.211900 ms CreateObjectMapping: 0.067100 ms MarkObjects: 2.250800 ms  DeleteObjects: 0.410100 ms)

AssetImportParameters requested are different than current active one (requested -> active):
  custom:video-decoder-ogg-theora: a1e56fd34408186e4bbccfd4996cb3dc -> 
  custom:container-muxer-webm: aa71ff27fc2769a1b78a27578f13a17b -> 
  custom:container-demuxer-webm: 4f35f7cbe854078d1ac9338744f61a02 -> 
  custom:video-encoder-webm-vp8: eb34c28f22e8b96e1ab97ce403110664 -> 
  custom:audio-encoder-webm-vorbis: bf7c407c2cedff20999df2af8eb42d56 -> 
  custom:framework-win-MediaFoundation: 216162199b28c13a410421893ffa2e32 -> 
  custom:container-demuxer-ogg: 62fdf1f143b41e24485cea50d1cbac27 -> 
  custom:video-decoder-webm-vp8: 9c59270c3fd7afecdb556c50c9e8de78 -> 
  custom:audio-decoder-ogg-vorbis: bf7c407c2cedff20999df2af8eb42d56 -> 
========================================================================
Received Import Request.
  Time since last request: 36236.736837 seconds.
  path: Assets/URP/UniversalRenderPipelineAsset.asset
  artifactKey: Guid(0190b0abe61f3254a9312f578ac0e7ed) Importer(815301076,1909f56bfc062723c751e8b465ee728b)
Start importing Assets/URP/UniversalRenderPipelineAsset.asset using Guid(0190b0abe61f3254a9312f578ac0e7ed) Importer(815301076,1909f56bfc062723c751e8b465ee728b)  -> (artifact id: '9b1bc29340bf7f32d8e3d1f06bd6466c') in 0.041785 seconds 
========================================================================
Received Import Request.
  Time since last request: 105.472167 seconds.
  path: Assets/Underwater/Scenes/Scene_Asset/New Terrain 00.asset
  artifactKey: Guid(b25963baca0d7444f8832735c9ca904b) Importer(815301076,1909f56bfc062723c751e8b465ee728b)
Start importing Assets/Underwater/Scenes/Scene_Asset/New Terrain 00.asset using Guid(b25963baca0d7444f8832735c9ca904b) Importer(815301076,1909f56bfc062723c751e8b465ee728b)  -> (artifact id: '002be612253db5d2dab308fd32a9c97e') in 0.038500 seconds 
========================================================================
Received Import Request.
  Time since last request: 0.000011 seconds.
  path: Assets/Underwater/Scenes/Scene_Asset/ReflectionProbe-0.exr
  artifactKey: Guid(b38984f6800fd6144a88da98e5fd6c7c) Importer(815301076,1909f56bfc062723c751e8b465ee728b)
Start importing Assets/Underwater/Scenes/Scene_Asset/ReflectionProbe-0.exr using Guid(b38984f6800fd6144a88da98e5fd6c7c) Importer(815301076,1909f56bfc062723c751e8b465ee728b)  -> (artifact id: '97a7d3816bdf2fad702b09c8d9ffa812') in 0.166140 seconds 
========================================================================
Received Import Request.
  Time since last request: 3.173578 seconds.
  path: Assets/Underwater/Scenes/Demo_001/New Terrain.asset
  artifactKey: Guid(a2c2d1e2f73d7ae49958b3dc8c86700e) Importer(815301076,1909f56bfc062723c751e8b465ee728b)
Start importing Assets/Underwater/Scenes/Demo_001/New Terrain.asset using Guid(a2c2d1e2f73d7ae49958b3dc8c86700e) Importer(815301076,1909f56bfc062723c751e8b465ee728b)  -> (artifact id: '58925f90f3c2fd36fe395642dc14c2c4') in 0.022599 seconds 
========================================================================
Received Import Request.
  Time since last request: 0.000018 seconds.
  path: Assets/Underwater/Scenes/Demo_001/terrain_002n.tga
  artifactKey: Guid(9451127a9a947a047be952fe6e754a3e) Importer(815301076,1909f56bfc062723c751e8b465ee728b)
Start importing Assets/Underwater/Scenes/Demo_001/terrain_002n.tga using Guid(9451127a9a947a047be952fe6e754a3e) Importer(815301076,1909f56bfc062723c751e8b465ee728b)  -> (artifact id: '24cf0f0d746d04809ea261958281c665') in 0.016034 seconds 
========================================================================
Received Import Request.
  Time since last request: 0.000013 seconds.
  path: Assets/Underwater/Scenes/Demo_001/terrain_001n.tga
  artifactKey: Guid(7555650efa1133146a6f74e97c510099) Importer(815301076,1909f56bfc062723c751e8b465ee728b)
Start importing Assets/Underwater/Scenes/Demo_001/terrain_001n.tga using Guid(7555650efa1133146a6f74e97c510099) Importer(815301076,1909f56bfc062723c751e8b465ee728b)  -> (artifact id: '31d0ce34d17f35d58e9f8319c2afd617') in 0.009945 seconds 
========================================================================
Received Import Request.
  Time since last request: 0.000012 seconds.
  path: Assets/Underwater/Scenes/Demo_001/terrain_002mask.tga
  artifactKey: Guid(5e7f0c2a6d32b8f4b83b6af3f6305906) Importer(815301076,1909f56bfc062723c751e8b465ee728b)
Start importing Assets/Underwater/Scenes/Demo_001/terrain_002mask.tga using Guid(5e7f0c2a6d32b8f4b83b6af3f6305906) Importer(815301076,1909f56bfc062723c751e8b465ee728b)  -> (artifact id: '0fd7d13c145add5056cd7411bc7c1ecf') in 0.008202 seconds 
========================================================================
Received Import Request.
  Time since last request: 0.000014 seconds.
  path: Assets/Underwater/Scenes/Demo_001/terrain_002Layer.terrainlayer
  artifactKey: Guid(b01c734f3ef3b3642ae609aeff7a8743) Importer(815301076,1909f56bfc062723c751e8b465ee728b)
Start importing Assets/Underwater/Scenes/Demo_001/terrain_002Layer.terrainlayer using Guid(b01c734f3ef3b3642ae609aeff7a8743) Importer(815301076,1909f56bfc062723c751e8b465ee728b)  -> (artifact id: 'f6197b6a2de827b842e0300c970c65e4') in 0.018490 seconds 
Editor requested this worker to shutdown with reason: Scaling down because of idle timeout
AssetImportWorker is now disconnected from the server
Process exiting
Exiting without the bug reporter. Application will terminate with return code 0