
=== Tue Sep 24 18:45:56 2024

Packages were changed.
Update Mode: updateDependencies

The following packages were updated:
  com.unity.cinemachine from version 2.6.11 to 2.8.9
  com.unity.ide.rider from version 2.0.7 to 3.0.18
  com.unity.ide.visualstudio from version 2.0.14 to 2.0.17
  com.unity.inputsystem from version 1.3.0 to 1.5.1
  com.unity.probuilder from version 4.5.2 to 5.0.3
  com.unity.render-pipelines.universal from version 10.8.1 to 12.1.11

=== Thu Oct  3 19:58:15 2024

Packages were changed.
Update Mode: updateDependencies

The following packages were added:
  com.unity.ai.navigation@1.1.5
The following packages were updated:
  com.unity.cinemachine from version 2.8.9 to 2.10.1
  com.unity.ide.rider from version 3.0.18 to 3.0.31
  com.unity.ide.visualstudio from version 2.0.17 to 2.0.22
  com.unity.inputsystem from version 1.5.1 to 1.11.0
  com.unity.postprocessing from version 3.2.2 to 3.4.0
  com.unity.probuilder from version 5.0.3 to 5.2.3
  com.unity.recorder from version 3.0.4 to 4.0.3
  com.unity.render-pipelines.high-definition from version 12.1.11 to 14.0.11
  com.unity.render-pipelines.universal from version 12.1.11 to 14.0.11
  com.unity.terrain-tools from version 4.0.5 to 5.0.5
